/home/zhaoxiao/anaconda3-cpu/bin/python
runing with 1 node
Train Epoch: 1 [0/60000 (0%)]	Loss: 2.376790
Train Epoch: 1 [640/60000 (1%)]	Loss: 2.332813
Train Epoch: 1 [1280/60000 (2%)]	Loss: 2.291239
Train Epoch: 1 [1920/60000 (3%)]	Loss: 2.253216
Train Epoch: 1 [2560/60000 (4%)]	Loss: 2.234785
Train Epoch: 1 [3200/60000 (5%)]	Loss: 2.259440
Train Epoch: 1 [3840/60000 (6%)]	Loss: 2.200771
Train Epoch: 1 [4480/60000 (7%)]	Loss: 2.117109
Train Epoch: 1 [5120/60000 (9%)]	Loss: 2.170748
Train Epoch: 1 [5760/60000 (10%)]	Loss: 2.010879
Train Epoch: 1 [6400/60000 (11%)]	Loss: 2.003868
Train Epoch: 1 [7040/60000 (12%)]	Loss: 1.714893
Train Epoch: 1 [7680/60000 (13%)]	Loss: 1.748160
Train Epoch: 1 [8320/60000 (14%)]	Loss: 1.665006
Train Epoch: 1 [8960/60000 (15%)]	Loss: 1.777984
Train Epoch: 1 [9600/60000 (16%)]	Loss: 1.583411
Train Epoch: 1 [10240/60000 (17%)]	Loss: 1.333133
Train Epoch: 1 [10880/60000 (18%)]	Loss: 1.288260
Train Epoch: 1 [11520/60000 (19%)]	Loss: 1.343544
Train Epoch: 1 [12160/60000 (20%)]	Loss: 1.150788
Train Epoch: 1 [12800/60000 (21%)]	Loss: 1.202965
Train Epoch: 1 [13440/60000 (22%)]	Loss: 1.015450
Train Epoch: 1 [14080/60000 (23%)]	Loss: 1.236205
Train Epoch: 1 [14720/60000 (25%)]	Loss: 1.186031
Train Epoch: 1 [15360/60000 (26%)]	Loss: 1.145717
Train Epoch: 1 [16000/60000 (27%)]	Loss: 0.932505
Train Epoch: 1 [16640/60000 (28%)]	Loss: 0.940996
Train Epoch: 1 [17280/60000 (29%)]	Loss: 0.903238
Train Epoch: 1 [17920/60000 (30%)]	Loss: 1.065002
Train Epoch: 1 [18560/60000 (31%)]	Loss: 0.978509
Train Epoch: 1 [19200/60000 (32%)]	Loss: 0.922311
Train Epoch: 1 [19840/60000 (33%)]	Loss: 0.809173
Train Epoch: 1 [20480/60000 (34%)]	Loss: 0.854009
Train Epoch: 1 [21120/60000 (35%)]	Loss: 1.125865
Train Epoch: 1 [21760/60000 (36%)]	Loss: 0.849667
Train Epoch: 1 [22400/60000 (37%)]	Loss: 0.708834
Train Epoch: 1 [23040/60000 (38%)]	Loss: 0.944272
Train Epoch: 1 [23680/60000 (39%)]	Loss: 0.873999
Train Epoch: 1 [24320/60000 (41%)]	Loss: 0.739729
Train Epoch: 1 [24960/60000 (42%)]	Loss: 0.811681
Train Epoch: 1 [25600/60000 (43%)]	Loss: 0.565826
Train Epoch: 1 [26240/60000 (44%)]	Loss: 0.845881
Train Epoch: 1 [26880/60000 (45%)]	Loss: 0.605615
Train Epoch: 1 [27520/60000 (46%)]	Loss: 0.383568
Train Epoch: 1 [28160/60000 (47%)]	Loss: 0.501523
Train Epoch: 1 [28800/60000 (48%)]	Loss: 0.503908
Train Epoch: 1 [29440/60000 (49%)]	Loss: 0.572048
Train Epoch: 1 [30080/60000 (50%)]	Loss: 0.708255
Train Epoch: 1 [30720/60000 (51%)]	Loss: 0.725203
Train Epoch: 1 [31360/60000 (52%)]	Loss: 0.685402
Train Epoch: 1 [32000/60000 (53%)]	Loss: 0.659181
Train Epoch: 1 [32640/60000 (54%)]	Loss: 0.831465
Train Epoch: 1 [33280/60000 (55%)]	Loss: 0.386918
Train Epoch: 1 [33920/60000 (57%)]	Loss: 0.448417
Train Epoch: 1 [34560/60000 (58%)]	Loss: 0.558426
Train Epoch: 1 [35200/60000 (59%)]	Loss: 0.619707
Train Epoch: 1 [35840/60000 (60%)]	Loss: 0.532818
Train Epoch: 1 [36480/60000 (61%)]	Loss: 0.629218
Train Epoch: 1 [37120/60000 (62%)]	Loss: 0.555586
Train Epoch: 1 [37760/60000 (63%)]	Loss: 0.810658
Train Epoch: 1 [38400/60000 (64%)]	Loss: 0.491168
Train Epoch: 1 [39040/60000 (65%)]	Loss: 0.609449
Train Epoch: 1 [39680/60000 (66%)]	Loss: 0.758254
Train Epoch: 1 [40320/60000 (67%)]	Loss: 0.827103
Train Epoch: 1 [40960/60000 (68%)]	Loss: 0.699614
Train Epoch: 1 [41600/60000 (69%)]	Loss: 0.666122
Train Epoch: 1 [42240/60000 (70%)]	Loss: 0.499353
Train Epoch: 1 [42880/60000 (71%)]	Loss: 0.552122
Train Epoch: 1 [43520/60000 (72%)]	Loss: 0.494803
Train Epoch: 1 [44160/60000 (74%)]	Loss: 0.500461
Train Epoch: 1 [44800/60000 (75%)]	Loss: 0.380026
Train Epoch: 1 [45440/60000 (76%)]	Loss: 0.561553
Train Epoch: 1 [46080/60000 (77%)]	Loss: 0.485241
Train Epoch: 1 [46720/60000 (78%)]	Loss: 0.397513
Train Epoch: 1 [47360/60000 (79%)]	Loss: 0.449576
Train Epoch: 1 [48000/60000 (80%)]	Loss: 0.514025
Train Epoch: 1 [48640/60000 (81%)]	Loss: 0.420022
Train Epoch: 1 [49280/60000 (82%)]	Loss: 0.517672
Train Epoch: 1 [49920/60000 (83%)]	Loss: 0.491661
Train Epoch: 1 [50560/60000 (84%)]	Loss: 0.468071
Train Epoch: 1 [51200/60000 (85%)]	Loss: 0.531180
Train Epoch: 1 [51840/60000 (86%)]	Loss: 0.562312
Train Epoch: 1 [52480/60000 (87%)]	Loss: 0.331459
Train Epoch: 1 [53120/60000 (88%)]	Loss: 0.441129
Train Epoch: 1 [53760/60000 (90%)]	Loss: 0.474519
Train Epoch: 1 [54400/60000 (91%)]	Loss: 0.398571
Train Epoch: 1 [55040/60000 (92%)]	Loss: 0.376041
Train Epoch: 1 [55680/60000 (93%)]	Loss: 0.662774
Train Epoch: 1 [56320/60000 (94%)]	Loss: 0.448371
Train Epoch: 1 [56960/60000 (95%)]	Loss: 0.327092
Train Epoch: 1 [57600/60000 (96%)]	Loss: 0.561178
Train Epoch: 1 [58240/60000 (97%)]	Loss: 0.332197
Train Epoch: 1 [58880/60000 (98%)]	Loss: 0.331911
Train Epoch: 1 [59520/60000 (99%)]	Loss: 0.547307

Test set: Average loss: 0.2061, Accuracy: 9415/10000 (94%)

Train Epoch: 2 [0/60000 (0%)]	Loss: 0.361794
Train Epoch: 2 [640/60000 (1%)]	Loss: 0.381255
Train Epoch: 2 [1280/60000 (2%)]	Loss: 0.337577
Train Epoch: 2 [1920/60000 (3%)]	Loss: 0.525294
Train Epoch: 2 [2560/60000 (4%)]	Loss: 0.544563
Train Epoch: 2 [3200/60000 (5%)]	Loss: 0.443687
Train Epoch: 2 [3840/60000 (6%)]	Loss: 0.465211
Train Epoch: 2 [4480/60000 (7%)]	Loss: 0.343774
Train Epoch: 2 [5120/60000 (9%)]	Loss: 0.461090
Train Epoch: 2 [5760/60000 (10%)]	Loss: 0.408998
Train Epoch: 2 [6400/60000 (11%)]	Loss: 0.579736
Train Epoch: 2 [7040/60000 (12%)]	Loss: 0.518940
Train Epoch: 2 [7680/60000 (13%)]	Loss: 0.269718
Train Epoch: 2 [8320/60000 (14%)]	Loss: 0.327516
Train Epoch: 2 [8960/60000 (15%)]	Loss: 0.378103
Train Epoch: 2 [9600/60000 (16%)]	Loss: 0.217242
Train Epoch: 2 [10240/60000 (17%)]	Loss: 0.564856
Train Epoch: 2 [10880/60000 (18%)]	Loss: 0.375860
Train Epoch: 2 [11520/60000 (19%)]	Loss: 0.363690
Train Epoch: 2 [12160/60000 (20%)]	Loss: 0.396964
Train Epoch: 2 [12800/60000 (21%)]	Loss: 0.313074
Train Epoch: 2 [13440/60000 (22%)]	Loss: 0.528954
Train Epoch: 2 [14080/60000 (23%)]	Loss: 0.561119
Train Epoch: 2 [14720/60000 (25%)]	Loss: 0.459878
Train Epoch: 2 [15360/60000 (26%)]	Loss: 0.309336
Train Epoch: 2 [16000/60000 (27%)]	Loss: 0.677698
Train Epoch: 2 [16640/60000 (28%)]	Loss: 0.380694
Train Epoch: 2 [17280/60000 (29%)]	Loss: 0.223899
Train Epoch: 2 [17920/60000 (30%)]	Loss: 0.499775
Train Epoch: 2 [18560/60000 (31%)]	Loss: 0.231288
Train Epoch: 2 [19200/60000 (32%)]	Loss: 0.421809
Train Epoch: 2 [19840/60000 (33%)]	Loss: 0.442463
Train Epoch: 2 [20480/60000 (34%)]	Loss: 0.594932
Train Epoch: 2 [21120/60000 (35%)]	Loss: 0.685512
Train Epoch: 2 [21760/60000 (36%)]	Loss: 0.341470
Train Epoch: 2 [22400/60000 (37%)]	Loss: 0.416306
Train Epoch: 2 [23040/60000 (38%)]	Loss: 0.367816
Train Epoch: 2 [23680/60000 (39%)]	Loss: 0.452513
Train Epoch: 2 [24320/60000 (41%)]	Loss: 0.319779
Train Epoch: 2 [24960/60000 (42%)]	Loss: 0.384042
Train Epoch: 2 [25600/60000 (43%)]	Loss: 0.420997
Train Epoch: 2 [26240/60000 (44%)]	Loss: 0.374573
Train Epoch: 2 [26880/60000 (45%)]	Loss: 0.435868
Train Epoch: 2 [27520/60000 (46%)]	Loss: 0.535040
Train Epoch: 2 [28160/60000 (47%)]	Loss: 0.358037
Train Epoch: 2 [28800/60000 (48%)]	Loss: 0.278972
Train Epoch: 2 [29440/60000 (49%)]	Loss: 0.298343
Train Epoch: 2 [30080/60000 (50%)]	Loss: 0.172425
Train Epoch: 2 [30720/60000 (51%)]	Loss: 0.431799
Train Epoch: 2 [31360/60000 (52%)]	Loss: 0.655318
Train Epoch: 2 [32000/60000 (53%)]	Loss: 0.358235
Train Epoch: 2 [32640/60000 (54%)]	Loss: 0.451659
Train Epoch: 2 [33280/60000 (55%)]	Loss: 0.532706
Train Epoch: 2 [33920/60000 (57%)]	Loss: 0.256604
Train Epoch: 2 [34560/60000 (58%)]	Loss: 0.370006
Train Epoch: 2 [35200/60000 (59%)]	Loss: 0.378476
Train Epoch: 2 [35840/60000 (60%)]	Loss: 0.394512
Train Epoch: 2 [36480/60000 (61%)]	Loss: 0.146703
Train Epoch: 2 [37120/60000 (62%)]	Loss: 0.299786
Train Epoch: 2 [37760/60000 (63%)]	Loss: 0.366018
Train Epoch: 2 [38400/60000 (64%)]	Loss: 0.301686
Train Epoch: 2 [39040/60000 (65%)]	Loss: 0.224667
Train Epoch: 2 [39680/60000 (66%)]	Loss: 0.624119
Train Epoch: 2 [40320/60000 (67%)]	Loss: 0.499760
Train Epoch: 2 [40960/60000 (68%)]	Loss: 0.412060
Train Epoch: 2 [41600/60000 (69%)]	Loss: 0.328956
Train Epoch: 2 [42240/60000 (70%)]	Loss: 0.187539
Train Epoch: 2 [42880/60000 (71%)]	Loss: 0.386070
Train Epoch: 2 [43520/60000 (72%)]	Loss: 0.291881
Train Epoch: 2 [44160/60000 (74%)]	Loss: 0.246114
Train Epoch: 2 [44800/60000 (75%)]	Loss: 0.258801
Train Epoch: 2 [45440/60000 (76%)]	Loss: 0.469817
Train Epoch: 2 [46080/60000 (77%)]	Loss: 0.668367
Train Epoch: 2 [46720/60000 (78%)]	Loss: 0.422983
Train Epoch: 2 [47360/60000 (79%)]	Loss: 0.406405
Train Epoch: 2 [48000/60000 (80%)]	Loss: 0.348348
Train Epoch: 2 [48640/60000 (81%)]	Loss: 0.246861
Train Epoch: 2 [49280/60000 (82%)]	Loss: 0.603321
Train Epoch: 2 [49920/60000 (83%)]	Loss: 0.331524
Train Epoch: 2 [50560/60000 (84%)]	Loss: 0.366614
Train Epoch: 2 [51200/60000 (85%)]	Loss: 0.368354
Train Epoch: 2 [51840/60000 (86%)]	Loss: 0.468417
Train Epoch: 2 [52480/60000 (87%)]	Loss: 0.631229
Train Epoch: 2 [53120/60000 (88%)]	Loss: 0.425394
Train Epoch: 2 [53760/60000 (90%)]	Loss: 0.281925
Train Epoch: 2 [54400/60000 (91%)]	Loss: 0.363261
Train Epoch: 2 [55040/60000 (92%)]	Loss: 0.195273
Train Epoch: 2 [55680/60000 (93%)]	Loss: 0.225924
Train Epoch: 2 [56320/60000 (94%)]	Loss: 0.296512
Train Epoch: 2 [56960/60000 (95%)]	Loss: 0.221134
Train Epoch: 2 [57600/60000 (96%)]	Loss: 0.282494
Train Epoch: 2 [58240/60000 (97%)]	Loss: 0.348101
Train Epoch: 2 [58880/60000 (98%)]	Loss: 0.230523
Train Epoch: 2 [59520/60000 (99%)]	Loss: 0.331065

Test set: Average loss: 0.1263, Accuracy: 9612/10000 (96%)

Train Epoch: 3 [0/60000 (0%)]	Loss: 0.383974
Train Epoch: 3 [640/60000 (1%)]	Loss: 0.299195
Train Epoch: 3 [1280/60000 (2%)]	Loss: 0.301891
Train Epoch: 3 [1920/60000 (3%)]	Loss: 0.220446
Train Epoch: 3 [2560/60000 (4%)]	Loss: 0.292823
Train Epoch: 3 [3200/60000 (5%)]	Loss: 0.357375
Train Epoch: 3 [3840/60000 (6%)]	Loss: 0.223484
Train Epoch: 3 [4480/60000 (7%)]	Loss: 0.468003
Train Epoch: 3 [5120/60000 (9%)]	Loss: 0.265654
Train Epoch: 3 [5760/60000 (10%)]	Loss: 0.200215
Train Epoch: 3 [6400/60000 (11%)]	Loss: 0.370007
Train Epoch: 3 [7040/60000 (12%)]	Loss: 0.316471
Train Epoch: 3 [7680/60000 (13%)]	Loss: 0.384944
Train Epoch: 3 [8320/60000 (14%)]	Loss: 0.320278
Train Epoch: 3 [8960/60000 (15%)]	Loss: 0.425936
Train Epoch: 3 [9600/60000 (16%)]	Loss: 0.271865
Train Epoch: 3 [10240/60000 (17%)]	Loss: 0.404430
Train Epoch: 3 [10880/60000 (18%)]	Loss: 0.225512
Train Epoch: 3 [11520/60000 (19%)]	Loss: 0.284140
Train Epoch: 3 [12160/60000 (20%)]	Loss: 0.265077
Train Epoch: 3 [12800/60000 (21%)]	Loss: 0.306417
Train Epoch: 3 [13440/60000 (22%)]	Loss: 0.207633
Train Epoch: 3 [14080/60000 (23%)]	Loss: 0.461877
Train Epoch: 3 [14720/60000 (25%)]	Loss: 0.320863
Train Epoch: 3 [15360/60000 (26%)]	Loss: 0.207216
Train Epoch: 3 [16000/60000 (27%)]	Loss: 0.357277
Train Epoch: 3 [16640/60000 (28%)]	Loss: 0.293115
Train Epoch: 3 [17280/60000 (29%)]	Loss: 0.308707
Train Epoch: 3 [17920/60000 (30%)]	Loss: 0.245763
Train Epoch: 3 [18560/60000 (31%)]	Loss: 0.343460
Train Epoch: 3 [19200/60000 (32%)]	Loss: 0.173868
Train Epoch: 3 [19840/60000 (33%)]	Loss: 0.539683
Train Epoch: 3 [20480/60000 (34%)]	Loss: 0.162816
Train Epoch: 3 [21120/60000 (35%)]	Loss: 0.231644
Train Epoch: 3 [21760/60000 (36%)]	Loss: 0.185782
Train Epoch: 3 [22400/60000 (37%)]	Loss: 0.204139
Train Epoch: 3 [23040/60000 (38%)]	Loss: 0.419152
Train Epoch: 3 [23680/60000 (39%)]	Loss: 0.290358
Train Epoch: 3 [24320/60000 (41%)]	Loss: 0.304954
Train Epoch: 3 [24960/60000 (42%)]	Loss: 0.241921
Train Epoch: 3 [25600/60000 (43%)]	Loss: 0.321316
Train Epoch: 3 [26240/60000 (44%)]	Loss: 0.458975
Train Epoch: 3 [26880/60000 (45%)]	Loss: 0.213089
Train Epoch: 3 [27520/60000 (46%)]	Loss: 0.298375
Train Epoch: 3 [28160/60000 (47%)]	Loss: 0.257155
Train Epoch: 3 [28800/60000 (48%)]	Loss: 0.300535
Train Epoch: 3 [29440/60000 (49%)]	Loss: 0.204148
Train Epoch: 3 [30080/60000 (50%)]	Loss: 0.337946
Train Epoch: 3 [30720/60000 (51%)]	Loss: 0.450199
Train Epoch: 3 [31360/60000 (52%)]	Loss: 0.397039
Train Epoch: 3 [32000/60000 (53%)]	Loss: 0.290258
Train Epoch: 3 [32640/60000 (54%)]	Loss: 0.551448
Train Epoch: 3 [33280/60000 (55%)]	Loss: 0.193803
Train Epoch: 3 [33920/60000 (57%)]	Loss: 0.302921
Train Epoch: 3 [34560/60000 (58%)]	Loss: 0.190972
Train Epoch: 3 [35200/60000 (59%)]	Loss: 0.416648
Train Epoch: 3 [35840/60000 (60%)]	Loss: 0.202212
Train Epoch: 3 [36480/60000 (61%)]	Loss: 0.342377
Train Epoch: 3 [37120/60000 (62%)]	Loss: 0.255754
Train Epoch: 3 [37760/60000 (63%)]	Loss: 0.270931
Train Epoch: 3 [38400/60000 (64%)]	Loss: 0.187029
Train Epoch: 3 [39040/60000 (65%)]	Loss: 0.276468
Train Epoch: 3 [39680/60000 (66%)]	Loss: 0.463457
Train Epoch: 3 [40320/60000 (67%)]	Loss: 0.361078
Train Epoch: 3 [40960/60000 (68%)]	Loss: 0.286779
Train Epoch: 3 [41600/60000 (69%)]	Loss: 0.324258
Train Epoch: 3 [42240/60000 (70%)]	Loss: 0.119910
Train Epoch: 3 [42880/60000 (71%)]	Loss: 0.174959
Train Epoch: 3 [43520/60000 (72%)]	Loss: 0.488825
Train Epoch: 3 [44160/60000 (74%)]	Loss: 0.150653
Train Epoch: 3 [44800/60000 (75%)]	Loss: 0.182378
Train Epoch: 3 [45440/60000 (76%)]	Loss: 0.226026
Train Epoch: 3 [46080/60000 (77%)]	Loss: 0.348009
Train Epoch: 3 [46720/60000 (78%)]	Loss: 0.204437
Train Epoch: 3 [47360/60000 (79%)]	Loss: 0.516653
Train Epoch: 3 [48000/60000 (80%)]	Loss: 0.492806
Train Epoch: 3 [48640/60000 (81%)]	Loss: 0.331463
Train Epoch: 3 [49280/60000 (82%)]	Loss: 0.209521
Train Epoch: 3 [49920/60000 (83%)]	Loss: 0.281301
Train Epoch: 3 [50560/60000 (84%)]	Loss: 0.418471
Train Epoch: 3 [51200/60000 (85%)]	Loss: 0.247144
Train Epoch: 3 [51840/60000 (86%)]	Loss: 0.205485
Train Epoch: 3 [52480/60000 (87%)]	Loss: 0.505943
Train Epoch: 3 [53120/60000 (88%)]	Loss: 0.220616
Train Epoch: 3 [53760/60000 (90%)]	Loss: 0.264960
Train Epoch: 3 [54400/60000 (91%)]	Loss: 0.386616
Train Epoch: 3 [55040/60000 (92%)]	Loss: 0.293318
Train Epoch: 3 [55680/60000 (93%)]	Loss: 0.376698
Train Epoch: 3 [56320/60000 (94%)]	Loss: 0.202454
Train Epoch: 3 [56960/60000 (95%)]	Loss: 0.198749
Train Epoch: 3 [57600/60000 (96%)]	Loss: 0.365228
Train Epoch: 3 [58240/60000 (97%)]	Loss: 0.390371
Train Epoch: 3 [58880/60000 (98%)]	Loss: 0.310933
Train Epoch: 3 [59520/60000 (99%)]	Loss: 0.313031

Test set: Average loss: 0.0991, Accuracy: 9712/10000 (97%)

Train Epoch: 4 [0/60000 (0%)]	Loss: 0.065361
Train Epoch: 4 [640/60000 (1%)]	Loss: 0.325221
Train Epoch: 4 [1280/60000 (2%)]	Loss: 0.288563
Train Epoch: 4 [1920/60000 (3%)]	Loss: 0.344514
Train Epoch: 4 [2560/60000 (4%)]	Loss: 0.274257
Train Epoch: 4 [3200/60000 (5%)]	Loss: 0.438959
Train Epoch: 4 [3840/60000 (6%)]	Loss: 0.223964
Train Epoch: 4 [4480/60000 (7%)]	Loss: 0.194238
Train Epoch: 4 [5120/60000 (9%)]	Loss: 0.133794
Train Epoch: 4 [5760/60000 (10%)]	Loss: 0.228482
Train Epoch: 4 [6400/60000 (11%)]	Loss: 0.298306
Train Epoch: 4 [7040/60000 (12%)]	Loss: 0.279267
Train Epoch: 4 [7680/60000 (13%)]	Loss: 0.379503
Train Epoch: 4 [8320/60000 (14%)]	Loss: 0.346199
Train Epoch: 4 [8960/60000 (15%)]	Loss: 0.264600
Train Epoch: 4 [9600/60000 (16%)]	Loss: 0.234770
Train Epoch: 4 [10240/60000 (17%)]	Loss: 0.263395
Train Epoch: 4 [10880/60000 (18%)]	Loss: 0.198173
Train Epoch: 4 [11520/60000 (19%)]	Loss: 0.178200
Train Epoch: 4 [12160/60000 (20%)]	Loss: 0.401940
Train Epoch: 4 [12800/60000 (21%)]	Loss: 0.148009
Train Epoch: 4 [13440/60000 (22%)]	Loss: 0.146610
Train Epoch: 4 [14080/60000 (23%)]	Loss: 0.153014
Train Epoch: 4 [14720/60000 (25%)]	Loss: 0.311746
Train Epoch: 4 [15360/60000 (26%)]	Loss: 0.149272
Train Epoch: 4 [16000/60000 (27%)]	Loss: 0.229182
Train Epoch: 4 [16640/60000 (28%)]	Loss: 0.242824
Train Epoch: 4 [17280/60000 (29%)]	Loss: 0.120216
Train Epoch: 4 [17920/60000 (30%)]	Loss: 0.327384
Train Epoch: 4 [18560/60000 (31%)]	Loss: 0.369660
Train Epoch: 4 [19200/60000 (32%)]	Loss: 0.390508
Train Epoch: 4 [19840/60000 (33%)]	Loss: 0.243308
Train Epoch: 4 [20480/60000 (34%)]	Loss: 0.210233
Train Epoch: 4 [21120/60000 (35%)]	Loss: 0.162375
Train Epoch: 4 [21760/60000 (36%)]	Loss: 0.099729
Train Epoch: 4 [22400/60000 (37%)]	Loss: 0.152079
Train Epoch: 4 [23040/60000 (38%)]	Loss: 0.182404
Train Epoch: 4 [23680/60000 (39%)]	Loss: 0.303259
Train Epoch: 4 [24320/60000 (41%)]	Loss: 0.280039
Train Epoch: 4 [24960/60000 (42%)]	Loss: 0.249307
Train Epoch: 4 [25600/60000 (43%)]	Loss: 0.271025
Train Epoch: 4 [26240/60000 (44%)]	Loss: 0.284284
Train Epoch: 4 [26880/60000 (45%)]	Loss: 0.221169
Train Epoch: 4 [27520/60000 (46%)]	Loss: 0.252354
Train Epoch: 4 [28160/60000 (47%)]	Loss: 0.310425
Train Epoch: 4 [28800/60000 (48%)]	Loss: 0.198076
Train Epoch: 4 [29440/60000 (49%)]	Loss: 0.121115
Train Epoch: 4 [30080/60000 (50%)]	Loss: 0.348720
Train Epoch: 4 [30720/60000 (51%)]	Loss: 0.258852
Train Epoch: 4 [31360/60000 (52%)]	Loss: 0.125181
Train Epoch: 4 [32000/60000 (53%)]	Loss: 0.215295
Train Epoch: 4 [32640/60000 (54%)]	Loss: 0.463005
Train Epoch: 4 [33280/60000 (55%)]	Loss: 0.368845
Train Epoch: 4 [33920/60000 (57%)]	Loss: 0.297881
Train Epoch: 4 [34560/60000 (58%)]	Loss: 0.235028
Train Epoch: 4 [35200/60000 (59%)]	Loss: 0.217212
Train Epoch: 4 [35840/60000 (60%)]	Loss: 0.101691
Train Epoch: 4 [36480/60000 (61%)]	Loss: 0.226406
Train Epoch: 4 [37120/60000 (62%)]	Loss: 0.132971
Train Epoch: 4 [37760/60000 (63%)]	Loss: 0.366998
Train Epoch: 4 [38400/60000 (64%)]	Loss: 0.230323
Train Epoch: 4 [39040/60000 (65%)]	Loss: 0.206432
Train Epoch: 4 [39680/60000 (66%)]	Loss: 0.249712
Train Epoch: 4 [40320/60000 (67%)]	Loss: 0.146018
Train Epoch: 4 [40960/60000 (68%)]	Loss: 0.206185
Train Epoch: 4 [41600/60000 (69%)]	Loss: 0.251567
Train Epoch: 4 [42240/60000 (70%)]	Loss: 0.179620
Train Epoch: 4 [42880/60000 (71%)]	Loss: 0.374434
Train Epoch: 4 [43520/60000 (72%)]	Loss: 0.231146
Train Epoch: 4 [44160/60000 (74%)]	Loss: 0.210560
Train Epoch: 4 [44800/60000 (75%)]	Loss: 0.180215
Train Epoch: 4 [45440/60000 (76%)]	Loss: 0.262651
Train Epoch: 4 [46080/60000 (77%)]	Loss: 0.303301
Train Epoch: 4 [46720/60000 (78%)]	Loss: 0.103590
Train Epoch: 4 [47360/60000 (79%)]	Loss: 0.123172
Train Epoch: 4 [48000/60000 (80%)]	Loss: 0.612672
Train Epoch: 4 [48640/60000 (81%)]	Loss: 0.327558
Train Epoch: 4 [49280/60000 (82%)]	Loss: 0.251556
Train Epoch: 4 [49920/60000 (83%)]	Loss: 0.111389
Train Epoch: 4 [50560/60000 (84%)]	Loss: 0.327456
Train Epoch: 4 [51200/60000 (85%)]	Loss: 0.299123
Train Epoch: 4 [51840/60000 (86%)]	Loss: 0.276532
Train Epoch: 4 [52480/60000 (87%)]	Loss: 0.196487
Train Epoch: 4 [53120/60000 (88%)]	Loss: 0.475110
Train Epoch: 4 [53760/60000 (90%)]	Loss: 0.084321
Train Epoch: 4 [54400/60000 (91%)]	Loss: 0.348495
Train Epoch: 4 [55040/60000 (92%)]	Loss: 0.292228
Train Epoch: 4 [55680/60000 (93%)]	Loss: 0.240623
Train Epoch: 4 [56320/60000 (94%)]	Loss: 0.193765
Train Epoch: 4 [56960/60000 (95%)]	Loss: 0.220150
Train Epoch: 4 [57600/60000 (96%)]	Loss: 0.187365
Train Epoch: 4 [58240/60000 (97%)]	Loss: 0.238781
Train Epoch: 4 [58880/60000 (98%)]	Loss: 0.224958
Train Epoch: 4 [59520/60000 (99%)]	Loss: 0.178948

Test set: Average loss: 0.0827, Accuracy: 9747/10000 (97%)

Train Epoch: 5 [0/60000 (0%)]	Loss: 0.314986
Train Epoch: 5 [640/60000 (1%)]	Loss: 0.155940
Train Epoch: 5 [1280/60000 (2%)]	Loss: 0.249963
Train Epoch: 5 [1920/60000 (3%)]	Loss: 0.186104
Train Epoch: 5 [2560/60000 (4%)]	Loss: 0.175737
Train Epoch: 5 [3200/60000 (5%)]	Loss: 0.107614
Train Epoch: 5 [3840/60000 (6%)]	Loss: 0.147911
Train Epoch: 5 [4480/60000 (7%)]	Loss: 0.264571
Train Epoch: 5 [5120/60000 (9%)]	Loss: 0.267203
Train Epoch: 5 [5760/60000 (10%)]	Loss: 0.357480
Train Epoch: 5 [6400/60000 (11%)]	Loss: 0.305024
Train Epoch: 5 [7040/60000 (12%)]	Loss: 0.332249
Train Epoch: 5 [7680/60000 (13%)]	Loss: 0.182315
Train Epoch: 5 [8320/60000 (14%)]	Loss: 0.194664
Train Epoch: 5 [8960/60000 (15%)]	Loss: 0.249233
Train Epoch: 5 [9600/60000 (16%)]	Loss: 0.172699
Train Epoch: 5 [10240/60000 (17%)]	Loss: 0.200838
Train Epoch: 5 [10880/60000 (18%)]	Loss: 0.315024
Train Epoch: 5 [11520/60000 (19%)]	Loss: 0.212779
Train Epoch: 5 [12160/60000 (20%)]	Loss: 0.411580
Train Epoch: 5 [12800/60000 (21%)]	Loss: 0.175923
Train Epoch: 5 [13440/60000 (22%)]	Loss: 0.283127
Train Epoch: 5 [14080/60000 (23%)]	Loss: 0.185259
Train Epoch: 5 [14720/60000 (25%)]	Loss: 0.155872
Train Epoch: 5 [15360/60000 (26%)]	Loss: 0.128927
Train Epoch: 5 [16000/60000 (27%)]	Loss: 0.240002
Train Epoch: 5 [16640/60000 (28%)]	Loss: 0.243422
Train Epoch: 5 [17280/60000 (29%)]	Loss: 0.238723
Train Epoch: 5 [17920/60000 (30%)]	Loss: 0.230005
Train Epoch: 5 [18560/60000 (31%)]	Loss: 0.116300
Train Epoch: 5 [19200/60000 (32%)]	Loss: 0.200081
Train Epoch: 5 [19840/60000 (33%)]	Loss: 0.340445
Train Epoch: 5 [20480/60000 (34%)]	Loss: 0.352601
Train Epoch: 5 [21120/60000 (35%)]	Loss: 0.152492
Train Epoch: 5 [21760/60000 (36%)]	Loss: 0.455458
Train Epoch: 5 [22400/60000 (37%)]	Loss: 0.136345
Train Epoch: 5 [23040/60000 (38%)]	Loss: 0.197731
Train Epoch: 5 [23680/60000 (39%)]	Loss: 0.153434
Train Epoch: 5 [24320/60000 (41%)]	Loss: 0.196420
Train Epoch: 5 [24960/60000 (42%)]	Loss: 0.215246
Train Epoch: 5 [25600/60000 (43%)]	Loss: 0.175320
Train Epoch: 5 [26240/60000 (44%)]	Loss: 0.135160
Train Epoch: 5 [26880/60000 (45%)]	Loss: 0.173831
Train Epoch: 5 [27520/60000 (46%)]	Loss: 0.146285
Train Epoch: 5 [28160/60000 (47%)]	Loss: 0.256960
Train Epoch: 5 [28800/60000 (48%)]	Loss: 0.210348
Train Epoch: 5 [29440/60000 (49%)]	Loss: 0.186714
Train Epoch: 5 [30080/60000 (50%)]	Loss: 0.143036
Train Epoch: 5 [30720/60000 (51%)]	Loss: 0.110772
Train Epoch: 5 [31360/60000 (52%)]	Loss: 0.148339
Train Epoch: 5 [32000/60000 (53%)]	Loss: 0.426792
Train Epoch: 5 [32640/60000 (54%)]	Loss: 0.262832
Train Epoch: 5 [33280/60000 (55%)]	Loss: 0.324801
Train Epoch: 5 [33920/60000 (57%)]	Loss: 0.266841
Train Epoch: 5 [34560/60000 (58%)]	Loss: 0.230143
Train Epoch: 5 [35200/60000 (59%)]	Loss: 0.234813
Train Epoch: 5 [35840/60000 (60%)]	Loss: 0.152615
Train Epoch: 5 [36480/60000 (61%)]	Loss: 0.200820
Train Epoch: 5 [37120/60000 (62%)]	Loss: 0.264590
Train Epoch: 5 [37760/60000 (63%)]	Loss: 0.148474
Train Epoch: 5 [38400/60000 (64%)]	Loss: 0.162252
Train Epoch: 5 [39040/60000 (65%)]	Loss: 0.326651
Train Epoch: 5 [39680/60000 (66%)]	Loss: 0.398233
Train Epoch: 5 [40320/60000 (67%)]	Loss: 0.179295
Train Epoch: 5 [40960/60000 (68%)]	Loss: 0.161223
Train Epoch: 5 [41600/60000 (69%)]	Loss: 0.301649
Train Epoch: 5 [42240/60000 (70%)]	Loss: 0.279834
Train Epoch: 5 [42880/60000 (71%)]	Loss: 0.193895
Train Epoch: 5 [43520/60000 (72%)]	Loss: 0.126614
Train Epoch: 5 [44160/60000 (74%)]	Loss: 0.187843
Train Epoch: 5 [44800/60000 (75%)]	Loss: 0.160531
Train Epoch: 5 [45440/60000 (76%)]	Loss: 0.134441
Train Epoch: 5 [46080/60000 (77%)]	Loss: 0.205303
Train Epoch: 5 [46720/60000 (78%)]	Loss: 0.096470
Train Epoch: 5 [47360/60000 (79%)]	Loss: 0.122715
Train Epoch: 5 [48000/60000 (80%)]	Loss: 0.233296
Train Epoch: 5 [48640/60000 (81%)]	Loss: 0.102960
Train Epoch: 5 [49280/60000 (82%)]	Loss: 0.202312
Train Epoch: 5 [49920/60000 (83%)]	Loss: 0.396105
Train Epoch: 5 [50560/60000 (84%)]	Loss: 0.144101
Train Epoch: 5 [51200/60000 (85%)]	Loss: 0.260690
Train Epoch: 5 [51840/60000 (86%)]	Loss: 0.120360
Train Epoch: 5 [52480/60000 (87%)]	Loss: 0.176022
Train Epoch: 5 [53120/60000 (88%)]	Loss: 0.200677
Train Epoch: 5 [53760/60000 (90%)]	Loss: 0.492161
Train Epoch: 5 [54400/60000 (91%)]	Loss: 0.232781
Train Epoch: 5 [55040/60000 (92%)]	Loss: 0.176162
Train Epoch: 5 [55680/60000 (93%)]	Loss: 0.148812
Train Epoch: 5 [56320/60000 (94%)]	Loss: 0.122902
Train Epoch: 5 [56960/60000 (95%)]	Loss: 0.140024
Train Epoch: 5 [57600/60000 (96%)]	Loss: 0.241973
Train Epoch: 5 [58240/60000 (97%)]	Loss: 0.134134
Train Epoch: 5 [58880/60000 (98%)]	Loss: 0.222607
Train Epoch: 5 [59520/60000 (99%)]	Loss: 0.208861

Test set: Average loss: 0.0771, Accuracy: 9771/10000 (97%)

Train Epoch: 6 [0/60000 (0%)]	Loss: 0.155555
Train Epoch: 6 [640/60000 (1%)]	Loss: 0.135898
Train Epoch: 6 [1280/60000 (2%)]	Loss: 0.329005
Train Epoch: 6 [1920/60000 (3%)]	Loss: 0.230104
Train Epoch: 6 [2560/60000 (4%)]	Loss: 0.279010
Train Epoch: 6 [3200/60000 (5%)]	Loss: 0.218080
Train Epoch: 6 [3840/60000 (6%)]	Loss: 0.139689
Train Epoch: 6 [4480/60000 (7%)]	Loss: 0.384980
Train Epoch: 6 [5120/60000 (9%)]	Loss: 0.129593
Train Epoch: 6 [5760/60000 (10%)]	Loss: 0.314708
Train Epoch: 6 [6400/60000 (11%)]	Loss: 0.246846
Train Epoch: 6 [7040/60000 (12%)]	Loss: 0.057437
Train Epoch: 6 [7680/60000 (13%)]	Loss: 0.272446
Train Epoch: 6 [8320/60000 (14%)]	Loss: 0.427905
Train Epoch: 6 [8960/60000 (15%)]	Loss: 0.208469
Train Epoch: 6 [9600/60000 (16%)]	Loss: 0.289604
Train Epoch: 6 [10240/60000 (17%)]	Loss: 0.163845
Train Epoch: 6 [10880/60000 (18%)]	Loss: 0.293879
Train Epoch: 6 [11520/60000 (19%)]	Loss: 0.118569
Train Epoch: 6 [12160/60000 (20%)]	Loss: 0.184573
Train Epoch: 6 [12800/60000 (21%)]	Loss: 0.137351
Train Epoch: 6 [13440/60000 (22%)]	Loss: 0.471708
Train Epoch: 6 [14080/60000 (23%)]	Loss: 0.323274
Train Epoch: 6 [14720/60000 (25%)]	Loss: 0.498583
Train Epoch: 6 [15360/60000 (26%)]	Loss: 0.097173
Train Epoch: 6 [16000/60000 (27%)]	Loss: 0.299068
Train Epoch: 6 [16640/60000 (28%)]	Loss: 0.141529
Train Epoch: 6 [17280/60000 (29%)]	Loss: 0.264909
Train Epoch: 6 [17920/60000 (30%)]	Loss: 0.282636
Train Epoch: 6 [18560/60000 (31%)]	Loss: 0.162131
Train Epoch: 6 [19200/60000 (32%)]	Loss: 0.087739
Train Epoch: 6 [19840/60000 (33%)]	Loss: 0.115746
Train Epoch: 6 [20480/60000 (34%)]	Loss: 0.122367
Train Epoch: 6 [21120/60000 (35%)]	Loss: 0.197174
Train Epoch: 6 [21760/60000 (36%)]	Loss: 0.487688
Train Epoch: 6 [22400/60000 (37%)]	Loss: 0.179160
Train Epoch: 6 [23040/60000 (38%)]	Loss: 0.276929
Train Epoch: 6 [23680/60000 (39%)]	Loss: 0.301381
Train Epoch: 6 [24320/60000 (41%)]	Loss: 0.212085
Train Epoch: 6 [24960/60000 (42%)]	Loss: 0.218707
Train Epoch: 6 [25600/60000 (43%)]	Loss: 0.124069
Train Epoch: 6 [26240/60000 (44%)]	Loss: 0.350851
Train Epoch: 6 [26880/60000 (45%)]	Loss: 0.139602
Train Epoch: 6 [27520/60000 (46%)]	Loss: 0.158515
Train Epoch: 6 [28160/60000 (47%)]	Loss: 0.142481
Train Epoch: 6 [28800/60000 (48%)]	Loss: 0.360990
Train Epoch: 6 [29440/60000 (49%)]	Loss: 0.213764
Train Epoch: 6 [30080/60000 (50%)]	Loss: 0.121787
Train Epoch: 6 [30720/60000 (51%)]	Loss: 0.319128
Train Epoch: 6 [31360/60000 (52%)]	Loss: 0.368109
Train Epoch: 6 [32000/60000 (53%)]	Loss: 0.218252
Train Epoch: 6 [32640/60000 (54%)]	Loss: 0.289693
Train Epoch: 6 [33280/60000 (55%)]	Loss: 0.140312
Train Epoch: 6 [33920/60000 (57%)]	Loss: 0.250783
Train Epoch: 6 [34560/60000 (58%)]	Loss: 0.147475
Train Epoch: 6 [35200/60000 (59%)]	Loss: 0.319968
Train Epoch: 6 [35840/60000 (60%)]	Loss: 0.226472
Train Epoch: 6 [36480/60000 (61%)]	Loss: 0.165438
Train Epoch: 6 [37120/60000 (62%)]	Loss: 0.234952
Train Epoch: 6 [37760/60000 (63%)]	Loss: 0.172912
Train Epoch: 6 [38400/60000 (64%)]	Loss: 0.121800
Train Epoch: 6 [39040/60000 (65%)]	Loss: 0.502655
Train Epoch: 6 [39680/60000 (66%)]	Loss: 0.319234
Train Epoch: 6 [40320/60000 (67%)]	Loss: 0.178546
Train Epoch: 6 [40960/60000 (68%)]	Loss: 0.281253
Train Epoch: 6 [41600/60000 (69%)]	Loss: 0.183570
Train Epoch: 6 [42240/60000 (70%)]	Loss: 0.160562
Train Epoch: 6 [42880/60000 (71%)]	Loss: 0.219474
Train Epoch: 6 [43520/60000 (72%)]	Loss: 0.148344
Train Epoch: 6 [44160/60000 (74%)]	Loss: 0.421167
Train Epoch: 6 [44800/60000 (75%)]	Loss: 0.206304
Train Epoch: 6 [45440/60000 (76%)]	Loss: 0.214627
Train Epoch: 6 [46080/60000 (77%)]	Loss: 0.109702
Train Epoch: 6 [46720/60000 (78%)]	Loss: 0.182760
Train Epoch: 6 [47360/60000 (79%)]	Loss: 0.130331
Train Epoch: 6 [48000/60000 (80%)]	Loss: 0.075470
Train Epoch: 6 [48640/60000 (81%)]	Loss: 0.162923
Train Epoch: 6 [49280/60000 (82%)]	Loss: 0.242656
Train Epoch: 6 [49920/60000 (83%)]	Loss: 0.110519
Train Epoch: 6 [50560/60000 (84%)]	Loss: 0.152009
Train Epoch: 6 [51200/60000 (85%)]	Loss: 0.493319
Train Epoch: 6 [51840/60000 (86%)]	Loss: 0.267468
Train Epoch: 6 [52480/60000 (87%)]	Loss: 0.193785
Train Epoch: 6 [53120/60000 (88%)]	Loss: 0.118057
Train Epoch: 6 [53760/60000 (90%)]	Loss: 0.106716
Train Epoch: 6 [54400/60000 (91%)]	Loss: 0.137769
Train Epoch: 6 [55040/60000 (92%)]	Loss: 0.089047
Train Epoch: 6 [55680/60000 (93%)]	Loss: 0.497052
Train Epoch: 6 [56320/60000 (94%)]	Loss: 0.439392
Train Epoch: 6 [56960/60000 (95%)]	Loss: 0.225501
Train Epoch: 6 [57600/60000 (96%)]	Loss: 0.169440
Train Epoch: 6 [58240/60000 (97%)]	Loss: 0.283482
Train Epoch: 6 [58880/60000 (98%)]	Loss: 0.208915
Train Epoch: 6 [59520/60000 (99%)]	Loss: 0.123105

Test set: Average loss: 0.0661, Accuracy: 9798/10000 (97%)

Train Epoch: 7 [0/60000 (0%)]	Loss: 0.137797
Train Epoch: 7 [640/60000 (1%)]	Loss: 0.158591
Train Epoch: 7 [1280/60000 (2%)]	Loss: 0.253918
Train Epoch: 7 [1920/60000 (3%)]	Loss: 0.242096
Train Epoch: 7 [2560/60000 (4%)]	Loss: 0.119741
Train Epoch: 7 [3200/60000 (5%)]	Loss: 0.154521
Train Epoch: 7 [3840/60000 (6%)]	Loss: 0.241530
Train Epoch: 7 [4480/60000 (7%)]	Loss: 0.186906
Train Epoch: 7 [5120/60000 (9%)]	Loss: 0.170962
Train Epoch: 7 [5760/60000 (10%)]	Loss: 0.183754
Train Epoch: 7 [6400/60000 (11%)]	Loss: 0.204861
Train Epoch: 7 [7040/60000 (12%)]	Loss: 0.169975
Train Epoch: 7 [7680/60000 (13%)]	Loss: 0.256144
Train Epoch: 7 [8320/60000 (14%)]	Loss: 0.208874
Train Epoch: 7 [8960/60000 (15%)]	Loss: 0.121204
Train Epoch: 7 [9600/60000 (16%)]	Loss: 0.159539
Train Epoch: 7 [10240/60000 (17%)]	Loss: 0.381647
Train Epoch: 7 [10880/60000 (18%)]	Loss: 0.278379
Train Epoch: 7 [11520/60000 (19%)]	Loss: 0.264870
Train Epoch: 7 [12160/60000 (20%)]	Loss: 0.278881
Train Epoch: 7 [12800/60000 (21%)]	Loss: 0.190402
Train Epoch: 7 [13440/60000 (22%)]	Loss: 0.243908
Train Epoch: 7 [14080/60000 (23%)]	Loss: 0.270721
Train Epoch: 7 [14720/60000 (25%)]	Loss: 0.213336
Train Epoch: 7 [15360/60000 (26%)]	Loss: 0.174990
Train Epoch: 7 [16000/60000 (27%)]	Loss: 0.202318
Train Epoch: 7 [16640/60000 (28%)]	Loss: 0.122072
Train Epoch: 7 [17280/60000 (29%)]	Loss: 0.087253
Train Epoch: 7 [17920/60000 (30%)]	Loss: 0.349630
Train Epoch: 7 [18560/60000 (31%)]	Loss: 0.224645
Train Epoch: 7 [19200/60000 (32%)]	Loss: 0.397629
Train Epoch: 7 [19840/60000 (33%)]	Loss: 0.215301
Train Epoch: 7 [20480/60000 (34%)]	Loss: 0.215537
Train Epoch: 7 [21120/60000 (35%)]	Loss: 0.175431
Train Epoch: 7 [21760/60000 (36%)]	Loss: 0.153977
Train Epoch: 7 [22400/60000 (37%)]	Loss: 0.300808
Train Epoch: 7 [23040/60000 (38%)]	Loss: 0.194928
Train Epoch: 7 [23680/60000 (39%)]	Loss: 0.218030
Train Epoch: 7 [24320/60000 (41%)]	Loss: 0.206133
Train Epoch: 7 [24960/60000 (42%)]	Loss: 0.260005
Train Epoch: 7 [25600/60000 (43%)]	Loss: 0.150181
Train Epoch: 7 [26240/60000 (44%)]	Loss: 0.158653
Train Epoch: 7 [26880/60000 (45%)]	Loss: 0.222257
Train Epoch: 7 [27520/60000 (46%)]	Loss: 0.277362
Train Epoch: 7 [28160/60000 (47%)]	Loss: 0.216106
Train Epoch: 7 [28800/60000 (48%)]	Loss: 0.217666
Train Epoch: 7 [29440/60000 (49%)]	Loss: 0.227171
Train Epoch: 7 [30080/60000 (50%)]	Loss: 0.269496
Train Epoch: 7 [30720/60000 (51%)]	Loss: 0.277603
Train Epoch: 7 [31360/60000 (52%)]	Loss: 0.180681
Train Epoch: 7 [32000/60000 (53%)]	Loss: 0.372442
Train Epoch: 7 [32640/60000 (54%)]	Loss: 0.277615
Train Epoch: 7 [33280/60000 (55%)]	Loss: 0.075184
Train Epoch: 7 [33920/60000 (57%)]	Loss: 0.164062
Train Epoch: 7 [34560/60000 (58%)]	Loss: 0.133636
Train Epoch: 7 [35200/60000 (59%)]	Loss: 0.175773
Train Epoch: 7 [35840/60000 (60%)]	Loss: 0.221417
Train Epoch: 7 [36480/60000 (61%)]	Loss: 0.302193
Train Epoch: 7 [37120/60000 (62%)]	Loss: 0.297801
Train Epoch: 7 [37760/60000 (63%)]	Loss: 0.133368
Train Epoch: 7 [38400/60000 (64%)]	Loss: 0.246484
Train Epoch: 7 [39040/60000 (65%)]	Loss: 0.208301
Train Epoch: 7 [39680/60000 (66%)]	Loss: 0.169046
Train Epoch: 7 [40320/60000 (67%)]	Loss: 0.101573
Train Epoch: 7 [40960/60000 (68%)]	Loss: 0.107330
Train Epoch: 7 [41600/60000 (69%)]	Loss: 0.277260
Train Epoch: 7 [42240/60000 (70%)]	Loss: 0.234656
Train Epoch: 7 [42880/60000 (71%)]	Loss: 0.327160
Train Epoch: 7 [43520/60000 (72%)]	Loss: 0.118680
Train Epoch: 7 [44160/60000 (74%)]	Loss: 0.195289
Train Epoch: 7 [44800/60000 (75%)]	Loss: 0.113943
Train Epoch: 7 [45440/60000 (76%)]	Loss: 0.077680
Train Epoch: 7 [46080/60000 (77%)]	Loss: 0.151086
Train Epoch: 7 [46720/60000 (78%)]	Loss: 0.076575
Train Epoch: 7 [47360/60000 (79%)]	Loss: 0.272834
Train Epoch: 7 [48000/60000 (80%)]	Loss: 0.155806
Train Epoch: 7 [48640/60000 (81%)]	Loss: 0.221674
Train Epoch: 7 [49280/60000 (82%)]	Loss: 0.124847
Train Epoch: 7 [49920/60000 (83%)]	Loss: 0.090470
Train Epoch: 7 [50560/60000 (84%)]	Loss: 0.104345
Train Epoch: 7 [51200/60000 (85%)]	Loss: 0.363703
Train Epoch: 7 [51840/60000 (86%)]	Loss: 0.172046
Train Epoch: 7 [52480/60000 (87%)]	Loss: 0.176596
Train Epoch: 7 [53120/60000 (88%)]	Loss: 0.199738
Train Epoch: 7 [53760/60000 (90%)]	Loss: 0.142854
Train Epoch: 7 [54400/60000 (91%)]	Loss: 0.557773
Train Epoch: 7 [55040/60000 (92%)]	Loss: 0.115335
Train Epoch: 7 [55680/60000 (93%)]	Loss: 0.276121
Train Epoch: 7 [56320/60000 (94%)]	Loss: 0.177631
Train Epoch: 7 [56960/60000 (95%)]	Loss: 0.381641
Train Epoch: 7 [57600/60000 (96%)]	Loss: 0.132474
Train Epoch: 7 [58240/60000 (97%)]	Loss: 0.158732
Train Epoch: 7 [58880/60000 (98%)]	Loss: 0.194557
Train Epoch: 7 [59520/60000 (99%)]	Loss: 0.415659

Test set: Average loss: 0.0607, Accuracy: 9810/10000 (98%)

Train Epoch: 8 [0/60000 (0%)]	Loss: 0.295825
Train Epoch: 8 [640/60000 (1%)]	Loss: 0.203125
Train Epoch: 8 [1280/60000 (2%)]	Loss: 0.161774
Train Epoch: 8 [1920/60000 (3%)]	Loss: 0.191767
Train Epoch: 8 [2560/60000 (4%)]	Loss: 0.226904
Train Epoch: 8 [3200/60000 (5%)]	Loss: 0.153818
Train Epoch: 8 [3840/60000 (6%)]	Loss: 0.394531
Train Epoch: 8 [4480/60000 (7%)]	Loss: 0.150528
Train Epoch: 8 [5120/60000 (9%)]	Loss: 0.250681
Train Epoch: 8 [5760/60000 (10%)]	Loss: 0.169810
Train Epoch: 8 [6400/60000 (11%)]	Loss: 0.080384
Train Epoch: 8 [7040/60000 (12%)]	Loss: 0.153838
Train Epoch: 8 [7680/60000 (13%)]	Loss: 0.272161
Train Epoch: 8 [8320/60000 (14%)]	Loss: 0.148768
Train Epoch: 8 [8960/60000 (15%)]	Loss: 0.209851
Train Epoch: 8 [9600/60000 (16%)]	Loss: 0.228145
Train Epoch: 8 [10240/60000 (17%)]	Loss: 0.217079
Train Epoch: 8 [10880/60000 (18%)]	Loss: 0.178329
Train Epoch: 8 [11520/60000 (19%)]	Loss: 0.059829
Train Epoch: 8 [12160/60000 (20%)]	Loss: 0.218622
Train Epoch: 8 [12800/60000 (21%)]	Loss: 0.419212
Train Epoch: 8 [13440/60000 (22%)]	Loss: 0.255316
Train Epoch: 8 [14080/60000 (23%)]	Loss: 0.203029
Train Epoch: 8 [14720/60000 (25%)]	Loss: 0.179908
Train Epoch: 8 [15360/60000 (26%)]	Loss: 0.123951
Train Epoch: 8 [16000/60000 (27%)]	Loss: 0.298800
Train Epoch: 8 [16640/60000 (28%)]	Loss: 0.164365
Train Epoch: 8 [17280/60000 (29%)]	Loss: 0.184417
Train Epoch: 8 [17920/60000 (30%)]	Loss: 0.159353
Train Epoch: 8 [18560/60000 (31%)]	Loss: 0.231147
Train Epoch: 8 [19200/60000 (32%)]	Loss: 0.061759
Train Epoch: 8 [19840/60000 (33%)]	Loss: 0.254685
Train Epoch: 8 [20480/60000 (34%)]	Loss: 0.268301
Train Epoch: 8 [21120/60000 (35%)]	Loss: 0.178533
Train Epoch: 8 [21760/60000 (36%)]	Loss: 0.526843
Train Epoch: 8 [22400/60000 (37%)]	Loss: 0.186322
Train Epoch: 8 [23040/60000 (38%)]	Loss: 0.388306
Train Epoch: 8 [23680/60000 (39%)]	Loss: 0.218822
Train Epoch: 8 [24320/60000 (41%)]	Loss: 0.219464
Train Epoch: 8 [24960/60000 (42%)]	Loss: 0.192083
Train Epoch: 8 [25600/60000 (43%)]	Loss: 0.169284
Train Epoch: 8 [26240/60000 (44%)]	Loss: 0.118412
Train Epoch: 8 [26880/60000 (45%)]	Loss: 0.234085
Train Epoch: 8 [27520/60000 (46%)]	Loss: 0.163780
Train Epoch: 8 [28160/60000 (47%)]	Loss: 0.176892
Train Epoch: 8 [28800/60000 (48%)]	Loss: 0.140457
Train Epoch: 8 [29440/60000 (49%)]	Loss: 0.149322
Train Epoch: 8 [30080/60000 (50%)]	Loss: 0.298588
Train Epoch: 8 [30720/60000 (51%)]	Loss: 0.105116
Train Epoch: 8 [31360/60000 (52%)]	Loss: 0.127886
Train Epoch: 8 [32000/60000 (53%)]	Loss: 0.133850
Train Epoch: 8 [32640/60000 (54%)]	Loss: 0.325001
Train Epoch: 8 [33280/60000 (55%)]	Loss: 0.147464
Train Epoch: 8 [33920/60000 (57%)]	Loss: 0.190944
Train Epoch: 8 [34560/60000 (58%)]	Loss: 0.091296
Train Epoch: 8 [35200/60000 (59%)]	Loss: 0.096043
Train Epoch: 8 [35840/60000 (60%)]	Loss: 0.054155
Train Epoch: 8 [36480/60000 (61%)]	Loss: 0.112718
Train Epoch: 8 [37120/60000 (62%)]	Loss: 0.186094
Train Epoch: 8 [37760/60000 (63%)]	Loss: 0.253851
Train Epoch: 8 [38400/60000 (64%)]	Loss: 0.164583
Train Epoch: 8 [39040/60000 (65%)]	Loss: 0.267990
Train Epoch: 8 [39680/60000 (66%)]	Loss: 0.093334
Train Epoch: 8 [40320/60000 (67%)]	Loss: 0.083318
Train Epoch: 8 [40960/60000 (68%)]	Loss: 0.185241
Train Epoch: 8 [41600/60000 (69%)]	Loss: 0.202343
Train Epoch: 8 [42240/60000 (70%)]	Loss: 0.168220
Train Epoch: 8 [42880/60000 (71%)]	Loss: 0.104086
Train Epoch: 8 [43520/60000 (72%)]	Loss: 0.264511
Train Epoch: 8 [44160/60000 (74%)]	Loss: 0.089640
Train Epoch: 8 [44800/60000 (75%)]	Loss: 0.237368
Train Epoch: 8 [45440/60000 (76%)]	Loss: 0.161676
Train Epoch: 8 [46080/60000 (77%)]	Loss: 0.238056
Train Epoch: 8 [46720/60000 (78%)]	Loss: 0.299469
Train Epoch: 8 [47360/60000 (79%)]	Loss: 0.134897
Train Epoch: 8 [48000/60000 (80%)]	Loss: 0.065704
Train Epoch: 8 [48640/60000 (81%)]	Loss: 0.411689
Train Epoch: 8 [49280/60000 (82%)]	Loss: 0.249542
Train Epoch: 8 [49920/60000 (83%)]	Loss: 0.122891
Train Epoch: 8 [50560/60000 (84%)]	Loss: 0.080333
Train Epoch: 8 [51200/60000 (85%)]	Loss: 0.374033
Train Epoch: 8 [51840/60000 (86%)]	Loss: 0.130617
Train Epoch: 8 [52480/60000 (87%)]	Loss: 0.473454
Train Epoch: 8 [53120/60000 (88%)]	Loss: 0.321640
Train Epoch: 8 [53760/60000 (90%)]	Loss: 0.119268
Train Epoch: 8 [54400/60000 (91%)]	Loss: 0.076268
Train Epoch: 8 [55040/60000 (92%)]	Loss: 0.222819
Train Epoch: 8 [55680/60000 (93%)]	Loss: 0.199494
Train Epoch: 8 [56320/60000 (94%)]	Loss: 0.102998
Train Epoch: 8 [56960/60000 (95%)]	Loss: 0.302241
Train Epoch: 8 [57600/60000 (96%)]	Loss: 0.267867
Train Epoch: 8 [58240/60000 (97%)]	Loss: 0.124225
Train Epoch: 8 [58880/60000 (98%)]	Loss: 0.097084
Train Epoch: 8 [59520/60000 (99%)]	Loss: 0.099063

Test set: Average loss: 0.0604, Accuracy: 9817/10000 (98%)

Train Epoch: 9 [0/60000 (0%)]	Loss: 0.162388
Train Epoch: 9 [640/60000 (1%)]	Loss: 0.171910
Train Epoch: 9 [1280/60000 (2%)]	Loss: 0.209340
Train Epoch: 9 [1920/60000 (3%)]	Loss: 0.144244
Train Epoch: 9 [2560/60000 (4%)]	Loss: 0.127858
Train Epoch: 9 [3200/60000 (5%)]	Loss: 0.233268
Train Epoch: 9 [3840/60000 (6%)]	Loss: 0.226854
Train Epoch: 9 [4480/60000 (7%)]	Loss: 0.173130
Train Epoch: 9 [5120/60000 (9%)]	Loss: 0.139894
Train Epoch: 9 [5760/60000 (10%)]	Loss: 0.176651
Train Epoch: 9 [6400/60000 (11%)]	Loss: 0.187901
Train Epoch: 9 [7040/60000 (12%)]	Loss: 0.122915
Train Epoch: 9 [7680/60000 (13%)]	Loss: 0.239610
Train Epoch: 9 [8320/60000 (14%)]	Loss: 0.502217
Train Epoch: 9 [8960/60000 (15%)]	Loss: 0.084886
Train Epoch: 9 [9600/60000 (16%)]	Loss: 0.337095
Train Epoch: 9 [10240/60000 (17%)]	Loss: 0.099945
Train Epoch: 9 [10880/60000 (18%)]	Loss: 0.143050
Train Epoch: 9 [11520/60000 (19%)]	Loss: 0.209596
Train Epoch: 9 [12160/60000 (20%)]	Loss: 0.055628
Train Epoch: 9 [12800/60000 (21%)]	Loss: 0.156800
Train Epoch: 9 [13440/60000 (22%)]	Loss: 0.167851
Train Epoch: 9 [14080/60000 (23%)]	Loss: 0.053570
Train Epoch: 9 [14720/60000 (25%)]	Loss: 0.160520
Train Epoch: 9 [15360/60000 (26%)]	Loss: 0.139668
Train Epoch: 9 [16000/60000 (27%)]	Loss: 0.125206
Train Epoch: 9 [16640/60000 (28%)]	Loss: 0.175604
Train Epoch: 9 [17280/60000 (29%)]	Loss: 0.293078
Train Epoch: 9 [17920/60000 (30%)]	Loss: 0.140596
Train Epoch: 9 [18560/60000 (31%)]	Loss: 0.157034
Train Epoch: 9 [19200/60000 (32%)]	Loss: 0.094872
Train Epoch: 9 [19840/60000 (33%)]	Loss: 0.288374
Train Epoch: 9 [20480/60000 (34%)]	Loss: 0.114137
Train Epoch: 9 [21120/60000 (35%)]	Loss: 0.138000
Train Epoch: 9 [21760/60000 (36%)]	Loss: 0.270400
Train Epoch: 9 [22400/60000 (37%)]	Loss: 0.171260
Train Epoch: 9 [23040/60000 (38%)]	Loss: 0.110677
Train Epoch: 9 [23680/60000 (39%)]	Loss: 0.073114
Train Epoch: 9 [24320/60000 (41%)]	Loss: 0.224532
Train Epoch: 9 [24960/60000 (42%)]	Loss: 0.199847
Train Epoch: 9 [25600/60000 (43%)]	Loss: 0.151911
Train Epoch: 9 [26240/60000 (44%)]	Loss: 0.173676
Train Epoch: 9 [26880/60000 (45%)]	Loss: 0.220672
Train Epoch: 9 [27520/60000 (46%)]	Loss: 0.104693
Train Epoch: 9 [28160/60000 (47%)]	Loss: 0.194072
Train Epoch: 9 [28800/60000 (48%)]	Loss: 0.192596
Train Epoch: 9 [29440/60000 (49%)]	Loss: 0.400336
Train Epoch: 9 [30080/60000 (50%)]	Loss: 0.191084
Train Epoch: 9 [30720/60000 (51%)]	Loss: 0.167952
Train Epoch: 9 [31360/60000 (52%)]	Loss: 0.096683
Train Epoch: 9 [32000/60000 (53%)]	Loss: 0.338925
Train Epoch: 9 [32640/60000 (54%)]	Loss: 0.066539
Train Epoch: 9 [33280/60000 (55%)]	Loss: 0.260431
Train Epoch: 9 [33920/60000 (57%)]	Loss: 0.178387
Train Epoch: 9 [34560/60000 (58%)]	Loss: 0.135056
Train Epoch: 9 [35200/60000 (59%)]	Loss: 0.142901
Train Epoch: 9 [35840/60000 (60%)]	Loss: 0.145775
Train Epoch: 9 [36480/60000 (61%)]	Loss: 0.136780
Train Epoch: 9 [37120/60000 (62%)]	Loss: 0.371874
Train Epoch: 9 [37760/60000 (63%)]	Loss: 0.368431
Train Epoch: 9 [38400/60000 (64%)]	Loss: 0.159300
Train Epoch: 9 [39040/60000 (65%)]	Loss: 0.049029
Train Epoch: 9 [39680/60000 (66%)]	Loss: 0.143263
Train Epoch: 9 [40320/60000 (67%)]	Loss: 0.086224
Train Epoch: 9 [40960/60000 (68%)]	Loss: 0.165190
Train Epoch: 9 [41600/60000 (69%)]	Loss: 0.163802
Train Epoch: 9 [42240/60000 (70%)]	Loss: 0.171490
Train Epoch: 9 [42880/60000 (71%)]	Loss: 0.151492
Train Epoch: 9 [43520/60000 (72%)]	Loss: 0.209881
Train Epoch: 9 [44160/60000 (74%)]	Loss: 0.314936
Train Epoch: 9 [44800/60000 (75%)]	Loss: 0.214549
Train Epoch: 9 [45440/60000 (76%)]	Loss: 0.245056
Train Epoch: 9 [46080/60000 (77%)]	Loss: 0.214005
Train Epoch: 9 [46720/60000 (78%)]	Loss: 0.200590
Train Epoch: 9 [47360/60000 (79%)]	Loss: 0.115296
Train Epoch: 9 [48000/60000 (80%)]	Loss: 0.183881
Train Epoch: 9 [48640/60000 (81%)]	Loss: 0.124029
Train Epoch: 9 [49280/60000 (82%)]	Loss: 0.202816
Train Epoch: 9 [49920/60000 (83%)]	Loss: 0.107498
Train Epoch: 9 [50560/60000 (84%)]	Loss: 0.252231
Train Epoch: 9 [51200/60000 (85%)]	Loss: 0.154937
Train Epoch: 9 [51840/60000 (86%)]	Loss: 0.117836
Train Epoch: 9 [52480/60000 (87%)]	Loss: 0.180204
Train Epoch: 9 [53120/60000 (88%)]	Loss: 0.141211
Train Epoch: 9 [53760/60000 (90%)]	Loss: 0.089179
Train Epoch: 9 [54400/60000 (91%)]	Loss: 0.150700
Train Epoch: 9 [55040/60000 (92%)]	Loss: 0.160269
Train Epoch: 9 [55680/60000 (93%)]	Loss: 0.171096
Train Epoch: 9 [56320/60000 (94%)]	Loss: 0.067586
Train Epoch: 9 [56960/60000 (95%)]	Loss: 0.103352
Train Epoch: 9 [57600/60000 (96%)]	Loss: 0.188930
Train Epoch: 9 [58240/60000 (97%)]	Loss: 0.274887
Train Epoch: 9 [58880/60000 (98%)]	Loss: 0.215156
Train Epoch: 9 [59520/60000 (99%)]	Loss: 0.100880

Test set: Average loss: 0.0543, Accuracy: 9826/10000 (98%)

Train Epoch: 10 [0/60000 (0%)]	Loss: 0.220820
Train Epoch: 10 [640/60000 (1%)]	Loss: 0.111368
Train Epoch: 10 [1280/60000 (2%)]	Loss: 0.238443
Train Epoch: 10 [1920/60000 (3%)]	Loss: 0.100340
Train Epoch: 10 [2560/60000 (4%)]	Loss: 0.091686
Train Epoch: 10 [3200/60000 (5%)]	Loss: 0.103501
Train Epoch: 10 [3840/60000 (6%)]	Loss: 0.194102
Train Epoch: 10 [4480/60000 (7%)]	Loss: 0.087858
Train Epoch: 10 [5120/60000 (9%)]	Loss: 0.356573
Train Epoch: 10 [5760/60000 (10%)]	Loss: 0.093495
Train Epoch: 10 [6400/60000 (11%)]	Loss: 0.262020
Train Epoch: 10 [7040/60000 (12%)]	Loss: 0.218424
Train Epoch: 10 [7680/60000 (13%)]	Loss: 0.094045
Train Epoch: 10 [8320/60000 (14%)]	Loss: 0.218507
Train Epoch: 10 [8960/60000 (15%)]	Loss: 0.262139
Train Epoch: 10 [9600/60000 (16%)]	Loss: 0.158438
Train Epoch: 10 [10240/60000 (17%)]	Loss: 0.179480
Train Epoch: 10 [10880/60000 (18%)]	Loss: 0.214914
Train Epoch: 10 [11520/60000 (19%)]	Loss: 0.070710
Train Epoch: 10 [12160/60000 (20%)]	Loss: 0.259970
Train Epoch: 10 [12800/60000 (21%)]	Loss: 0.106103
Train Epoch: 10 [13440/60000 (22%)]	Loss: 0.201520
Train Epoch: 10 [14080/60000 (23%)]	Loss: 0.301880
Train Epoch: 10 [14720/60000 (25%)]	Loss: 0.092297
Train Epoch: 10 [15360/60000 (26%)]	Loss: 0.194935
Train Epoch: 10 [16000/60000 (27%)]	Loss: 0.195523
Train Epoch: 10 [16640/60000 (28%)]	Loss: 0.247300
Train Epoch: 10 [17280/60000 (29%)]	Loss: 0.195793
Train Epoch: 10 [17920/60000 (30%)]	Loss: 0.151425
Train Epoch: 10 [18560/60000 (31%)]	Loss: 0.081523
Train Epoch: 10 [19200/60000 (32%)]	Loss: 0.459295
Train Epoch: 10 [19840/60000 (33%)]	Loss: 0.083527
Train Epoch: 10 [20480/60000 (34%)]	Loss: 0.044762
Train Epoch: 10 [21120/60000 (35%)]	Loss: 0.101033
Train Epoch: 10 [21760/60000 (36%)]	Loss: 0.225371
Train Epoch: 10 [22400/60000 (37%)]	Loss: 0.512082
Train Epoch: 10 [23040/60000 (38%)]	Loss: 0.113796
Train Epoch: 10 [23680/60000 (39%)]	Loss: 0.085627
Train Epoch: 10 [24320/60000 (41%)]	Loss: 0.205482
Train Epoch: 10 [24960/60000 (42%)]	Loss: 0.108372
Train Epoch: 10 [25600/60000 (43%)]	Loss: 0.141369
Train Epoch: 10 [26240/60000 (44%)]	Loss: 0.091549
Train Epoch: 10 [26880/60000 (45%)]	Loss: 0.125128
Train Epoch: 10 [27520/60000 (46%)]	Loss: 0.173984
Train Epoch: 10 [28160/60000 (47%)]	Loss: 0.201827
Train Epoch: 10 [28800/60000 (48%)]	Loss: 0.263013
Train Epoch: 10 [29440/60000 (49%)]	Loss: 0.117592
Train Epoch: 10 [30080/60000 (50%)]	Loss: 0.080222
Train Epoch: 10 [30720/60000 (51%)]	Loss: 0.049597
Train Epoch: 10 [31360/60000 (52%)]	Loss: 0.251801
Train Epoch: 10 [32000/60000 (53%)]	Loss: 0.240411
Train Epoch: 10 [32640/60000 (54%)]	Loss: 0.114041
Train Epoch: 10 [33280/60000 (55%)]	Loss: 0.136443
Train Epoch: 10 [33920/60000 (57%)]	Loss: 0.247557
Train Epoch: 10 [34560/60000 (58%)]	Loss: 0.032758
Train Epoch: 10 [35200/60000 (59%)]	Loss: 0.258785
Train Epoch: 10 [35840/60000 (60%)]	Loss: 0.054045
Train Epoch: 10 [36480/60000 (61%)]	Loss: 0.152460
Train Epoch: 10 [37120/60000 (62%)]	Loss: 0.202330
Train Epoch: 10 [37760/60000 (63%)]	Loss: 0.279964
Train Epoch: 10 [38400/60000 (64%)]	Loss: 0.216795
Train Epoch: 10 [39040/60000 (65%)]	Loss: 0.270083
Train Epoch: 10 [39680/60000 (66%)]	Loss: 0.115785
Train Epoch: 10 [40320/60000 (67%)]	Loss: 0.074418
Train Epoch: 10 [40960/60000 (68%)]	Loss: 0.051208
Train Epoch: 10 [41600/60000 (69%)]	Loss: 0.138478
Train Epoch: 10 [42240/60000 (70%)]	Loss: 0.101555
Train Epoch: 10 [42880/60000 (71%)]	Loss: 0.050724
Train Epoch: 10 [43520/60000 (72%)]	Loss: 0.126624
Train Epoch: 10 [44160/60000 (74%)]	Loss: 0.191588
Train Epoch: 10 [44800/60000 (75%)]	Loss: 0.181014
Train Epoch: 10 [45440/60000 (76%)]	Loss: 0.286534
Train Epoch: 10 [46080/60000 (77%)]	Loss: 0.108421
Train Epoch: 10 [46720/60000 (78%)]	Loss: 0.085298
Train Epoch: 10 [47360/60000 (79%)]	Loss: 0.192184
Train Epoch: 10 [48000/60000 (80%)]	Loss: 0.057915
Train Epoch: 10 [48640/60000 (81%)]	Loss: 0.160642
Train Epoch: 10 [49280/60000 (82%)]	Loss: 0.161462
Train Epoch: 10 [49920/60000 (83%)]	Loss: 0.252561
Train Epoch: 10 [50560/60000 (84%)]	Loss: 0.058949
Train Epoch: 10 [51200/60000 (85%)]	Loss: 0.223533
Train Epoch: 10 [51840/60000 (86%)]	Loss: 0.169352
Train Epoch: 10 [52480/60000 (87%)]	Loss: 0.236214
Train Epoch: 10 [53120/60000 (88%)]	Loss: 0.079880
Train Epoch: 10 [53760/60000 (90%)]	Loss: 0.296879
Train Epoch: 10 [54400/60000 (91%)]	Loss: 0.085090
Train Epoch: 10 [55040/60000 (92%)]	Loss: 0.154438
Train Epoch: 10 [55680/60000 (93%)]	Loss: 0.050201
Train Epoch: 10 [56320/60000 (94%)]	Loss: 0.088641
Train Epoch: 10 [56960/60000 (95%)]	Loss: 0.080945
Train Epoch: 10 [57600/60000 (96%)]	Loss: 0.152254
Train Epoch: 10 [58240/60000 (97%)]	Loss: 0.201002
Train Epoch: 10 [58880/60000 (98%)]	Loss: 0.305384
Train Epoch: 10 [59520/60000 (99%)]	Loss: 0.154995

Test set: Average loss: 0.0495, Accuracy: 9847/10000 (98%)

total time = 103.4202 s
