/home/zhaoxiao/anaconda3-cpu/bin/python
runing with 2 node
args.world_size =  2
args.world_size =  2
Train Epoch: 1 [0/60000 (0%)]	Loss: 2.396221
Train Epoch: 1 [0/60000 (0%)]	Loss: 2.355713
Train Epoch: 1 [320/60000 (1%)]	Loss: 2.364067
Train Epoch: 1 [320/60000 (1%)]	Loss: 2.311064
Train Epoch: 1 [640/60000 (2%)]	Loss: 2.293566
Train Epoch: 1 [640/60000 (2%)]	Loss: 2.265927
Train Epoch: 1 [960/60000 (3%)]	Loss: 2.224843
Train Epoch: 1 [960/60000 (3%)]	Loss: 2.260075
Train Epoch: 1 [1280/60000 (4%)]	Loss: 2.241598
Train Epoch: 1 [1280/60000 (4%)]	Loss: 2.325110
Train Epoch: 1 [1600/60000 (5%)]	Loss: 2.275585
Train Epoch: 1 [1600/60000 (5%)]	Loss: 2.209484
Train Epoch: 1 [1920/60000 (6%)]	Loss: 2.169327
Train Epoch: 1 [1920/60000 (6%)]	Loss: 2.105075
Train Epoch: 1 [2240/60000 (7%)]	Loss: 2.085534
Train Epoch: 1 [2240/60000 (7%)]	Loss: 2.154245
Train Epoch: 1 [2560/60000 (9%)]	Loss: 2.106272
Train Epoch: 1 [2560/60000 (9%)]	Loss: 2.091808
Train Epoch: 1 [2880/60000 (10%)]	Loss: 2.040589
Train Epoch: 1 [2880/60000 (10%)]	Loss: 1.940564
Train Epoch: 1 [3200/60000 (11%)]	Loss: 1.979105
Train Epoch: 1 [3200/60000 (11%)]	Loss: 1.868577
Train Epoch: 1 [3520/60000 (12%)]	Loss: 1.852896
Train Epoch: 1 [3520/60000 (12%)]	Loss: 1.892518
Train Epoch: 1 [3840/60000 (13%)]	Loss: 1.876381
Train Epoch: 1 [3840/60000 (13%)]	Loss: 1.741112
Train Epoch: 1 [4160/60000 (14%)]	Loss: 1.595188
Train Epoch: 1 [4160/60000 (14%)]	Loss: 1.703878
Train Epoch: 1 [4480/60000 (15%)]	Loss: 1.519408
Train Epoch: 1 [4480/60000 (15%)]	Loss: 1.370188
Train Epoch: 1 [4800/60000 (16%)]	Loss: 1.502911
Train Epoch: 1 [4800/60000 (16%)]	Loss: 1.825938
Train Epoch: 1 [5120/60000 (17%)]	Loss: 1.351602
Train Epoch: 1 [5120/60000 (17%)]	Loss: 1.255604
Train Epoch: 1 [5440/60000 (18%)]	Loss: 1.388296
Train Epoch: 1 [5440/60000 (18%)]	Loss: 1.407428
Train Epoch: 1 [5760/60000 (19%)]	Loss: 1.317320
Train Epoch: 1 [5760/60000 (19%)]	Loss: 1.036814
Train Epoch: 1 [6080/60000 (20%)]	Loss: 1.334738
Train Epoch: 1 [6080/60000 (20%)]	Loss: 1.211208
Train Epoch: 1 [6400/60000 (21%)]	Loss: 1.309838
Train Epoch: 1 [6400/60000 (21%)]	Loss: 1.383381
Train Epoch: 1 [6720/60000 (22%)]	Loss: 0.784524
Train Epoch: 1 [6720/60000 (22%)]	Loss: 0.837626
Train Epoch: 1 [7040/60000 (23%)]	Loss: 1.262234
Train Epoch: 1 [7040/60000 (23%)]	Loss: 1.069768
Train Epoch: 1 [7360/60000 (25%)]	Loss: 1.241104
Train Epoch: 1 [7360/60000 (25%)]	Loss: 1.099946
Train Epoch: 1 [7680/60000 (26%)]	Loss: 1.221193
Train Epoch: 1 [7680/60000 (26%)]	Loss: 0.959576
Train Epoch: 1 [8000/60000 (27%)]	Loss: 1.104047
Train Epoch: 1 [8000/60000 (27%)]	Loss: 0.726799
Train Epoch: 1 [8320/60000 (28%)]	Loss: 0.879054
Train Epoch: 1 [8320/60000 (28%)]	Loss: 1.419196
Train Epoch: 1 [8640/60000 (29%)]	Loss: 1.247823
Train Epoch: 1 [8640/60000 (29%)]	Loss: 0.920226
Train Epoch: 1 [8960/60000 (30%)]	Loss: 0.922669
Train Epoch: 1 [8960/60000 (30%)]	Loss: 1.019311
Train Epoch: 1 [9280/60000 (31%)]	Loss: 0.994264
Train Epoch: 1 [9280/60000 (31%)]	Loss: 0.836480
Train Epoch: 1 [9600/60000 (32%)]	Loss: 0.799538
Train Epoch: 1 [9600/60000 (32%)]	Loss: 1.022346
Train Epoch: 1 [9920/60000 (33%)]	Loss: 0.842964
Train Epoch: 1 [9920/60000 (33%)]	Loss: 1.105559
Train Epoch: 1 [10240/60000 (34%)]	Loss: 0.376945
Train Epoch: 1 [10240/60000 (34%)]	Loss: 1.005663
Train Epoch: 1 [10560/60000 (35%)]	Loss: 0.853987
Train Epoch: 1 [10560/60000 (35%)]	Loss: 0.668702
Train Epoch: 1 [10880/60000 (36%)]	Loss: 0.677627
Train Epoch: 1 [10880/60000 (36%)]	Loss: 1.255393
Train Epoch: 1 [11200/60000 (37%)]	Loss: 0.855022
Train Epoch: 1 [11200/60000 (37%)]	Loss: 0.498764
Train Epoch: 1 [11520/60000 (38%)]	Loss: 0.848235
Train Epoch: 1 [11520/60000 (38%)]	Loss: 0.793731
Train Epoch: 1 [11840/60000 (39%)]	Loss: 0.985179
Train Epoch: 1 [11840/60000 (39%)]	Loss: 0.525402
Train Epoch: 1 [12160/60000 (41%)]	Loss: 0.631035
Train Epoch: 1 [12160/60000 (41%)]	Loss: 0.809270
Train Epoch: 1 [12480/60000 (42%)]	Loss: 0.548914
Train Epoch: 1 [12480/60000 (42%)]	Loss: 0.413254
Train Epoch: 1 [12800/60000 (43%)]	Loss: 0.737331
Train Epoch: 1 [12800/60000 (43%)]	Loss: 0.740102
Train Epoch: 1 [13120/60000 (44%)]	Loss: 0.900888
Train Epoch: 1 [13120/60000 (44%)]	Loss: 0.568555
Train Epoch: 1 [13440/60000 (45%)]	Loss: 0.448565
Train Epoch: 1 [13440/60000 (45%)]	Loss: 0.713535
Train Epoch: 1 [13760/60000 (46%)]	Loss: 0.425615
Train Epoch: 1 [13760/60000 (46%)]	Loss: 0.390819
Train Epoch: 1 [14080/60000 (47%)]	Loss: 0.539001
Train Epoch: 1 [14080/60000 (47%)]	Loss: 0.930863
Train Epoch: 1 [14400/60000 (48%)]	Loss: 0.500912
Train Epoch: 1 [14400/60000 (48%)]	Loss: 0.695747
Train Epoch: 1 [14720/60000 (49%)]	Loss: 0.332533
Train Epoch: 1 [14720/60000 (49%)]	Loss: 0.602040
Train Epoch: 1 [15040/60000 (50%)]	Loss: 0.536234
Train Epoch: 1 [15040/60000 (50%)]	Loss: 0.853518
Train Epoch: 1 [15360/60000 (51%)]	Loss: 0.592661
Train Epoch: 1 [15360/60000 (51%)]	Loss: 0.579576
Train Epoch: 1 [15680/60000 (52%)]	Loss: 0.558851
Train Epoch: 1 [15680/60000 (52%)]	Loss: 0.679760
Train Epoch: 1 [16000/60000 (53%)]	Loss: 0.586652
Train Epoch: 1 [16000/60000 (53%)]	Loss: 0.386568
Train Epoch: 1 [16320/60000 (54%)]	Loss: 0.460878
Train Epoch: 1 [16320/60000 (54%)]	Loss: 0.412181
Train Epoch: 1 [16640/60000 (55%)]	Loss: 0.540081
Train Epoch: 1 [16640/60000 (55%)]	Loss: 0.419341
Train Epoch: 1 [16960/60000 (57%)]	Loss: 0.740106
Train Epoch: 1 [16960/60000 (57%)]	Loss: 0.841446
Train Epoch: 1 [17280/60000 (58%)]	Loss: 0.664794
Train Epoch: 1 [17280/60000 (58%)]	Loss: 0.596226
Train Epoch: 1 [17600/60000 (59%)]	Loss: 0.872661
Train Epoch: 1 [17600/60000 (59%)]	Loss: 0.933578
Train Epoch: 1 [17920/60000 (60%)]	Loss: 0.569101
Train Epoch: 1 [17920/60000 (60%)]	Loss: 0.663364
Train Epoch: 1 [18240/60000 (61%)]	Loss: 0.992595
Train Epoch: 1 [18240/60000 (61%)]	Loss: 0.565473
Train Epoch: 1 [18560/60000 (62%)]	Loss: 0.399743
Train Epoch: 1 [18560/60000 (62%)]	Loss: 0.741140
Train Epoch: 1 [18880/60000 (63%)]	Loss: 0.371917
Train Epoch: 1 [18880/60000 (63%)]	Loss: 0.536375
Train Epoch: 1 [19200/60000 (64%)]	Loss: 0.749089
Train Epoch: 1 [19200/60000 (64%)]	Loss: 0.451501
Train Epoch: 1 [19520/60000 (65%)]	Loss: 0.350664
Train Epoch: 1 [19520/60000 (65%)]	Loss: 0.542231
Train Epoch: 1 [19840/60000 (66%)]	Loss: 0.568981
Train Epoch: 1 [19840/60000 (66%)]	Loss: 0.428411
Train Epoch: 1 [20160/60000 (67%)]	Loss: 0.575868
Train Epoch: 1 [20160/60000 (67%)]	Loss: 0.400310
Train Epoch: 1 [20480/60000 (68%)]	Loss: 0.746254
Train Epoch: 1 [20480/60000 (68%)]	Loss: 0.615572
Train Epoch: 1 [20800/60000 (69%)]	Loss: 0.690241
Train Epoch: 1 [20800/60000 (69%)]	Loss: 0.396005
Train Epoch: 1 [21120/60000 (70%)]	Loss: 0.364516
Train Epoch: 1 [21120/60000 (70%)]	Loss: 0.517035
Train Epoch: 1 [21440/60000 (71%)]	Loss: 0.530892
Train Epoch: 1 [21440/60000 (71%)]	Loss: 0.467266
Train Epoch: 1 [21760/60000 (72%)]	Loss: 0.538932
Train Epoch: 1 [21760/60000 (72%)]	Loss: 0.517120
Train Epoch: 1 [22080/60000 (74%)]	Loss: 0.640030
Train Epoch: 1 [22080/60000 (74%)]	Loss: 0.733108
Train Epoch: 1 [22400/60000 (75%)]	Loss: 0.745537
Train Epoch: 1 [22400/60000 (75%)]	Loss: 0.444641
Train Epoch: 1 [22720/60000 (76%)]	Loss: 0.133381
Train Epoch: 1 [22720/60000 (76%)]	Loss: 0.708079
Train Epoch: 1 [23040/60000 (77%)]	Loss: 0.646453
Train Epoch: 1 [23040/60000 (77%)]	Loss: 0.753210
Train Epoch: 1 [23360/60000 (78%)]	Loss: 0.498668
Train Epoch: 1 [23360/60000 (78%)]	Loss: 0.468733
Train Epoch: 1 [23680/60000 (79%)]	Loss: 0.672791
Train Epoch: 1 [23680/60000 (79%)]	Loss: 0.642394
Train Epoch: 1 [24000/60000 (80%)]	Loss: 0.735960
Train Epoch: 1 [24000/60000 (80%)]	Loss: 0.534882
Train Epoch: 1 [24320/60000 (81%)]	Loss: 0.522853
Train Epoch: 1 [24320/60000 (81%)]	Loss: 0.435089
Train Epoch: 1 [24640/60000 (82%)]	Loss: 0.582401
Train Epoch: 1 [24640/60000 (82%)]	Loss: 0.552959
Train Epoch: 1 [24960/60000 (83%)]	Loss: 0.651377
Train Epoch: 1 [24960/60000 (83%)]	Loss: 0.628312
Train Epoch: 1 [25280/60000 (84%)]	Loss: 0.776062
Train Epoch: 1 [25280/60000 (84%)]	Loss: 0.598012
Train Epoch: 1 [25600/60000 (85%)]	Loss: 0.489813
Train Epoch: 1 [25600/60000 (85%)]	Loss: 0.589110
Train Epoch: 1 [25920/60000 (86%)]	Loss: 0.355954
Train Epoch: 1 [25920/60000 (86%)]	Loss: 0.618395
Train Epoch: 1 [26240/60000 (87%)]	Loss: 1.015365
Train Epoch: 1 [26240/60000 (87%)]	Loss: 0.364410
Train Epoch: 1 [26560/60000 (88%)]	Loss: 0.462323
Train Epoch: 1 [26560/60000 (88%)]	Loss: 0.529382
Train Epoch: 1 [26880/60000 (90%)]	Loss: 0.253658
Train Epoch: 1 [26880/60000 (90%)]	Loss: 0.537564
Train Epoch: 1 [27200/60000 (91%)]	Loss: 0.886140
Train Epoch: 1 [27200/60000 (91%)]	Loss: 0.836907
Train Epoch: 1 [27520/60000 (92%)]	Loss: 0.447383
Train Epoch: 1 [27520/60000 (92%)]	Loss: 0.372025
Train Epoch: 1 [27840/60000 (93%)]	Loss: 0.444589
Train Epoch: 1 [27840/60000 (93%)]	Loss: 0.250473
Train Epoch: 1 [28160/60000 (94%)]	Loss: 0.761659
Train Epoch: 1 [28160/60000 (94%)]	Loss: 0.541379
Train Epoch: 1 [28480/60000 (95%)]	Loss: 0.293441
Train Epoch: 1 [28480/60000 (95%)]	Loss: 0.400738
Train Epoch: 1 [28800/60000 (96%)]	Loss: 0.282214
Train Epoch: 1 [28800/60000 (96%)]	Loss: 0.379783
Train Epoch: 1 [29120/60000 (97%)]	Loss: 0.455975
Train Epoch: 1 [29120/60000 (97%)]	Loss: 0.421181
Train Epoch: 1 [29440/60000 (98%)]	Loss: 0.665096
Train Epoch: 1 [29440/60000 (98%)]	Loss: 0.362609
Train Epoch: 1 [29760/60000 (99%)]	Loss: 0.551775
Train Epoch: 1 [29760/60000 (99%)]	Loss: 0.427269

Test set: Average loss: 0.2075, Accuracy: 9378/10000 (93%)


Test set: Average loss: 0.2075, Accuracy: 9378/10000 (93%)

Train Epoch: 2 [0/60000 (0%)]	Loss: 0.790740
Train Epoch: 2 [0/60000 (0%)]	Loss: 0.805746
Train Epoch: 2 [320/60000 (1%)]	Loss: 0.540062
Train Epoch: 2 [320/60000 (1%)]	Loss: 0.352784
Train Epoch: 2 [640/60000 (2%)]	Loss: 0.624789
Train Epoch: 2 [640/60000 (2%)]	Loss: 0.322331
Train Epoch: 2 [960/60000 (3%)]	Loss: 0.317760
Train Epoch: 2 [960/60000 (3%)]	Loss: 0.504650
Train Epoch: 2 [1280/60000 (4%)]	Loss: 0.416446
Train Epoch: 2 [1280/60000 (4%)]	Loss: 0.552749
Train Epoch: 2 [1600/60000 (5%)]	Loss: 0.433139
Train Epoch: 2 [1600/60000 (5%)]	Loss: 0.166816
Train Epoch: 2 [1920/60000 (6%)]	Loss: 0.546411
Train Epoch: 2 [1920/60000 (6%)]	Loss: 0.192952
Train Epoch: 2 [2240/60000 (7%)]	Loss: 0.261162
Train Epoch: 2 [2240/60000 (7%)]	Loss: 0.818670
Train Epoch: 2 [2560/60000 (9%)]	Loss: 0.534097
Train Epoch: 2 [2560/60000 (9%)]	Loss: 0.664360
Train Epoch: 2 [2880/60000 (10%)]	Loss: 0.894739
Train Epoch: 2 [2880/60000 (10%)]	Loss: 0.491457
Train Epoch: 2 [3200/60000 (11%)]	Loss: 0.587129
Train Epoch: 2 [3200/60000 (11%)]	Loss: 0.263458
Train Epoch: 2 [3520/60000 (12%)]	Loss: 0.755910
Train Epoch: 2 [3520/60000 (12%)]	Loss: 0.209292
Train Epoch: 2 [3840/60000 (13%)]	Loss: 0.288162
Train Epoch: 2 [3840/60000 (13%)]	Loss: 0.498167
Train Epoch: 2 [4160/60000 (14%)]	Loss: 0.576006
Train Epoch: 2 [4160/60000 (14%)]	Loss: 0.445925
Train Epoch: 2 [4480/60000 (15%)]	Loss: 0.335916
Train Epoch: 2 [4480/60000 (15%)]	Loss: 0.091604
Train Epoch: 2 [4800/60000 (16%)]	Loss: 0.489426
Train Epoch: 2 [4800/60000 (16%)]	Loss: 0.490657
Train Epoch: 2 [5120/60000 (17%)]	Loss: 0.305158
Train Epoch: 2 [5120/60000 (17%)]	Loss: 0.315188
Train Epoch: 2 [5440/60000 (18%)]	Loss: 0.177288
Train Epoch: 2 [5440/60000 (18%)]	Loss: 0.637907
Train Epoch: 2 [5760/60000 (19%)]	Loss: 0.433962
Train Epoch: 2 [5760/60000 (19%)]	Loss: 0.335571
Train Epoch: 2 [6080/60000 (20%)]	Loss: 0.468634
Train Epoch: 2 [6080/60000 (20%)]	Loss: 0.814767
Train Epoch: 2 [6400/60000 (21%)]	Loss: 0.668483
Train Epoch: 2 [6400/60000 (21%)]	Loss: 0.546626
Train Epoch: 2 [6720/60000 (22%)]	Loss: 0.219818
Train Epoch: 2 [6720/60000 (22%)]	Loss: 0.317517
Train Epoch: 2 [7040/60000 (23%)]	Loss: 0.517024
Train Epoch: 2 [7040/60000 (23%)]	Loss: 0.377533
Train Epoch: 2 [7360/60000 (25%)]	Loss: 0.217038
Train Epoch: 2 [7360/60000 (25%)]	Loss: 1.001778
Train Epoch: 2 [7680/60000 (26%)]	Loss: 0.518435
Train Epoch: 2 [7680/60000 (26%)]	Loss: 0.382669
Train Epoch: 2 [8000/60000 (27%)]	Loss: 0.469821
Train Epoch: 2 [8000/60000 (27%)]	Loss: 0.234041
Train Epoch: 2 [8320/60000 (28%)]	Loss: 0.394372
Train Epoch: 2 [8320/60000 (28%)]	Loss: 0.497901
Train Epoch: 2 [8640/60000 (29%)]	Loss: 0.489481
Train Epoch: 2 [8640/60000 (29%)]	Loss: 0.585599
Train Epoch: 2 [8960/60000 (30%)]	Loss: 0.492441
Train Epoch: 2 [8960/60000 (30%)]	Loss: 0.234765
Train Epoch: 2 [9280/60000 (31%)]	Loss: 0.333746
Train Epoch: 2 [9280/60000 (31%)]	Loss: 0.324817
Train Epoch: 2 [9600/60000 (32%)]	Loss: 0.431611
Train Epoch: 2 [9600/60000 (32%)]	Loss: 0.595041
Train Epoch: 2 [9920/60000 (33%)]	Loss: 0.297366
Train Epoch: 2 [9920/60000 (33%)]	Loss: 0.523922
Train Epoch: 2 [10240/60000 (34%)]	Loss: 0.409301
Train Epoch: 2 [10240/60000 (34%)]	Loss: 0.617251
Train Epoch: 2 [10560/60000 (35%)]	Loss: 0.203461
Train Epoch: 2 [10560/60000 (35%)]	Loss: 0.335470
Train Epoch: 2 [10880/60000 (36%)]	Loss: 0.492561
Train Epoch: 2 [10880/60000 (36%)]	Loss: 0.746751
Train Epoch: 2 [11200/60000 (37%)]	Loss: 0.202864
Train Epoch: 2 [11200/60000 (37%)]	Loss: 0.454073
Train Epoch: 2 [11520/60000 (38%)]	Loss: 0.312219
Train Epoch: 2 [11520/60000 (38%)]	Loss: 0.385872
Train Epoch: 2 [11840/60000 (39%)]	Loss: 0.446761
Train Epoch: 2 [11840/60000 (39%)]	Loss: 0.216809
Train Epoch: 2 [12160/60000 (41%)]	Loss: 0.298297
Train Epoch: 2 [12160/60000 (41%)]	Loss: 0.280103
Train Epoch: 2 [12480/60000 (42%)]	Loss: 0.253635
Train Epoch: 2 [12480/60000 (42%)]	Loss: 0.338108
Train Epoch: 2 [12800/60000 (43%)]	Loss: 0.344242
Train Epoch: 2 [12800/60000 (43%)]	Loss: 0.597418
Train Epoch: 2 [13120/60000 (44%)]	Loss: 0.315603
Train Epoch: 2 [13120/60000 (44%)]	Loss: 0.241053
Train Epoch: 2 [13440/60000 (45%)]	Loss: 0.387284
Train Epoch: 2 [13440/60000 (45%)]	Loss: 0.291337
Train Epoch: 2 [13760/60000 (46%)]	Loss: 0.392764
Train Epoch: 2 [13760/60000 (46%)]	Loss: 0.393504
Train Epoch: 2 [14080/60000 (47%)]	Loss: 0.221110
Train Epoch: 2 [14080/60000 (47%)]	Loss: 0.878731
Train Epoch: 2 [14400/60000 (48%)]	Loss: 0.359872
Train Epoch: 2 [14400/60000 (48%)]	Loss: 0.372007
Train Epoch: 2 [14720/60000 (49%)]	Loss: 0.391150
Train Epoch: 2 [14720/60000 (49%)]	Loss: 0.268704
Train Epoch: 2 [15040/60000 (50%)]	Loss: 0.356328
Train Epoch: 2 [15040/60000 (50%)]	Loss: 0.533815
Train Epoch: 2 [15360/60000 (51%)]	Loss: 0.587371
Train Epoch: 2 [15360/60000 (51%)]	Loss: 0.224229
Train Epoch: 2 [15680/60000 (52%)]	Loss: 0.327016
Train Epoch: 2 [15680/60000 (52%)]	Loss: 0.479897
Train Epoch: 2 [16000/60000 (53%)]	Loss: 0.367313
Train Epoch: 2 [16000/60000 (53%)]	Loss: 0.194738
Train Epoch: 2 [16320/60000 (54%)]	Loss: 0.251578
Train Epoch: 2 [16320/60000 (54%)]	Loss: 0.316785
Train Epoch: 2 [16640/60000 (55%)]	Loss: 0.244894
Train Epoch: 2 [16640/60000 (55%)]	Loss: 0.170833
Train Epoch: 2 [16960/60000 (57%)]	Loss: 0.240102
Train Epoch: 2 [16960/60000 (57%)]	Loss: 0.596961
Train Epoch: 2 [17280/60000 (58%)]	Loss: 0.450096
Train Epoch: 2 [17280/60000 (58%)]	Loss: 0.400016
Train Epoch: 2 [17600/60000 (59%)]	Loss: 0.626377
Train Epoch: 2 [17600/60000 (59%)]	Loss: 0.441586
Train Epoch: 2 [17920/60000 (60%)]	Loss: 0.409129
Train Epoch: 2 [17920/60000 (60%)]	Loss: 0.363779
Train Epoch: 2 [18240/60000 (61%)]	Loss: 0.779005
Train Epoch: 2 [18240/60000 (61%)]	Loss: 0.356403
Train Epoch: 2 [18560/60000 (62%)]	Loss: 0.275097
Train Epoch: 2 [18560/60000 (62%)]	Loss: 0.560381
Train Epoch: 2 [18880/60000 (63%)]	Loss: 0.436891
Train Epoch: 2 [18880/60000 (63%)]	Loss: 0.107883
Train Epoch: 2 [19200/60000 (64%)]	Loss: 0.230088
Train Epoch: 2 [19200/60000 (64%)]	Loss: 0.092442
Train Epoch: 2 [19520/60000 (65%)]	Loss: 0.208740
Train Epoch: 2 [19520/60000 (65%)]	Loss: 0.643112
Train Epoch: 2 [19840/60000 (66%)]	Loss: 0.749417
Train Epoch: 2 [19840/60000 (66%)]	Loss: 0.306025
Train Epoch: 2 [20160/60000 (67%)]	Loss: 0.770720
Train Epoch: 2 [20160/60000 (67%)]	Loss: 0.129213
Train Epoch: 2 [20480/60000 (68%)]	Loss: 0.480421
Train Epoch: 2 [20480/60000 (68%)]	Loss: 0.255305
Train Epoch: 2 [20800/60000 (69%)]	Loss: 0.451448
Train Epoch: 2 [20800/60000 (69%)]	Loss: 0.160718
Train Epoch: 2 [21120/60000 (70%)]	Loss: 0.183500
Train Epoch: 2 [21120/60000 (70%)]	Loss: 0.350059
Train Epoch: 2 [21440/60000 (71%)]	Loss: 0.367543
Train Epoch: 2 [21440/60000 (71%)]	Loss: 0.269670
Train Epoch: 2 [21760/60000 (72%)]	Loss: 0.265228
Train Epoch: 2 [21760/60000 (72%)]	Loss: 0.282027
Train Epoch: 2 [22080/60000 (74%)]	Loss: 0.209195
Train Epoch: 2 [22080/60000 (74%)]	Loss: 0.225067
Train Epoch: 2 [22400/60000 (75%)]	Loss: 0.405362
Train Epoch: 2 [22400/60000 (75%)]	Loss: 0.235929
Train Epoch: 2 [22720/60000 (76%)]	Loss: 0.040199
Train Epoch: 2 [22720/60000 (76%)]	Loss: 0.507819
Train Epoch: 2 [23040/60000 (77%)]	Loss: 0.622804
Train Epoch: 2 [23040/60000 (77%)]	Loss: 0.386025
Train Epoch: 2 [23360/60000 (78%)]	Loss: 0.172873
Train Epoch: 2 [23360/60000 (78%)]	Loss: 0.279601
Train Epoch: 2 [23680/60000 (79%)]	Loss: 0.586433
Train Epoch: 2 [23680/60000 (79%)]	Loss: 0.285136
Train Epoch: 2 [24000/60000 (80%)]	Loss: 0.415725
Train Epoch: 2 [24000/60000 (80%)]	Loss: 0.438501
Train Epoch: 2 [24320/60000 (81%)]	Loss: 0.265419
Train Epoch: 2 [24320/60000 (81%)]	Loss: 0.208973
Train Epoch: 2 [24640/60000 (82%)]	Loss: 0.633855
Train Epoch: 2 [24640/60000 (82%)]	Loss: 0.400476
Train Epoch: 2 [24960/60000 (83%)]	Loss: 0.309855
Train Epoch: 2 [24960/60000 (83%)]	Loss: 0.353424
Train Epoch: 2 [25280/60000 (84%)]	Loss: 0.754015
Train Epoch: 2 [25280/60000 (84%)]	Loss: 0.456655
Train Epoch: 2 [25600/60000 (85%)]	Loss: 0.226907
Train Epoch: 2 [25600/60000 (85%)]	Loss: 0.336165
Train Epoch: 2 [25920/60000 (86%)]	Loss: 0.236848
Train Epoch: 2 [25920/60000 (86%)]	Loss: 0.263751
Train Epoch: 2 [26240/60000 (87%)]	Loss: 0.410568
Train Epoch: 2 [26240/60000 (87%)]	Loss: 0.391685
Train Epoch: 2 [26560/60000 (88%)]	Loss: 0.153089
Train Epoch: 2 [26560/60000 (88%)]	Loss: 0.195838
Train Epoch: 2 [26880/60000 (90%)]	Loss: 0.557889
Train Epoch: 2 [26880/60000 (90%)]	Loss: 0.515494
Train Epoch: 2 [27200/60000 (91%)]	Loss: 0.450243
Train Epoch: 2 [27200/60000 (91%)]	Loss: 0.789479
Train Epoch: 2 [27520/60000 (92%)]	Loss: 0.488912
Train Epoch: 2 [27520/60000 (92%)]	Loss: 0.306008
Train Epoch: 2 [27840/60000 (93%)]	Loss: 0.293090
Train Epoch: 2 [27840/60000 (93%)]	Loss: 0.252954
Train Epoch: 2 [28160/60000 (94%)]	Loss: 0.671924
Train Epoch: 2 [28160/60000 (94%)]	Loss: 0.306745
Train Epoch: 2 [28480/60000 (95%)]	Loss: 0.208418
Train Epoch: 2 [28480/60000 (95%)]	Loss: 0.226077
Train Epoch: 2 [28800/60000 (96%)]	Loss: 0.222863
Train Epoch: 2 [28800/60000 (96%)]	Loss: 0.280237
Train Epoch: 2 [29120/60000 (97%)]	Loss: 0.159688
Train Epoch: 2 [29120/60000 (97%)]	Loss: 0.243399
Train Epoch: 2 [29440/60000 (98%)]	Loss: 0.536641
Train Epoch: 2 [29440/60000 (98%)]	Loss: 0.240888
Train Epoch: 2 [29760/60000 (99%)]	Loss: 0.330259
Train Epoch: 2 [29760/60000 (99%)]	Loss: 0.172802

Test set: Average loss: 0.1275, Accuracy: 9606/10000 (96%)


Test set: Average loss: 0.1275, Accuracy: 9606/10000 (96%)

Train Epoch: 3 [0/60000 (0%)]	Loss: 0.612837
Train Epoch: 3 [0/60000 (0%)]	Loss: 0.410130
Train Epoch: 3 [320/60000 (1%)]	Loss: 0.191906
Train Epoch: 3 [320/60000 (1%)]	Loss: 0.414138
Train Epoch: 3 [640/60000 (2%)]	Loss: 0.432476
Train Epoch: 3 [640/60000 (2%)]	Loss: 0.465599
Train Epoch: 3 [960/60000 (3%)]	Loss: 0.164828
Train Epoch: 3 [960/60000 (3%)]	Loss: 0.555968
Train Epoch: 3 [1280/60000 (4%)]	Loss: 0.510343
Train Epoch: 3 [1280/60000 (4%)]	Loss: 0.313725
Train Epoch: 3 [1600/60000 (5%)]	Loss: 0.311853
Train Epoch: 3 [1600/60000 (5%)]	Loss: 0.115936
Train Epoch: 3 [1920/60000 (6%)]	Loss: 0.273720
Train Epoch: 3 [1920/60000 (6%)]	Loss: 0.130022
Train Epoch: 3 [2240/60000 (7%)]	Loss: 0.139114
Train Epoch: 3 [2240/60000 (7%)]	Loss: 0.338865
Train Epoch: 3 [2560/60000 (9%)]	Loss: 0.174382
Train Epoch: 3 [2560/60000 (9%)]	Loss: 0.446554
Train Epoch: 3 [2880/60000 (10%)]	Loss: 0.428578
Train Epoch: 3 [2880/60000 (10%)]	Loss: 0.092656
Train Epoch: 3 [3200/60000 (11%)]	Loss: 0.351310
Train Epoch: 3 [3200/60000 (11%)]	Loss: 0.258050
Train Epoch: 3 [3520/60000 (12%)]	Loss: 0.456868
Train Epoch: 3 [3520/60000 (12%)]	Loss: 0.236031
Train Epoch: 3 [3840/60000 (13%)]	Loss: 0.406516
Train Epoch: 3 [3840/60000 (13%)]	Loss: 0.304450
Train Epoch: 3 [4160/60000 (14%)]	Loss: 0.442008
Train Epoch: 3 [4160/60000 (14%)]	Loss: 0.186854
Train Epoch: 3 [4480/60000 (15%)]	Loss: 0.194927
Train Epoch: 3 [4480/60000 (15%)]	Loss: 0.076512
Train Epoch: 3 [4800/60000 (16%)]	Loss: 0.409111
Train Epoch: 3 [4800/60000 (16%)]	Loss: 0.294614
Train Epoch: 3 [5120/60000 (17%)]	Loss: 0.312139
Train Epoch: 3 [5120/60000 (17%)]	Loss: 0.191913
Train Epoch: 3 [5440/60000 (18%)]	Loss: 0.180320
Train Epoch: 3 [5440/60000 (18%)]	Loss: 0.519339
Train Epoch: 3 [5760/60000 (19%)]	Loss: 0.281203
Train Epoch: 3 [5760/60000 (19%)]	Loss: 0.115441
Train Epoch: 3 [6080/60000 (20%)]	Loss: 0.607642
Train Epoch: 3 [6080/60000 (20%)]	Loss: 0.504522
Train Epoch: 3 [6400/60000 (21%)]	Loss: 0.143000
Train Epoch: 3 [6400/60000 (21%)]	Loss: 0.403478
Train Epoch: 3 [6720/60000 (22%)]	Loss: 0.464961
Train Epoch: 3 [6720/60000 (22%)]	Loss: 0.252053
Train Epoch: 3 [7040/60000 (23%)]	Loss: 0.265094
Train Epoch: 3 [7040/60000 (23%)]	Loss: 0.198880
Train Epoch: 3 [7360/60000 (25%)]	Loss: 0.210096
Train Epoch: 3 [7360/60000 (25%)]	Loss: 0.682453
Train Epoch: 3 [7680/60000 (26%)]	Loss: 0.072183
Train Epoch: 3 [7680/60000 (26%)]	Loss: 0.203596
Train Epoch: 3 [8000/60000 (27%)]	Loss: 0.439029
Train Epoch: 3 [8000/60000 (27%)]	Loss: 0.240506
Train Epoch: 3 [8320/60000 (28%)]	Loss: 0.301322
Train Epoch: 3 [8320/60000 (28%)]	Loss: 0.383182
Train Epoch: 3 [8640/60000 (29%)]	Loss: 0.196078
Train Epoch: 3 [8640/60000 (29%)]	Loss: 0.461585
Train Epoch: 3 [8960/60000 (30%)]	Loss: 0.151221
Train Epoch: 3 [8960/60000 (30%)]	Loss: 0.186944
Train Epoch: 3 [9280/60000 (31%)]	Loss: 0.337123
Train Epoch: 3 [9280/60000 (31%)]	Loss: 0.314338
Train Epoch: 3 [9600/60000 (32%)]	Loss: 0.622011
Train Epoch: 3 [9600/60000 (32%)]	Loss: 0.447679
Train Epoch: 3 [9920/60000 (33%)]	Loss: 0.215456
Train Epoch: 3 [9920/60000 (33%)]	Loss: 0.382465
Train Epoch: 3 [10240/60000 (34%)]	Loss: 0.188573
Train Epoch: 3 [10240/60000 (34%)]	Loss: 0.402635
Train Epoch: 3 [10560/60000 (35%)]	Loss: 0.155998
Train Epoch: 3 [10560/60000 (35%)]	Loss: 0.136305
Train Epoch: 3 [10880/60000 (36%)]	Loss: 0.317292
Train Epoch: 3 [10880/60000 (36%)]	Loss: 0.772035
Train Epoch: 3 [11200/60000 (37%)]	Loss: 0.205721
Train Epoch: 3 [11200/60000 (37%)]	Loss: 0.178632
Train Epoch: 3 [11520/60000 (38%)]	Loss: 0.175562
Train Epoch: 3 [11520/60000 (38%)]	Loss: 0.166250
Train Epoch: 3 [11840/60000 (39%)]	Loss: 0.716354
Train Epoch: 3 [11840/60000 (39%)]	Loss: 0.079360
Train Epoch: 3 [12160/60000 (41%)]	Loss: 0.114377
Train Epoch: 3 [12160/60000 (41%)]	Loss: 0.205284
Train Epoch: 3 [12480/60000 (42%)]	Loss: 0.258059
Train Epoch: 3 [12480/60000 (42%)]	Loss: 0.159901
Train Epoch: 3 [12800/60000 (43%)]	Loss: 0.272427
Train Epoch: 3 [12800/60000 (43%)]	Loss: 0.612519
Train Epoch: 3 [13120/60000 (44%)]	Loss: 0.235426
Train Epoch: 3 [13120/60000 (44%)]	Loss: 0.287659
Train Epoch: 3 [13440/60000 (45%)]	Loss: 0.295516
Train Epoch: 3 [13440/60000 (45%)]	Loss: 0.431831
Train Epoch: 3 [13760/60000 (46%)]	Loss: 0.275113
Train Epoch: 3 [13760/60000 (46%)]	Loss: 0.132357
Train Epoch: 3 [14080/60000 (47%)]	Loss: 0.101244
Train Epoch: 3 [14080/60000 (47%)]	Loss: 0.623404
Train Epoch: 3 [14400/60000 (48%)]	Loss: 0.415684
Train Epoch: 3 [14400/60000 (48%)]	Loss: 0.204504
Train Epoch: 3 [14720/60000 (49%)]	Loss: 0.250892
Train Epoch: 3 [14720/60000 (49%)]	Loss: 0.288598
Train Epoch: 3 [15040/60000 (50%)]	Loss: 0.189544
Train Epoch: 3 [15040/60000 (50%)]	Loss: 0.281322
Train Epoch: 3 [15360/60000 (51%)]	Loss: 0.360636
Train Epoch: 3 [15360/60000 (51%)]	Loss: 0.211247
Train Epoch: 3 [15680/60000 (52%)]	Loss: 0.828315
Train Epoch: 3 [15680/60000 (52%)]	Loss: 0.572928
Train Epoch: 3 [16000/60000 (53%)]	Loss: 0.438239
Train Epoch: 3 [16000/60000 (53%)]	Loss: 0.088306
Train Epoch: 3 [16320/60000 (54%)]	Loss: 0.282173
Train Epoch: 3 [16320/60000 (54%)]	Loss: 0.155388
Train Epoch: 3 [16640/60000 (55%)]	Loss: 0.330505
Train Epoch: 3 [16640/60000 (55%)]	Loss: 0.193671
Train Epoch: 3 [16960/60000 (57%)]	Loss: 0.136141
Train Epoch: 3 [16960/60000 (57%)]	Loss: 0.351969
Train Epoch: 3 [17280/60000 (58%)]	Loss: 0.457427
Train Epoch: 3 [17280/60000 (58%)]	Loss: 0.309605
Train Epoch: 3 [17600/60000 (59%)]	Loss: 0.384687
Train Epoch: 3 [17600/60000 (59%)]	Loss: 0.583444
Train Epoch: 3 [17920/60000 (60%)]	Loss: 0.285842
Train Epoch: 3 [17920/60000 (60%)]	Loss: 0.314518
Train Epoch: 3 [18240/60000 (61%)]	Loss: 0.599871
Train Epoch: 3 [18240/60000 (61%)]	Loss: 0.233154
Train Epoch: 3 [18560/60000 (62%)]	Loss: 0.381105
Train Epoch: 3 [18560/60000 (62%)]	Loss: 0.265531
Train Epoch: 3 [18880/60000 (63%)]	Loss: 0.162276
Train Epoch: 3 [18880/60000 (63%)]	Loss: 0.079825
Train Epoch: 3 [19200/60000 (64%)]	Loss: 0.307640
Train Epoch: 3 [19200/60000 (64%)]	Loss: 0.259679
Train Epoch: 3 [19520/60000 (65%)]	Loss: 0.175895
Train Epoch: 3 [19520/60000 (65%)]	Loss: 0.416834
Train Epoch: 3 [19840/60000 (66%)]	Loss: 0.335827
Train Epoch: 3 [19840/60000 (66%)]	Loss: 0.357423
Train Epoch: 3 [20160/60000 (67%)]	Loss: 0.278055
Train Epoch: 3 [20160/60000 (67%)]	Loss: 0.161799
Train Epoch: 3 [20480/60000 (68%)]	Loss: 0.671796
Train Epoch: 3 [20480/60000 (68%)]	Loss: 0.159544
Train Epoch: 3 [20800/60000 (69%)]	Loss: 0.232192
Train Epoch: 3 [20800/60000 (69%)]	Loss: 0.203979
Train Epoch: 3 [21120/60000 (70%)]	Loss: 0.319129
Train Epoch: 3 [21120/60000 (70%)]	Loss: 0.258897
Train Epoch: 3 [21440/60000 (71%)]	Loss: 0.340212
Train Epoch: 3 [21440/60000 (71%)]	Loss: 0.234808
Train Epoch: 3 [21760/60000 (72%)]	Loss: 0.305770
Train Epoch: 3 [21760/60000 (72%)]	Loss: 0.356652
Train Epoch: 3 [22080/60000 (74%)]	Loss: 0.164254
Train Epoch: 3 [22080/60000 (74%)]	Loss: 0.347884
Train Epoch: 3 [22400/60000 (75%)]	Loss: 0.357334
Train Epoch: 3 [22400/60000 (75%)]	Loss: 0.134260
Train Epoch: 3 [22720/60000 (76%)]	Loss: 0.157949
Train Epoch: 3 [22720/60000 (76%)]	Loss: 0.410637
Train Epoch: 3 [23040/60000 (77%)]	Loss: 0.390320
Train Epoch: 3 [23040/60000 (77%)]	Loss: 0.291679
Train Epoch: 3 [23360/60000 (78%)]	Loss: 0.236084
Train Epoch: 3 [23360/60000 (78%)]	Loss: 0.578255
Train Epoch: 3 [23680/60000 (79%)]	Loss: 0.241783
Train Epoch: 3 [23680/60000 (79%)]	Loss: 0.294014
Train Epoch: 3 [24000/60000 (80%)]	Loss: 0.332653
Train Epoch: 3 [24000/60000 (80%)]	Loss: 0.175832
Train Epoch: 3 [24320/60000 (81%)]	Loss: 0.489267
Train Epoch: 3 [24320/60000 (81%)]	Loss: 0.132797
Train Epoch: 3 [24640/60000 (82%)]	Loss: 0.497602
Train Epoch: 3 [24640/60000 (82%)]	Loss: 0.340063
Train Epoch: 3 [24960/60000 (83%)]	Loss: 0.354149
Train Epoch: 3 [24960/60000 (83%)]	Loss: 0.374799
Train Epoch: 3 [25280/60000 (84%)]	Loss: 0.477731
Train Epoch: 3 [25280/60000 (84%)]	Loss: 0.233637
Train Epoch: 3 [25600/60000 (85%)]	Loss: 0.253539
Train Epoch: 3 [25600/60000 (85%)]	Loss: 0.193181
Train Epoch: 3 [25920/60000 (86%)]	Loss: 0.368551
Train Epoch: 3 [25920/60000 (86%)]	Loss: 0.343085
Train Epoch: 3 [26240/60000 (87%)]	Loss: 0.342767
Train Epoch: 3 [26240/60000 (87%)]	Loss: 0.180434
Train Epoch: 3 [26560/60000 (88%)]	Loss: 0.160476
Train Epoch: 3 [26560/60000 (88%)]	Loss: 0.180660
Train Epoch: 3 [26880/60000 (90%)]	Loss: 0.106569
Train Epoch: 3 [26880/60000 (90%)]	Loss: 0.274521
Train Epoch: 3 [27200/60000 (91%)]	Loss: 0.327660
Train Epoch: 3 [27200/60000 (91%)]	Loss: 0.804997
Train Epoch: 3 [27520/60000 (92%)]	Loss: 0.202299
Train Epoch: 3 [27520/60000 (92%)]	Loss: 0.159533
Train Epoch: 3 [27840/60000 (93%)]	Loss: 0.186370
Train Epoch: 3 [27840/60000 (93%)]	Loss: 0.159877
Train Epoch: 3 [28160/60000 (94%)]	Loss: 0.549303
Train Epoch: 3 [28160/60000 (94%)]	Loss: 0.080956
Train Epoch: 3 [28480/60000 (95%)]	Loss: 0.087508
Train Epoch: 3 [28480/60000 (95%)]	Loss: 0.133402
Train Epoch: 3 [28800/60000 (96%)]	Loss: 0.200031
Train Epoch: 3 [28800/60000 (96%)]	Loss: 0.194115
Train Epoch: 3 [29120/60000 (97%)]	Loss: 0.302230
Train Epoch: 3 [29120/60000 (97%)]	Loss: 0.129223
Train Epoch: 3 [29440/60000 (98%)]	Loss: 0.313261
Train Epoch: 3 [29440/60000 (98%)]	Loss: 0.162511
Train Epoch: 3 [29760/60000 (99%)]	Loss: 0.073133
Train Epoch: 3 [29760/60000 (99%)]	Loss: 0.162536

Test set: Average loss: 0.1009, Accuracy: 9680/10000 (96%)


Test set: Average loss: 0.1009, Accuracy: 9680/10000 (96%)

Train Epoch: 4 [0/60000 (0%)]	Loss: 0.326815
Train Epoch: 4 [0/60000 (0%)]	Loss: 0.283158
Train Epoch: 4 [320/60000 (1%)]	Loss: 0.170639
Train Epoch: 4 [320/60000 (1%)]	Loss: 0.349061
Train Epoch: 4 [640/60000 (2%)]	Loss: 0.321694
Train Epoch: 4 [640/60000 (2%)]	Loss: 0.266906
Train Epoch: 4 [960/60000 (3%)]	Loss: 0.211979
Train Epoch: 4 [960/60000 (3%)]	Loss: 0.623828
Train Epoch: 4 [1280/60000 (4%)]	Loss: 0.416205
Train Epoch: 4 [1280/60000 (4%)]	Loss: 0.264563
Train Epoch: 4 [1600/60000 (5%)]	Loss: 0.205394
Train Epoch: 4 [1600/60000 (5%)]	Loss: 0.181250
Train Epoch: 4 [1920/60000 (6%)]	Loss: 0.139016
Train Epoch: 4 [1920/60000 (6%)]	Loss: 0.129316
Train Epoch: 4 [2240/60000 (7%)]	Loss: 0.125331
Train Epoch: 4 [2240/60000 (7%)]	Loss: 0.390154
Train Epoch: 4 [2560/60000 (9%)]	Loss: 0.145284
Train Epoch: 4 [2560/60000 (9%)]	Loss: 0.175787
Train Epoch: 4 [2880/60000 (10%)]	Loss: 0.315965
Train Epoch: 4 [2880/60000 (10%)]	Loss: 0.115851
Train Epoch: 4 [3200/60000 (11%)]	Loss: 0.204945
Train Epoch: 4 [3200/60000 (11%)]	Loss: 0.066030
Train Epoch: 4 [3520/60000 (12%)]	Loss: 0.560073
Train Epoch: 4 [3520/60000 (12%)]	Loss: 0.106111
Train Epoch: 4 [3840/60000 (13%)]	Loss: 0.138900
Train Epoch: 4 [3840/60000 (13%)]	Loss: 0.336709
Train Epoch: 4 [4160/60000 (14%)]	Loss: 0.485460
Train Epoch: 4 [4160/60000 (14%)]	Loss: 0.370800
Train Epoch: 4 [4480/60000 (15%)]	Loss: 0.239716
Train Epoch: 4 [4480/60000 (15%)]	Loss: 0.168763
Train Epoch: 4 [4800/60000 (16%)]	Loss: 0.494038
Train Epoch: 4 [4800/60000 (16%)]	Loss: 0.406200
Train Epoch: 4 [5120/60000 (17%)]	Loss: 0.152538
Train Epoch: 4 [5120/60000 (17%)]	Loss: 0.244448
Train Epoch: 4 [5440/60000 (18%)]	Loss: 0.247795
Train Epoch: 4 [5440/60000 (18%)]	Loss: 0.471139
Train Epoch: 4 [5760/60000 (19%)]	Loss: 0.115277
Train Epoch: 4 [5760/60000 (19%)]	Loss: 0.144380
Train Epoch: 4 [6080/60000 (20%)]	Loss: 0.306397
Train Epoch: 4 [6080/60000 (20%)]	Loss: 0.383672
Train Epoch: 4 [6400/60000 (21%)]	Loss: 0.115073
Train Epoch: 4 [6400/60000 (21%)]	Loss: 0.328375
Train Epoch: 4 [6720/60000 (22%)]	Loss: 0.236845
Train Epoch: 4 [6720/60000 (22%)]	Loss: 0.250562
Train Epoch: 4 [7040/60000 (23%)]	Loss: 0.351333
Train Epoch: 4 [7040/60000 (23%)]	Loss: 0.228474
Train Epoch: 4 [7360/60000 (25%)]	Loss: 0.198454
Train Epoch: 4 [7360/60000 (25%)]	Loss: 0.900181
Train Epoch: 4 [7680/60000 (26%)]	Loss: 0.250455
Train Epoch: 4 [7680/60000 (26%)]	Loss: 0.219009
Train Epoch: 4 [8000/60000 (27%)]	Loss: 0.725567
Train Epoch: 4 [8000/60000 (27%)]	Loss: 0.175262
Train Epoch: 4 [8320/60000 (28%)]	Loss: 0.224236
Train Epoch: 4 [8320/60000 (28%)]	Loss: 0.228378
Train Epoch: 4 [8640/60000 (29%)]	Loss: 0.174926
Train Epoch: 4 [8640/60000 (29%)]	Loss: 0.410175
Train Epoch: 4 [8960/60000 (30%)]	Loss: 0.123687
Train Epoch: 4 [8960/60000 (30%)]	Loss: 0.147545
Train Epoch: 4 [9280/60000 (31%)]	Loss: 0.342457
Train Epoch: 4 [9280/60000 (31%)]	Loss: 0.198009
Train Epoch: 4 [9600/60000 (32%)]	Loss: 0.267482
Train Epoch: 4 [9600/60000 (32%)]	Loss: 0.439084
Train Epoch: 4 [9920/60000 (33%)]	Loss: 0.264117
Train Epoch: 4 [9920/60000 (33%)]	Loss: 0.356222
Train Epoch: 4 [10240/60000 (34%)]	Loss: 0.260785
Train Epoch: 4 [10240/60000 (34%)]	Loss: 0.288826
Train Epoch: 4 [10560/60000 (35%)]	Loss: 0.130332
Train Epoch: 4 [10560/60000 (35%)]	Loss: 0.095058
Train Epoch: 4 [10880/60000 (36%)]	Loss: 0.262593
Train Epoch: 4 [10880/60000 (36%)]	Loss: 0.708934
Train Epoch: 4 [11200/60000 (37%)]	Loss: 0.179213
Train Epoch: 4 [11200/60000 (37%)]	Loss: 0.246873
Train Epoch: 4 [11520/60000 (38%)]	Loss: 0.135943
Train Epoch: 4 [11520/60000 (38%)]	Loss: 0.188180
Train Epoch: 4 [11840/60000 (39%)]	Loss: 0.744882
Train Epoch: 4 [11840/60000 (39%)]	Loss: 0.085902
Train Epoch: 4 [12160/60000 (41%)]	Loss: 0.056669
Train Epoch: 4 [12160/60000 (41%)]	Loss: 0.171464
Train Epoch: 4 [12480/60000 (42%)]	Loss: 0.133639
Train Epoch: 4 [12480/60000 (42%)]	Loss: 0.217551
Train Epoch: 4 [12800/60000 (43%)]	Loss: 0.198333
Train Epoch: 4 [12800/60000 (43%)]	Loss: 0.306521
Train Epoch: 4 [13120/60000 (44%)]	Loss: 0.111474
Train Epoch: 4 [13120/60000 (44%)]	Loss: 0.213436
Train Epoch: 4 [13440/60000 (45%)]	Loss: 0.062988
Train Epoch: 4 [13440/60000 (45%)]	Loss: 0.231245
Train Epoch: 4 [13760/60000 (46%)]	Loss: 0.098251
Train Epoch: 4 [13760/60000 (46%)]	Loss: 0.162733
Train Epoch: 4 [14080/60000 (47%)]	Loss: 0.071573
Train Epoch: 4 [14080/60000 (47%)]	Loss: 0.372695
Train Epoch: 4 [14400/60000 (48%)]	Loss: 0.369211
Train Epoch: 4 [14400/60000 (48%)]	Loss: 0.082236
Train Epoch: 4 [14720/60000 (49%)]	Loss: 0.139045
Train Epoch: 4 [14720/60000 (49%)]	Loss: 0.109023
Train Epoch: 4 [15040/60000 (50%)]	Loss: 0.088813
Train Epoch: 4 [15040/60000 (50%)]	Loss: 0.245315
Train Epoch: 4 [15360/60000 (51%)]	Loss: 0.116076
Train Epoch: 4 [15360/60000 (51%)]	Loss: 0.128415
Train Epoch: 4 [15680/60000 (52%)]	Loss: 0.356157
Train Epoch: 4 [15680/60000 (52%)]	Loss: 0.374737
Train Epoch: 4 [16000/60000 (53%)]	Loss: 0.278311
Train Epoch: 4 [16000/60000 (53%)]	Loss: 0.047551
Train Epoch: 4 [16320/60000 (54%)]	Loss: 0.098197
Train Epoch: 4 [16320/60000 (54%)]	Loss: 0.137856
Train Epoch: 4 [16640/60000 (55%)]	Loss: 0.261431
Train Epoch: 4 [16640/60000 (55%)]	Loss: 0.161621
Train Epoch: 4 [16960/60000 (57%)]	Loss: 0.092617
Train Epoch: 4 [16960/60000 (57%)]	Loss: 0.481554
Train Epoch: 4 [17280/60000 (58%)]	Loss: 0.296769
Train Epoch: 4 [17280/60000 (58%)]	Loss: 0.275154
Train Epoch: 4 [17600/60000 (59%)]	Loss: 0.469549
Train Epoch: 4 [17600/60000 (59%)]	Loss: 0.460158
Train Epoch: 4 [17920/60000 (60%)]	Loss: 0.062934
Train Epoch: 4 [17920/60000 (60%)]	Loss: 0.192192
Train Epoch: 4 [18240/60000 (61%)]	Loss: 0.413260
Train Epoch: 4 [18240/60000 (61%)]	Loss: 0.186698
Train Epoch: 4 [18560/60000 (62%)]	Loss: 0.293166
Train Epoch: 4 [18560/60000 (62%)]	Loss: 0.364077
Train Epoch: 4 [18880/60000 (63%)]	Loss: 0.124407
Train Epoch: 4 [18880/60000 (63%)]	Loss: 0.131235
Train Epoch: 4 [19200/60000 (64%)]	Loss: 0.302636
Train Epoch: 4 [19200/60000 (64%)]	Loss: 0.302746
Train Epoch: 4 [19520/60000 (65%)]	Loss: 0.050565
Train Epoch: 4 [19520/60000 (65%)]	Loss: 0.333248
Train Epoch: 4 [19840/60000 (66%)]	Loss: 0.504264
Train Epoch: 4 [19840/60000 (66%)]	Loss: 0.192925
Train Epoch: 4 [20160/60000 (67%)]	Loss: 0.222412
Train Epoch: 4 [20160/60000 (67%)]	Loss: 0.209708
Train Epoch: 4 [20480/60000 (68%)]	Loss: 0.291975
Train Epoch: 4 [20480/60000 (68%)]	Loss: 0.190005
Train Epoch: 4 [20800/60000 (69%)]	Loss: 0.133444
Train Epoch: 4 [20800/60000 (69%)]	Loss: 0.088203
Train Epoch: 4 [21120/60000 (70%)]	Loss: 0.180857
Train Epoch: 4 [21120/60000 (70%)]	Loss: 0.396754
Train Epoch: 4 [21440/60000 (71%)]	Loss: 0.391508
Train Epoch: 4 [21440/60000 (71%)]	Loss: 0.109166
Train Epoch: 4 [21760/60000 (72%)]	Loss: 0.369542
Train Epoch: 4 [21760/60000 (72%)]	Loss: 0.251699
Train Epoch: 4 [22080/60000 (74%)]	Loss: 0.162348
Train Epoch: 4 [22080/60000 (74%)]	Loss: 0.256873
Train Epoch: 4 [22400/60000 (75%)]	Loss: 0.386798
Train Epoch: 4 [22400/60000 (75%)]	Loss: 0.094405
Train Epoch: 4 [22720/60000 (76%)]	Loss: 0.072905
Train Epoch: 4 [22720/60000 (76%)]	Loss: 0.223721
Train Epoch: 4 [23040/60000 (77%)]	Loss: 0.455100
Train Epoch: 4 [23040/60000 (77%)]	Loss: 0.556263
Train Epoch: 4 [23360/60000 (78%)]	Loss: 0.328839
Train Epoch: 4 [23360/60000 (78%)]	Loss: 0.544942
Train Epoch: 4 [23680/60000 (79%)]	Loss: 0.199569
Train Epoch: 4 [23680/60000 (79%)]	Loss: 0.179839
Train Epoch: 4 [24000/60000 (80%)]	Loss: 0.252834
Train Epoch: 4 [24000/60000 (80%)]	Loss: 0.243782
Train Epoch: 4 [24320/60000 (81%)]	Loss: 0.174051
Train Epoch: 4 [24320/60000 (81%)]	Loss: 0.131984
Train Epoch: 4 [24640/60000 (82%)]	Loss: 0.456748
Train Epoch: 4 [24640/60000 (82%)]	Loss: 0.395407
Train Epoch: 4 [24960/60000 (83%)]	Loss: 0.190529
Train Epoch: 4 [24960/60000 (83%)]	Loss: 0.287376
Train Epoch: 4 [25280/60000 (84%)]	Loss: 0.465059
Train Epoch: 4 [25280/60000 (84%)]	Loss: 0.515592
Train Epoch: 4 [25600/60000 (85%)]	Loss: 0.174663
Train Epoch: 4 [25600/60000 (85%)]	Loss: 0.219359
Train Epoch: 4 [25920/60000 (86%)]	Loss: 0.360284
Train Epoch: 4 [25920/60000 (86%)]	Loss: 0.171245
Train Epoch: 4 [26240/60000 (87%)]	Loss: 0.359410
Train Epoch: 4 [26240/60000 (87%)]	Loss: 0.245346
Train Epoch: 4 [26560/60000 (88%)]	Loss: 0.139269
Train Epoch: 4 [26560/60000 (88%)]	Loss: 0.156880
Train Epoch: 4 [26880/60000 (90%)]	Loss: 0.146212
Train Epoch: 4 [26880/60000 (90%)]	Loss: 0.185903
Train Epoch: 4 [27200/60000 (91%)]	Loss: 0.218095
Train Epoch: 4 [27200/60000 (91%)]	Loss: 0.710218
Train Epoch: 4 [27520/60000 (92%)]	Loss: 0.281696
Train Epoch: 4 [27520/60000 (92%)]	Loss: 0.268775
Train Epoch: 4 [27840/60000 (93%)]	Loss: 0.269076
Train Epoch: 4 [27840/60000 (93%)]	Loss: 0.086582
Train Epoch: 4 [28160/60000 (94%)]	Loss: 0.554760
Train Epoch: 4 [28160/60000 (94%)]	Loss: 0.336986
Train Epoch: 4 [28480/60000 (95%)]	Loss: 0.033390
Train Epoch: 4 [28480/60000 (95%)]	Loss: 0.172673
Train Epoch: 4 [28800/60000 (96%)]	Loss: 0.459208
Train Epoch: 4 [28800/60000 (96%)]	Loss: 0.199868
Train Epoch: 4 [29120/60000 (97%)]	Loss: 0.228006
Train Epoch: 4 [29120/60000 (97%)]	Loss: 0.402407
Train Epoch: 4 [29440/60000 (98%)]	Loss: 0.248883
Train Epoch: 4 [29440/60000 (98%)]	Loss: 0.162927
Train Epoch: 4 [29760/60000 (99%)]	Loss: 0.257882
Train Epoch: 4 [29760/60000 (99%)]	Loss: 0.179642

Test set: Average loss: 0.0848, Accuracy: 9726/10000 (97%)


Test set: Average loss: 0.0848, Accuracy: 9726/10000 (97%)

Train Epoch: 5 [0/60000 (0%)]	Loss: 0.610744
Train Epoch: 5 [0/60000 (0%)]	Loss: 0.470487
Train Epoch: 5 [320/60000 (1%)]	Loss: 0.223226
Train Epoch: 5 [320/60000 (1%)]	Loss: 0.462118
Train Epoch: 5 [640/60000 (2%)]	Loss: 0.218938
Train Epoch: 5 [640/60000 (2%)]	Loss: 0.249148
Train Epoch: 5 [960/60000 (3%)]	Loss: 0.174194
Train Epoch: 5 [960/60000 (3%)]	Loss: 0.434291
Train Epoch: 5 [1280/60000 (4%)]	Loss: 0.677857
Train Epoch: 5 [1280/60000 (4%)]	Loss: 0.182544
Train Epoch: 5 [1600/60000 (5%)]	Loss: 0.570134
Train Epoch: 5 [1600/60000 (5%)]	Loss: 0.100267
Train Epoch: 5 [1920/60000 (6%)]	Loss: 0.298800
Train Epoch: 5 [1920/60000 (6%)]	Loss: 0.027143
Train Epoch: 5 [2240/60000 (7%)]	Loss: 0.109267
Train Epoch: 5 [2240/60000 (7%)]	Loss: 0.268812
Train Epoch: 5 [2560/60000 (9%)]	Loss: 0.068334
Train Epoch: 5 [2560/60000 (9%)]	Loss: 0.401379
Train Epoch: 5 [2880/60000 (10%)]	Loss: 0.307045
Train Epoch: 5 [2880/60000 (10%)]	Loss: 0.137130
Train Epoch: 5 [3200/60000 (11%)]	Loss: 0.322929
Train Epoch: 5 [3200/60000 (11%)]	Loss: 0.140356
Train Epoch: 5 [3520/60000 (12%)]	Loss: 0.410698
Train Epoch: 5 [3520/60000 (12%)]	Loss: 0.074420
Train Epoch: 5 [3840/60000 (13%)]	Loss: 0.228309
Train Epoch: 5 [3840/60000 (13%)]	Loss: 0.210505
Train Epoch: 5 [4160/60000 (14%)]	Loss: 0.407249
Train Epoch: 5 [4160/60000 (14%)]	Loss: 0.314445
Train Epoch: 5 [4480/60000 (15%)]	Loss: 0.314267
Train Epoch: 5 [4480/60000 (15%)]	Loss: 0.112023
Train Epoch: 5 [4800/60000 (16%)]	Loss: 0.439907
Train Epoch: 5 [4800/60000 (16%)]	Loss: 0.401727
Train Epoch: 5 [5120/60000 (17%)]	Loss: 0.184622
Train Epoch: 5 [5120/60000 (17%)]	Loss: 0.056331
Train Epoch: 5 [5440/60000 (18%)]	Loss: 0.113477
Train Epoch: 5 [5440/60000 (18%)]	Loss: 0.244389
Train Epoch: 5 [5760/60000 (19%)]	Loss: 0.116431
Train Epoch: 5 [5760/60000 (19%)]	Loss: 0.338171
Train Epoch: 5 [6080/60000 (20%)]	Loss: 0.251489
Train Epoch: 5 [6080/60000 (20%)]	Loss: 0.394212
Train Epoch: 5 [6400/60000 (21%)]	Loss: 0.263477
Train Epoch: 5 [6400/60000 (21%)]	Loss: 0.255939
Train Epoch: 5 [6720/60000 (22%)]	Loss: 0.093647
Train Epoch: 5 [6720/60000 (22%)]	Loss: 0.157437
Train Epoch: 5 [7040/60000 (23%)]	Loss: 0.247291
Train Epoch: 5 [7040/60000 (23%)]	Loss: 0.230730
Train Epoch: 5 [7360/60000 (25%)]	Loss: 0.086390
Train Epoch: 5 [7360/60000 (25%)]	Loss: 0.595387
Train Epoch: 5 [7680/60000 (26%)]	Loss: 0.064962
Train Epoch: 5 [7680/60000 (26%)]	Loss: 0.211711
Train Epoch: 5 [8000/60000 (27%)]	Loss: 0.377187
Train Epoch: 5 [8000/60000 (27%)]	Loss: 0.247471
Train Epoch: 5 [8320/60000 (28%)]	Loss: 0.239890
Train Epoch: 5 [8320/60000 (28%)]	Loss: 0.186988
Train Epoch: 5 [8640/60000 (29%)]	Loss: 0.256504
Train Epoch: 5 [8640/60000 (29%)]	Loss: 0.406850
Train Epoch: 5 [8960/60000 (30%)]	Loss: 0.140988
Train Epoch: 5 [8960/60000 (30%)]	Loss: 0.154190
Train Epoch: 5 [9280/60000 (31%)]	Loss: 0.163898
Train Epoch: 5 [9280/60000 (31%)]	Loss: 0.128548
Train Epoch: 5 [9600/60000 (32%)]	Loss: 0.571949
Train Epoch: 5 [9600/60000 (32%)]	Loss: 0.325060
Train Epoch: 5 [9920/60000 (33%)]	Loss: 0.235558
Train Epoch: 5 [9920/60000 (33%)]	Loss: 0.140871
Train Epoch: 5 [10240/60000 (34%)]	Loss: 0.354862
Train Epoch: 5 [10240/60000 (34%)]	Loss: 0.377461
Train Epoch: 5 [10560/60000 (35%)]	Loss: 0.130199
Train Epoch: 5 [10560/60000 (35%)]	Loss: 0.112034
Train Epoch: 5 [10880/60000 (36%)]	Loss: 0.088875
Train Epoch: 5 [10880/60000 (36%)]	Loss: 0.176733
Train Epoch: 5 [11200/60000 (37%)]	Loss: 0.118384
Train Epoch: 5 [11200/60000 (37%)]	Loss: 0.100831
Train Epoch: 5 [11520/60000 (38%)]	Loss: 0.176356
Train Epoch: 5 [11520/60000 (38%)]	Loss: 0.261328
Train Epoch: 5 [11840/60000 (39%)]	Loss: 0.481276
Train Epoch: 5 [11840/60000 (39%)]	Loss: 0.104745
Train Epoch: 5 [12160/60000 (41%)]	Loss: 0.021474
Train Epoch: 5 [12160/60000 (41%)]	Loss: 0.142359
Train Epoch: 5 [12480/60000 (42%)]	Loss: 0.211593
Train Epoch: 5 [12480/60000 (42%)]	Loss: 0.077116
Train Epoch: 5 [12800/60000 (43%)]	Loss: 0.180295
Train Epoch: 5 [12800/60000 (43%)]	Loss: 0.408701
Train Epoch: 5 [13120/60000 (44%)]	Loss: 0.342607
Train Epoch: 5 [13120/60000 (44%)]	Loss: 0.122616
Train Epoch: 5 [13440/60000 (45%)]	Loss: 0.210246
Train Epoch: 5 [13440/60000 (45%)]	Loss: 0.312187
Train Epoch: 5 [13760/60000 (46%)]	Loss: 0.170303
Train Epoch: 5 [13760/60000 (46%)]	Loss: 0.172734
Train Epoch: 5 [14080/60000 (47%)]	Loss: 0.106290
Train Epoch: 5 [14080/60000 (47%)]	Loss: 0.491472
Train Epoch: 5 [14400/60000 (48%)]	Loss: 0.191163
Train Epoch: 5 [14400/60000 (48%)]	Loss: 0.122613
Train Epoch: 5 [14720/60000 (49%)]	Loss: 0.076998
Train Epoch: 5 [14720/60000 (49%)]	Loss: 0.107050
Train Epoch: 5 [15040/60000 (50%)]	Loss: 0.105252
Train Epoch: 5 [15040/60000 (50%)]	Loss: 0.522489
Train Epoch: 5 [15360/60000 (51%)]	Loss: 0.147089
Train Epoch: 5 [15360/60000 (51%)]	Loss: 0.052441
Train Epoch: 5 [15680/60000 (52%)]	Loss: 0.279482
Train Epoch: 5 [15680/60000 (52%)]	Loss: 0.251206
Train Epoch: 5 [16000/60000 (53%)]	Loss: 0.187152
Train Epoch: 5 [16000/60000 (53%)]	Loss: 0.036113
Train Epoch: 5 [16320/60000 (54%)]	Loss: 0.086040
Train Epoch: 5 [16320/60000 (54%)]	Loss: 0.207927
Train Epoch: 5 [16640/60000 (55%)]	Loss: 0.340919
Train Epoch: 5 [16640/60000 (55%)]	Loss: 0.082061
Train Epoch: 5 [16960/60000 (57%)]	Loss: 0.226471
Train Epoch: 5 [16960/60000 (57%)]	Loss: 0.355039
Train Epoch: 5 [17280/60000 (58%)]	Loss: 0.193277
Train Epoch: 5 [17280/60000 (58%)]	Loss: 0.294533
Train Epoch: 5 [17600/60000 (59%)]	Loss: 0.561521
Train Epoch: 5 [17600/60000 (59%)]	Loss: 0.221939
Train Epoch: 5 [17920/60000 (60%)]	Loss: 0.144124
Train Epoch: 5 [17920/60000 (60%)]	Loss: 0.324797
Train Epoch: 5 [18240/60000 (61%)]	Loss: 0.407450
Train Epoch: 5 [18240/60000 (61%)]	Loss: 0.334409
Train Epoch: 5 [18560/60000 (62%)]	Loss: 0.449412
Train Epoch: 5 [18560/60000 (62%)]	Loss: 0.158732
Train Epoch: 5 [18880/60000 (63%)]	Loss: 0.061998
Train Epoch: 5 [18880/60000 (63%)]	Loss: 0.051600
Train Epoch: 5 [19200/60000 (64%)]	Loss: 0.301338
Train Epoch: 5 [19200/60000 (64%)]	Loss: 0.105052
Train Epoch: 5 [19520/60000 (65%)]	Loss: 0.147307
Train Epoch: 5 [19520/60000 (65%)]	Loss: 0.136664
Train Epoch: 5 [19840/60000 (66%)]	Loss: 0.222775
Train Epoch: 5 [19840/60000 (66%)]	Loss: 0.266196
Train Epoch: 5 [20160/60000 (67%)]	Loss: 0.198138
Train Epoch: 5 [20160/60000 (67%)]	Loss: 0.037113
Train Epoch: 5 [20480/60000 (68%)]	Loss: 0.342517
Train Epoch: 5 [20480/60000 (68%)]	Loss: 0.126112
Train Epoch: 5 [20800/60000 (69%)]	Loss: 0.123468
Train Epoch: 5 [20800/60000 (69%)]	Loss: 0.180658
Train Epoch: 5 [21120/60000 (70%)]	Loss: 0.168904
Train Epoch: 5 [21120/60000 (70%)]	Loss: 0.357588
Train Epoch: 5 [21440/60000 (71%)]	Loss: 0.285290
Train Epoch: 5 [21440/60000 (71%)]	Loss: 0.217675
Train Epoch: 5 [21760/60000 (72%)]	Loss: 0.260569
Train Epoch: 5 [21760/60000 (72%)]	Loss: 0.175449
Train Epoch: 5 [22080/60000 (74%)]	Loss: 0.144652
Train Epoch: 5 [22080/60000 (74%)]	Loss: 0.372127
Train Epoch: 5 [22400/60000 (75%)]	Loss: 0.266312
Train Epoch: 5 [22400/60000 (75%)]	Loss: 0.090443
Train Epoch: 5 [22720/60000 (76%)]	Loss: 0.066047
Train Epoch: 5 [22720/60000 (76%)]	Loss: 0.302189
Train Epoch: 5 [23040/60000 (77%)]	Loss: 0.312845
Train Epoch: 5 [23040/60000 (77%)]	Loss: 0.350797
Train Epoch: 5 [23360/60000 (78%)]	Loss: 0.132403
Train Epoch: 5 [23360/60000 (78%)]	Loss: 0.442925
Train Epoch: 5 [23680/60000 (79%)]	Loss: 0.263097
Train Epoch: 5 [23680/60000 (79%)]	Loss: 0.401976
Train Epoch: 5 [24000/60000 (80%)]	Loss: 0.261481
Train Epoch: 5 [24000/60000 (80%)]	Loss: 0.067493
Train Epoch: 5 [24320/60000 (81%)]	Loss: 0.119681
Train Epoch: 5 [24320/60000 (81%)]	Loss: 0.132051
Train Epoch: 5 [24640/60000 (82%)]	Loss: 0.560954
Train Epoch: 5 [24640/60000 (82%)]	Loss: 0.350460
Train Epoch: 5 [24960/60000 (83%)]	Loss: 0.167261
Train Epoch: 5 [24960/60000 (83%)]	Loss: 0.117844
Train Epoch: 5 [25280/60000 (84%)]	Loss: 0.169143
Train Epoch: 5 [25280/60000 (84%)]	Loss: 0.455004
Train Epoch: 5 [25600/60000 (85%)]	Loss: 0.165783
Train Epoch: 5 [25600/60000 (85%)]	Loss: 0.267567
Train Epoch: 5 [25920/60000 (86%)]	Loss: 0.282986
Train Epoch: 5 [25920/60000 (86%)]	Loss: 0.204617
Train Epoch: 5 [26240/60000 (87%)]	Loss: 0.529600
Train Epoch: 5 [26240/60000 (87%)]	Loss: 0.243559
Train Epoch: 5 [26560/60000 (88%)]	Loss: 0.277010
Train Epoch: 5 [26560/60000 (88%)]	Loss: 0.090527
Train Epoch: 5 [26880/60000 (90%)]	Loss: 0.135117
Train Epoch: 5 [26880/60000 (90%)]	Loss: 0.228990
Train Epoch: 5 [27200/60000 (91%)]	Loss: 0.442323
Train Epoch: 5 [27200/60000 (91%)]	Loss: 0.495982
Train Epoch: 5 [27520/60000 (92%)]	Loss: 0.212403
Train Epoch: 5 [27520/60000 (92%)]	Loss: 0.140737
Train Epoch: 5 [27840/60000 (93%)]	Loss: 0.128103
Train Epoch: 5 [27840/60000 (93%)]	Loss: 0.307979
Train Epoch: 5 [28160/60000 (94%)]	Loss: 0.340994
Train Epoch: 5 [28160/60000 (94%)]	Loss: 0.146539
Train Epoch: 5 [28480/60000 (95%)]	Loss: 0.047959
Train Epoch: 5 [28480/60000 (95%)]	Loss: 0.142320
Train Epoch: 5 [28800/60000 (96%)]	Loss: 0.323529
Train Epoch: 5 [28800/60000 (96%)]	Loss: 0.290734
Train Epoch: 5 [29120/60000 (97%)]	Loss: 0.221852
Train Epoch: 5 [29120/60000 (97%)]	Loss: 0.155167
Train Epoch: 5 [29440/60000 (98%)]	Loss: 0.237810
Train Epoch: 5 [29440/60000 (98%)]	Loss: 0.196806
Train Epoch: 5 [29760/60000 (99%)]	Loss: 0.170350
Train Epoch: 5 [29760/60000 (99%)]	Loss: 0.186423

Test set: Average loss: 0.0757, Accuracy: 9758/10000 (97%)


Test set: Average loss: 0.0757, Accuracy: 9758/10000 (97%)

Train Epoch: 6 [0/60000 (0%)]	Loss: 0.450359
Train Epoch: 6 [0/60000 (0%)]	Loss: 0.308221
Train Epoch: 6 [320/60000 (1%)]	Loss: 0.128850
Train Epoch: 6 [320/60000 (1%)]	Loss: 0.190126
Train Epoch: 6 [640/60000 (2%)]	Loss: 0.263694
Train Epoch: 6 [640/60000 (2%)]	Loss: 0.292093
Train Epoch: 6 [960/60000 (3%)]	Loss: 0.141776
Train Epoch: 6 [960/60000 (3%)]	Loss: 0.399452
Train Epoch: 6 [1280/60000 (4%)]	Loss: 0.515773
Train Epoch: 6 [1280/60000 (4%)]	Loss: 0.199827
Train Epoch: 6 [1600/60000 (5%)]	Loss: 0.193379
Train Epoch: 6 [1600/60000 (5%)]	Loss: 0.099577
Train Epoch: 6 [1920/60000 (6%)]	Loss: 0.135387
Train Epoch: 6 [1920/60000 (6%)]	Loss: 0.043061
Train Epoch: 6 [2240/60000 (7%)]	Loss: 0.037288
Train Epoch: 6 [2240/60000 (7%)]	Loss: 0.139951
Train Epoch: 6 [2560/60000 (9%)]	Loss: 0.134304
Train Epoch: 6 [2560/60000 (9%)]	Loss: 0.317449
Train Epoch: 6 [2880/60000 (10%)]	Loss: 0.434511
Train Epoch: 6 [2880/60000 (10%)]	Loss: 0.150801
Train Epoch: 6 [3200/60000 (11%)]	Loss: 0.333869
Train Epoch: 6 [3200/60000 (11%)]	Loss: 0.106069
Train Epoch: 6 [3520/60000 (12%)]	Loss: 0.681016
Train Epoch: 6 [3520/60000 (12%)]	Loss: 0.221126
Train Epoch: 6 [3840/60000 (13%)]	Loss: 0.208069
Train Epoch: 6 [3840/60000 (13%)]	Loss: 0.134116
Train Epoch: 6 [4160/60000 (14%)]	Loss: 0.589572
Train Epoch: 6 [4160/60000 (14%)]	Loss: 0.097967
Train Epoch: 6 [4480/60000 (15%)]	Loss: 0.228035
Train Epoch: 6 [4480/60000 (15%)]	Loss: 0.051577
Train Epoch: 6 [4800/60000 (16%)]	Loss: 0.240460
Train Epoch: 6 [4800/60000 (16%)]	Loss: 0.385421
Train Epoch: 6 [5120/60000 (17%)]	Loss: 0.102033
Train Epoch: 6 [5120/60000 (17%)]	Loss: 0.080507
Train Epoch: 6 [5440/60000 (18%)]	Loss: 0.102733
Train Epoch: 6 [5440/60000 (18%)]	Loss: 0.221307
Train Epoch: 6 [5760/60000 (19%)]	Loss: 0.244439
Train Epoch: 6 [5760/60000 (19%)]	Loss: 0.117903
Train Epoch: 6 [6080/60000 (20%)]	Loss: 0.282638
Train Epoch: 6 [6080/60000 (20%)]	Loss: 0.332588
Train Epoch: 6 [6400/60000 (21%)]	Loss: 0.209779
Train Epoch: 6 [6400/60000 (21%)]	Loss: 0.589378
Train Epoch: 6 [6720/60000 (22%)]	Loss: 0.273618
Train Epoch: 6 [6720/60000 (22%)]	Loss: 0.118864
Train Epoch: 6 [7040/60000 (23%)]	Loss: 0.240488
Train Epoch: 6 [7040/60000 (23%)]	Loss: 0.191950
Train Epoch: 6 [7360/60000 (25%)]	Loss: 0.040304
Train Epoch: 6 [7360/60000 (25%)]	Loss: 0.392755
Train Epoch: 6 [7680/60000 (26%)]	Loss: 0.077255
Train Epoch: 6 [7680/60000 (26%)]	Loss: 0.190817
Train Epoch: 6 [8000/60000 (27%)]	Loss: 0.339985
Train Epoch: 6 [8000/60000 (27%)]	Loss: 0.126012
Train Epoch: 6 [8320/60000 (28%)]	Loss: 0.145297
Train Epoch: 6 [8320/60000 (28%)]	Loss: 0.507636
Train Epoch: 6 [8640/60000 (29%)]	Loss: 0.089820
Train Epoch: 6 [8640/60000 (29%)]	Loss: 0.305829
Train Epoch: 6 [8960/60000 (30%)]	Loss: 0.309351
Train Epoch: 6 [8960/60000 (30%)]	Loss: 0.088422
Train Epoch: 6 [9280/60000 (31%)]	Loss: 0.086536
Train Epoch: 6 [9280/60000 (31%)]	Loss: 0.311595
Train Epoch: 6 [9600/60000 (32%)]	Loss: 0.459235
Train Epoch: 6 [9600/60000 (32%)]	Loss: 0.278229
Train Epoch: 6 [9920/60000 (33%)]	Loss: 0.080982
Train Epoch: 6 [9920/60000 (33%)]	Loss: 0.117229
Train Epoch: 6 [10240/60000 (34%)]	Loss: 0.094536
Train Epoch: 6 [10240/60000 (34%)]	Loss: 0.393703
Train Epoch: 6 [10560/60000 (35%)]	Loss: 0.304620
Train Epoch: 6 [10560/60000 (35%)]	Loss: 0.116930
Train Epoch: 6 [10880/60000 (36%)]	Loss: 0.171592
Train Epoch: 6 [10880/60000 (36%)]	Loss: 0.621685
Train Epoch: 6 [11200/60000 (37%)]	Loss: 0.304096
Train Epoch: 6 [11200/60000 (37%)]	Loss: 0.068543
Train Epoch: 6 [11520/60000 (38%)]	Loss: 0.216103
Train Epoch: 6 [11520/60000 (38%)]	Loss: 0.190779
Train Epoch: 6 [11840/60000 (39%)]	Loss: 0.702142
Train Epoch: 6 [11840/60000 (39%)]	Loss: 0.312704
Train Epoch: 6 [12160/60000 (41%)]	Loss: 0.123515
Train Epoch: 6 [12160/60000 (41%)]	Loss: 0.268166
Train Epoch: 6 [12480/60000 (42%)]	Loss: 0.377743
Train Epoch: 6 [12480/60000 (42%)]	Loss: 0.050850
Train Epoch: 6 [12800/60000 (43%)]	Loss: 0.112958
Train Epoch: 6 [12800/60000 (43%)]	Loss: 0.375408
Train Epoch: 6 [13120/60000 (44%)]	Loss: 0.237150
Train Epoch: 6 [13120/60000 (44%)]	Loss: 0.179428
Train Epoch: 6 [13440/60000 (45%)]	Loss: 0.605787
Train Epoch: 6 [13440/60000 (45%)]	Loss: 0.083386
Train Epoch: 6 [13760/60000 (46%)]	Loss: 0.228406
Train Epoch: 6 [13760/60000 (46%)]	Loss: 0.185409
Train Epoch: 6 [14080/60000 (47%)]	Loss: 0.170839
Train Epoch: 6 [14080/60000 (47%)]	Loss: 0.188915
Train Epoch: 6 [14400/60000 (48%)]	Loss: 0.386330
Train Epoch: 6 [14400/60000 (48%)]	Loss: 0.086201
Train Epoch: 6 [14720/60000 (49%)]	Loss: 0.087986
Train Epoch: 6 [14720/60000 (49%)]	Loss: 0.207952
Train Epoch: 6 [15040/60000 (50%)]	Loss: 0.096145
Train Epoch: 6 [15040/60000 (50%)]	Loss: 0.359842
Train Epoch: 6 [15360/60000 (51%)]	Loss: 0.197331
Train Epoch: 6 [15360/60000 (51%)]	Loss: 0.089414
Train Epoch: 6 [15680/60000 (52%)]	Loss: 0.275301
Train Epoch: 6 [15680/60000 (52%)]	Loss: 0.412789
Train Epoch: 6 [16000/60000 (53%)]	Loss: 0.244664
Train Epoch: 6 [16000/60000 (53%)]	Loss: 0.097371
Train Epoch: 6 [16320/60000 (54%)]	Loss: 0.024915
Train Epoch: 6 [16320/60000 (54%)]	Loss: 0.131197
Train Epoch: 6 [16640/60000 (55%)]	Loss: 0.314176
Train Epoch: 6 [16640/60000 (55%)]	Loss: 0.076814
Train Epoch: 6 [16960/60000 (57%)]	Loss: 0.207566
Train Epoch: 6 [16960/60000 (57%)]	Loss: 0.410406
Train Epoch: 6 [17280/60000 (58%)]	Loss: 0.146855
Train Epoch: 6 [17280/60000 (58%)]	Loss: 0.141144
Train Epoch: 6 [17600/60000 (59%)]	Loss: 0.517264
Train Epoch: 6 [17600/60000 (59%)]	Loss: 0.241267
Train Epoch: 6 [17920/60000 (60%)]	Loss: 0.068543
Train Epoch: 6 [17920/60000 (60%)]	Loss: 0.129828
Train Epoch: 6 [18240/60000 (61%)]	Loss: 0.502156
Train Epoch: 6 [18240/60000 (61%)]	Loss: 0.173105
Train Epoch: 6 [18560/60000 (62%)]	Loss: 0.480301
Train Epoch: 6 [18560/60000 (62%)]	Loss: 0.238650
Train Epoch: 6 [18880/60000 (63%)]	Loss: 0.366198
Train Epoch: 6 [18880/60000 (63%)]	Loss: 0.133349
Train Epoch: 6 [19200/60000 (64%)]	Loss: 0.428195
Train Epoch: 6 [19200/60000 (64%)]	Loss: 0.192630
Train Epoch: 6 [19520/60000 (65%)]	Loss: 0.081032
Train Epoch: 6 [19520/60000 (65%)]	Loss: 0.087027
Train Epoch: 6 [19840/60000 (66%)]	Loss: 0.440755
Train Epoch: 6 [19840/60000 (66%)]	Loss: 0.099328
Train Epoch: 6 [20160/60000 (67%)]	Loss: 0.309235
Train Epoch: 6 [20160/60000 (67%)]	Loss: 0.078880
Train Epoch: 6 [20480/60000 (68%)]	Loss: 0.283775
Train Epoch: 6 [20480/60000 (68%)]	Loss: 0.191502
Train Epoch: 6 [20800/60000 (69%)]	Loss: 0.044697
Train Epoch: 6 [20800/60000 (69%)]	Loss: 0.052177
Train Epoch: 6 [21120/60000 (70%)]	Loss: 0.255424
Train Epoch: 6 [21120/60000 (70%)]	Loss: 0.297348
Train Epoch: 6 [21440/60000 (71%)]	Loss: 0.272279
Train Epoch: 6 [21440/60000 (71%)]	Loss: 0.202685
Train Epoch: 6 [21760/60000 (72%)]	Loss: 0.223434
Train Epoch: 6 [21760/60000 (72%)]	Loss: 0.241565
Train Epoch: 6 [22080/60000 (74%)]	Loss: 0.188472
Train Epoch: 6 [22080/60000 (74%)]	Loss: 0.174588
Train Epoch: 6 [22400/60000 (75%)]	Loss: 0.242731
Train Epoch: 6 [22400/60000 (75%)]	Loss: 0.160375
Train Epoch: 6 [22720/60000 (76%)]	Loss: 0.080522
Train Epoch: 6 [22720/60000 (76%)]	Loss: 0.130556
Train Epoch: 6 [23040/60000 (77%)]	Loss: 0.728504
Train Epoch: 6 [23040/60000 (77%)]	Loss: 0.295956
Train Epoch: 6 [23360/60000 (78%)]	Loss: 0.210991
Train Epoch: 6 [23360/60000 (78%)]	Loss: 0.197774
Train Epoch: 6 [23680/60000 (79%)]	Loss: 0.142459
Train Epoch: 6 [23680/60000 (79%)]	Loss: 0.116729
Train Epoch: 6 [24000/60000 (80%)]	Loss: 0.443136
Train Epoch: 6 [24000/60000 (80%)]	Loss: 0.032138
Train Epoch: 6 [24320/60000 (81%)]	Loss: 0.153738
Train Epoch: 6 [24320/60000 (81%)]	Loss: 0.083620
Train Epoch: 6 [24640/60000 (82%)]	Loss: 0.349422
Train Epoch: 6 [24640/60000 (82%)]	Loss: 0.170586
Train Epoch: 6 [24960/60000 (83%)]	Loss: 0.153221
Train Epoch: 6 [24960/60000 (83%)]	Loss: 0.058594
Train Epoch: 6 [25280/60000 (84%)]	Loss: 0.460158
Train Epoch: 6 [25280/60000 (84%)]	Loss: 0.400299
Train Epoch: 6 [25600/60000 (85%)]	Loss: 0.190356
Train Epoch: 6 [25600/60000 (85%)]	Loss: 0.133498
Train Epoch: 6 [25920/60000 (86%)]	Loss: 0.310400
Train Epoch: 6 [25920/60000 (86%)]	Loss: 0.169176
Train Epoch: 6 [26240/60000 (87%)]	Loss: 0.636232
Train Epoch: 6 [26240/60000 (87%)]	Loss: 0.143068
Train Epoch: 6 [26560/60000 (88%)]	Loss: 0.130598
Train Epoch: 6 [26560/60000 (88%)]	Loss: 0.186711
Train Epoch: 6 [26880/60000 (90%)]	Loss: 0.154273
Train Epoch: 6 [26880/60000 (90%)]	Loss: 0.285515
Train Epoch: 6 [27200/60000 (91%)]	Loss: 0.095584
Train Epoch: 6 [27200/60000 (91%)]	Loss: 0.707898
Train Epoch: 6 [27520/60000 (92%)]	Loss: 0.171682
Train Epoch: 6 [27520/60000 (92%)]	Loss: 0.178626
Train Epoch: 6 [27840/60000 (93%)]	Loss: 0.411184
Train Epoch: 6 [27840/60000 (93%)]	Loss: 0.035979
Train Epoch: 6 [28160/60000 (94%)]	Loss: 0.318747
Train Epoch: 6 [28160/60000 (94%)]	Loss: 0.235279
Train Epoch: 6 [28480/60000 (95%)]	Loss: 0.059013
Train Epoch: 6 [28480/60000 (95%)]	Loss: 0.263149
Train Epoch: 6 [28800/60000 (96%)]	Loss: 0.140605
Train Epoch: 6 [28800/60000 (96%)]	Loss: 0.161574
Train Epoch: 6 [29120/60000 (97%)]	Loss: 0.265771
Train Epoch: 6 [29120/60000 (97%)]	Loss: 0.384571
Train Epoch: 6 [29440/60000 (98%)]	Loss: 0.466224
Train Epoch: 6 [29440/60000 (98%)]	Loss: 0.176804
Train Epoch: 6 [29760/60000 (99%)]	Loss: 0.114673
Train Epoch: 6 [29760/60000 (99%)]	Loss: 0.052536

Test set: Average loss: 0.0693, Accuracy: 9786/10000 (97%)


Test set: Average loss: 0.0693, Accuracy: 9786/10000 (97%)

Train Epoch: 7 [0/60000 (0%)]	Loss: 0.320345
Train Epoch: 7 [0/60000 (0%)]	Loss: 0.362218
Train Epoch: 7 [320/60000 (1%)]	Loss: 0.203437
Train Epoch: 7 [320/60000 (1%)]	Loss: 0.149065
Train Epoch: 7 [640/60000 (2%)]	Loss: 0.311970
Train Epoch: 7 [640/60000 (2%)]	Loss: 0.300765
Train Epoch: 7 [960/60000 (3%)]	Loss: 0.031064
Train Epoch: 7 [960/60000 (3%)]	Loss: 0.312089
Train Epoch: 7 [1280/60000 (4%)]	Loss: 0.387536
Train Epoch: 7 [1280/60000 (4%)]	Loss: 0.424921
Train Epoch: 7 [1600/60000 (5%)]	Loss: 0.087151
Train Epoch: 7 [1600/60000 (5%)]	Loss: 0.072057
Train Epoch: 7 [1920/60000 (6%)]	Loss: 0.135693
Train Epoch: 7 [1920/60000 (6%)]	Loss: 0.041281
Train Epoch: 7 [2240/60000 (7%)]	Loss: 0.055998
Train Epoch: 7 [2240/60000 (7%)]	Loss: 0.190694
Train Epoch: 7 [2560/60000 (9%)]	Loss: 0.053446
Train Epoch: 7 [2560/60000 (9%)]	Loss: 0.152587
Train Epoch: 7 [2880/60000 (10%)]	Loss: 0.144560
Train Epoch: 7 [2880/60000 (10%)]	Loss: 0.171606
Train Epoch: 7 [3200/60000 (11%)]	Loss: 0.279853
Train Epoch: 7 [3200/60000 (11%)]	Loss: 0.049195
Train Epoch: 7 [3520/60000 (12%)]	Loss: 0.521842
Train Epoch: 7 [3520/60000 (12%)]	Loss: 0.229740
Train Epoch: 7 [3840/60000 (13%)]	Loss: 0.126356
Train Epoch: 7 [3840/60000 (13%)]	Loss: 0.104587
Train Epoch: 7 [4160/60000 (14%)]	Loss: 0.329142
Train Epoch: 7 [4160/60000 (14%)]	Loss: 0.143459
Train Epoch: 7 [4480/60000 (15%)]	Loss: 0.102646
Train Epoch: 7 [4480/60000 (15%)]	Loss: 0.022669
Train Epoch: 7 [4800/60000 (16%)]	Loss: 0.459577
Train Epoch: 7 [4800/60000 (16%)]	Loss: 0.188012
Train Epoch: 7 [5120/60000 (17%)]	Loss: 0.070091
Train Epoch: 7 [5120/60000 (17%)]	Loss: 0.111463
Train Epoch: 7 [5440/60000 (18%)]	Loss: 0.106135
Train Epoch: 7 [5440/60000 (18%)]	Loss: 0.226340
Train Epoch: 7 [5760/60000 (19%)]	Loss: 0.229078
Train Epoch: 7 [5760/60000 (19%)]	Loss: 0.026019
Train Epoch: 7 [6080/60000 (20%)]	Loss: 0.258209
Train Epoch: 7 [6080/60000 (20%)]	Loss: 0.214203
Train Epoch: 7 [6400/60000 (21%)]	Loss: 0.098923
Train Epoch: 7 [6400/60000 (21%)]	Loss: 0.111354
Train Epoch: 7 [6720/60000 (22%)]	Loss: 0.054695
Train Epoch: 7 [6720/60000 (22%)]	Loss: 0.260970
Train Epoch: 7 [7040/60000 (23%)]	Loss: 0.171573
Train Epoch: 7 [7040/60000 (23%)]	Loss: 0.261004
Train Epoch: 7 [7360/60000 (25%)]	Loss: 0.114157
Train Epoch: 7 [7360/60000 (25%)]	Loss: 0.298146
Train Epoch: 7 [7680/60000 (26%)]	Loss: 0.073185
Train Epoch: 7 [7680/60000 (26%)]	Loss: 0.106467
Train Epoch: 7 [8000/60000 (27%)]	Loss: 0.460019
Train Epoch: 7 [8000/60000 (27%)]	Loss: 0.071249
Train Epoch: 7 [8320/60000 (28%)]	Loss: 0.224755
Train Epoch: 7 [8320/60000 (28%)]	Loss: 0.148502
Train Epoch: 7 [8640/60000 (29%)]	Loss: 0.124575
Train Epoch: 7 [8640/60000 (29%)]	Loss: 0.225205
Train Epoch: 7 [8960/60000 (30%)]	Loss: 0.167622
Train Epoch: 7 [8960/60000 (30%)]	Loss: 0.185356
Train Epoch: 7 [9280/60000 (31%)]	Loss: 0.219694
Train Epoch: 7 [9280/60000 (31%)]	Loss: 0.299129
Train Epoch: 7 [9600/60000 (32%)]	Loss: 0.238418
Train Epoch: 7 [9600/60000 (32%)]	Loss: 0.342744
Train Epoch: 7 [9920/60000 (33%)]	Loss: 0.183435
Train Epoch: 7 [9920/60000 (33%)]	Loss: 0.259897
Train Epoch: 7 [10240/60000 (34%)]	Loss: 0.100537
Train Epoch: 7 [10240/60000 (34%)]	Loss: 0.430134
Train Epoch: 7 [10560/60000 (35%)]	Loss: 0.162668
Train Epoch: 7 [10560/60000 (35%)]	Loss: 0.091357
Train Epoch: 7 [10880/60000 (36%)]	Loss: 0.260650
Train Epoch: 7 [10880/60000 (36%)]	Loss: 0.269601
Train Epoch: 7 [11200/60000 (37%)]	Loss: 0.163832
Train Epoch: 7 [11200/60000 (37%)]	Loss: 0.243948
Train Epoch: 7 [11520/60000 (38%)]	Loss: 0.130028
Train Epoch: 7 [11520/60000 (38%)]	Loss: 0.193917
Train Epoch: 7 [11840/60000 (39%)]	Loss: 0.548021
Train Epoch: 7 [11840/60000 (39%)]	Loss: 0.114809
Train Epoch: 7 [12160/60000 (41%)]	Loss: 0.111552
Train Epoch: 7 [12160/60000 (41%)]	Loss: 0.267031
Train Epoch: 7 [12480/60000 (42%)]	Loss: 0.081911
Train Epoch: 7 [12480/60000 (42%)]	Loss: 0.118514
Train Epoch: 7 [12800/60000 (43%)]	Loss: 0.243100
Train Epoch: 7 [12800/60000 (43%)]	Loss: 0.143447
Train Epoch: 7 [13120/60000 (44%)]	Loss: 0.247345
Train Epoch: 7 [13120/60000 (44%)]	Loss: 0.214841
Train Epoch: 7 [13440/60000 (45%)]	Loss: 0.288155
Train Epoch: 7 [13440/60000 (45%)]	Loss: 0.335573
Train Epoch: 7 [13760/60000 (46%)]	Loss: 0.248980
Train Epoch: 7 [13760/60000 (46%)]	Loss: 0.128313
Train Epoch: 7 [14080/60000 (47%)]	Loss: 0.090426
Train Epoch: 7 [14080/60000 (47%)]	Loss: 0.854595
Train Epoch: 7 [14400/60000 (48%)]	Loss: 0.277058
Train Epoch: 7 [14400/60000 (48%)]	Loss: 0.091793
Train Epoch: 7 [14720/60000 (49%)]	Loss: 0.109112
Train Epoch: 7 [14720/60000 (49%)]	Loss: 0.117233
Train Epoch: 7 [15040/60000 (50%)]	Loss: 0.053752
Train Epoch: 7 [15040/60000 (50%)]	Loss: 0.340100
Train Epoch: 7 [15360/60000 (51%)]	Loss: 0.109797
Train Epoch: 7 [15360/60000 (51%)]	Loss: 0.111676
Train Epoch: 7 [15680/60000 (52%)]	Loss: 0.176698
Train Epoch: 7 [15680/60000 (52%)]	Loss: 0.392119
Train Epoch: 7 [16000/60000 (53%)]	Loss: 0.201834
Train Epoch: 7 [16000/60000 (53%)]	Loss: 0.055694
Train Epoch: 7 [16320/60000 (54%)]	Loss: 0.181740
Train Epoch: 7 [16320/60000 (54%)]	Loss: 0.103475
Train Epoch: 7 [16640/60000 (55%)]	Loss: 0.162406
Train Epoch: 7 [16640/60000 (55%)]	Loss: 0.107656
Train Epoch: 7 [16960/60000 (57%)]	Loss: 0.276378
Train Epoch: 7 [16960/60000 (57%)]	Loss: 0.168008
Train Epoch: 7 [17280/60000 (58%)]	Loss: 0.175298
Train Epoch: 7 [17280/60000 (58%)]	Loss: 0.375898
Train Epoch: 7 [17600/60000 (59%)]	Loss: 0.511076
Train Epoch: 7 [17600/60000 (59%)]	Loss: 0.414349
Train Epoch: 7 [17920/60000 (60%)]	Loss: 0.078765
Train Epoch: 7 [17920/60000 (60%)]	Loss: 0.170287
Train Epoch: 7 [18240/60000 (61%)]	Loss: 0.447244
Train Epoch: 7 [18240/60000 (61%)]	Loss: 0.191408
Train Epoch: 7 [18560/60000 (62%)]	Loss: 0.243754
Train Epoch: 7 [18560/60000 (62%)]	Loss: 0.234070
Train Epoch: 7 [18880/60000 (63%)]	Loss: 0.123702
Train Epoch: 7 [18880/60000 (63%)]	Loss: 0.079581
Train Epoch: 7 [19200/60000 (64%)]	Loss: 0.313033
Train Epoch: 7 [19200/60000 (64%)]	Loss: 0.089201
Train Epoch: 7 [19520/60000 (65%)]	Loss: 0.039146
Train Epoch: 7 [19520/60000 (65%)]	Loss: 0.125864
Train Epoch: 7 [19840/60000 (66%)]	Loss: 0.405095
Train Epoch: 7 [19840/60000 (66%)]	Loss: 0.061018
Train Epoch: 7 [20160/60000 (67%)]	Loss: 0.091679
Train Epoch: 7 [20160/60000 (67%)]	Loss: 0.132953
Train Epoch: 7 [20480/60000 (68%)]	Loss: 0.298352
Train Epoch: 7 [20480/60000 (68%)]	Loss: 0.262253
Train Epoch: 7 [20800/60000 (69%)]	Loss: 0.131767
Train Epoch: 7 [20800/60000 (69%)]	Loss: 0.156895
Train Epoch: 7 [21120/60000 (70%)]	Loss: 0.334019
Train Epoch: 7 [21120/60000 (70%)]	Loss: 0.177125
Train Epoch: 7 [21440/60000 (71%)]	Loss: 0.241979
Train Epoch: 7 [21440/60000 (71%)]	Loss: 0.208982
Train Epoch: 7 [21760/60000 (72%)]	Loss: 0.292978
Train Epoch: 7 [21760/60000 (72%)]	Loss: 0.270769
Train Epoch: 7 [22080/60000 (74%)]	Loss: 0.271308
Train Epoch: 7 [22080/60000 (74%)]	Loss: 0.192722
Train Epoch: 7 [22400/60000 (75%)]	Loss: 0.222411
Train Epoch: 7 [22400/60000 (75%)]	Loss: 0.121606
Train Epoch: 7 [22720/60000 (76%)]	Loss: 0.021025
Train Epoch: 7 [22720/60000 (76%)]	Loss: 0.101014
Train Epoch: 7 [23040/60000 (77%)]	Loss: 0.375705
Train Epoch: 7 [23040/60000 (77%)]	Loss: 0.172934
Train Epoch: 7 [23360/60000 (78%)]	Loss: 0.157402
Train Epoch: 7 [23360/60000 (78%)]	Loss: 0.339153
Train Epoch: 7 [23680/60000 (79%)]	Loss: 0.173815
Train Epoch: 7 [23680/60000 (79%)]	Loss: 0.083047
Train Epoch: 7 [24000/60000 (80%)]	Loss: 0.204894
Train Epoch: 7 [24000/60000 (80%)]	Loss: 0.088217
Train Epoch: 7 [24320/60000 (81%)]	Loss: 0.209794
Train Epoch: 7 [24320/60000 (81%)]	Loss: 0.034791
Train Epoch: 7 [24640/60000 (82%)]	Loss: 0.318532
Train Epoch: 7 [24640/60000 (82%)]	Loss: 0.288623
Train Epoch: 7 [24960/60000 (83%)]	Loss: 0.096962
Train Epoch: 7 [24960/60000 (83%)]	Loss: 0.133584
Train Epoch: 7 [25280/60000 (84%)]	Loss: 0.335458
Train Epoch: 7 [25280/60000 (84%)]	Loss: 0.267393
Train Epoch: 7 [25600/60000 (85%)]	Loss: 0.122234
Train Epoch: 7 [25600/60000 (85%)]	Loss: 0.209948
Train Epoch: 7 [25920/60000 (86%)]	Loss: 0.278207
Train Epoch: 7 [25920/60000 (86%)]	Loss: 0.193560
Train Epoch: 7 [26240/60000 (87%)]	Loss: 0.132680
Train Epoch: 7 [26240/60000 (87%)]	Loss: 0.144159
Train Epoch: 7 [26560/60000 (88%)]	Loss: 0.194693
Train Epoch: 7 [26560/60000 (88%)]	Loss: 0.103468
Train Epoch: 7 [26880/60000 (90%)]	Loss: 0.050054
Train Epoch: 7 [26880/60000 (90%)]	Loss: 0.277928
Train Epoch: 7 [27200/60000 (91%)]	Loss: 0.240994
Train Epoch: 7 [27200/60000 (91%)]	Loss: 0.590118
Train Epoch: 7 [27520/60000 (92%)]	Loss: 0.228183
Train Epoch: 7 [27520/60000 (92%)]	Loss: 0.193733
Train Epoch: 7 [27840/60000 (93%)]	Loss: 0.121372
Train Epoch: 7 [27840/60000 (93%)]	Loss: 0.079645
Train Epoch: 7 [28160/60000 (94%)]	Loss: 0.428417
Train Epoch: 7 [28160/60000 (94%)]	Loss: 0.354317
Train Epoch: 7 [28480/60000 (95%)]	Loss: 0.067780
Train Epoch: 7 [28480/60000 (95%)]	Loss: 0.098440
Train Epoch: 7 [28800/60000 (96%)]	Loss: 0.258958
Train Epoch: 7 [28800/60000 (96%)]	Loss: 0.138377
Train Epoch: 7 [29120/60000 (97%)]	Loss: 0.160828
Train Epoch: 7 [29120/60000 (97%)]	Loss: 0.135733
Train Epoch: 7 [29440/60000 (98%)]	Loss: 0.330319
Train Epoch: 7 [29440/60000 (98%)]	Loss: 0.138578
Train Epoch: 7 [29760/60000 (99%)]	Loss: 0.168109
Train Epoch: 7 [29760/60000 (99%)]	Loss: 0.223257

Test set: Average loss: 0.0636, Accuracy: 9800/10000 (98%)


Test set: Average loss: 0.0636, Accuracy: 9800/10000 (98%)

Train Epoch: 8 [0/60000 (0%)]	Loss: 0.315533
Train Epoch: 8 [0/60000 (0%)]	Loss: 0.400377
Train Epoch: 8 [320/60000 (1%)]	Loss: 0.284068
Train Epoch: 8 [320/60000 (1%)]	Loss: 0.221075
Train Epoch: 8 [640/60000 (2%)]	Loss: 0.200914
Train Epoch: 8 [640/60000 (2%)]	Loss: 0.181527
Train Epoch: 8 [960/60000 (3%)]	Loss: 0.098445
Train Epoch: 8 [960/60000 (3%)]	Loss: 0.257582
Train Epoch: 8 [1280/60000 (4%)]	Loss: 0.188366
Train Epoch: 8 [1280/60000 (4%)]	Loss: 0.154176
Train Epoch: 8 [1600/60000 (5%)]	Loss: 0.201910
Train Epoch: 8 [1600/60000 (5%)]	Loss: 0.168226
Train Epoch: 8 [1920/60000 (6%)]	Loss: 0.152886
Train Epoch: 8 [1920/60000 (6%)]	Loss: 0.112949
Train Epoch: 8 [2240/60000 (7%)]	Loss: 0.084901
Train Epoch: 8 [2240/60000 (7%)]	Loss: 0.277822
Train Epoch: 8 [2560/60000 (9%)]	Loss: 0.173831
Train Epoch: 8 [2560/60000 (9%)]	Loss: 0.285605
Train Epoch: 8 [2880/60000 (10%)]	Loss: 0.188434
Train Epoch: 8 [2880/60000 (10%)]	Loss: 0.153820
Train Epoch: 8 [3200/60000 (11%)]	Loss: 0.333845
Train Epoch: 8 [3200/60000 (11%)]	Loss: 0.069576
Train Epoch: 8 [3520/60000 (12%)]	Loss: 0.442985
Train Epoch: 8 [3520/60000 (12%)]	Loss: 0.141638
Train Epoch: 8 [3840/60000 (13%)]	Loss: 0.115407
Train Epoch: 8 [3840/60000 (13%)]	Loss: 0.165719
Train Epoch: 8 [4160/60000 (14%)]	Loss: 0.321246
Train Epoch: 8 [4160/60000 (14%)]	Loss: 0.077171
Train Epoch: 8 [4480/60000 (15%)]	Loss: 0.066332
Train Epoch: 8 [4480/60000 (15%)]	Loss: 0.073942
Train Epoch: 8 [4800/60000 (16%)]	Loss: 0.327048
Train Epoch: 8 [4800/60000 (16%)]	Loss: 0.257839
Train Epoch: 8 [5120/60000 (17%)]	Loss: 0.152669
Train Epoch: 8 [5120/60000 (17%)]	Loss: 0.169847
Train Epoch: 8 [5440/60000 (18%)]	Loss: 0.065341
Train Epoch: 8 [5440/60000 (18%)]	Loss: 0.086293
Train Epoch: 8 [5760/60000 (19%)]	Loss: 0.069881
Train Epoch: 8 [5760/60000 (19%)]	Loss: 0.027008
Train Epoch: 8 [6080/60000 (20%)]	Loss: 0.254426
Train Epoch: 8 [6080/60000 (20%)]	Loss: 0.184425
Train Epoch: 8 [6400/60000 (21%)]	Loss: 0.099435
Train Epoch: 8 [6400/60000 (21%)]	Loss: 0.236679
Train Epoch: 8 [6720/60000 (22%)]	Loss: 0.276716
Train Epoch: 8 [6720/60000 (22%)]	Loss: 0.152414
Train Epoch: 8 [7040/60000 (23%)]	Loss: 0.296742
Train Epoch: 8 [7040/60000 (23%)]	Loss: 0.081907
Train Epoch: 8 [7360/60000 (25%)]	Loss: 0.145256
Train Epoch: 8 [7360/60000 (25%)]	Loss: 0.412440
Train Epoch: 8 [7680/60000 (26%)]	Loss: 0.253266
Train Epoch: 8 [7680/60000 (26%)]	Loss: 0.226079
Train Epoch: 8 [8000/60000 (27%)]	Loss: 0.372787
Train Epoch: 8 [8000/60000 (27%)]	Loss: 0.252812
Train Epoch: 8 [8320/60000 (28%)]	Loss: 0.041734
Train Epoch: 8 [8320/60000 (28%)]	Loss: 0.318896
Train Epoch: 8 [8640/60000 (29%)]	Loss: 0.242103
Train Epoch: 8 [8640/60000 (29%)]	Loss: 0.191349
Train Epoch: 8 [8960/60000 (30%)]	Loss: 0.322553
Train Epoch: 8 [8960/60000 (30%)]	Loss: 0.174292
Train Epoch: 8 [9280/60000 (31%)]	Loss: 0.169615
Train Epoch: 8 [9280/60000 (31%)]	Loss: 0.027351
Train Epoch: 8 [9600/60000 (32%)]	Loss: 0.225889
Train Epoch: 8 [9600/60000 (32%)]	Loss: 0.592560
Train Epoch: 8 [9920/60000 (33%)]	Loss: 0.052961
Train Epoch: 8 [9920/60000 (33%)]	Loss: 0.167451
Train Epoch: 8 [10240/60000 (34%)]	Loss: 0.150329
Train Epoch: 8 [10240/60000 (34%)]	Loss: 0.506573
Train Epoch: 8 [10560/60000 (35%)]	Loss: 0.083385
Train Epoch: 8 [10560/60000 (35%)]	Loss: 0.065889
Train Epoch: 8 [10880/60000 (36%)]	Loss: 0.159814
Train Epoch: 8 [10880/60000 (36%)]	Loss: 0.203926
Train Epoch: 8 [11200/60000 (37%)]	Loss: 0.089052
Train Epoch: 8 [11200/60000 (37%)]	Loss: 0.075480
Train Epoch: 8 [11520/60000 (38%)]	Loss: 0.152256
Train Epoch: 8 [11520/60000 (38%)]	Loss: 0.075541
Train Epoch: 8 [11840/60000 (39%)]	Loss: 0.511195
Train Epoch: 8 [11840/60000 (39%)]	Loss: 0.135632
Train Epoch: 8 [12160/60000 (41%)]	Loss: 0.052616
Train Epoch: 8 [12160/60000 (41%)]	Loss: 0.159928
Train Epoch: 8 [12480/60000 (42%)]	Loss: 0.149483
Train Epoch: 8 [12480/60000 (42%)]	Loss: 0.135845
Train Epoch: 8 [12800/60000 (43%)]	Loss: 0.034154
Train Epoch: 8 [12800/60000 (43%)]	Loss: 0.419748
Train Epoch: 8 [13120/60000 (44%)]	Loss: 0.156591
Train Epoch: 8 [13120/60000 (44%)]	Loss: 0.371080
Train Epoch: 8 [13440/60000 (45%)]	Loss: 0.207303
Train Epoch: 8 [13440/60000 (45%)]	Loss: 0.186600
Train Epoch: 8 [13760/60000 (46%)]	Loss: 0.076586
Train Epoch: 8 [13760/60000 (46%)]	Loss: 0.064653
Train Epoch: 8 [14080/60000 (47%)]	Loss: 0.092346
Train Epoch: 8 [14080/60000 (47%)]	Loss: 0.225987
Train Epoch: 8 [14400/60000 (48%)]	Loss: 0.349748
Train Epoch: 8 [14400/60000 (48%)]	Loss: 0.078567
Train Epoch: 8 [14720/60000 (49%)]	Loss: 0.117870
Train Epoch: 8 [14720/60000 (49%)]	Loss: 0.148558
Train Epoch: 8 [15040/60000 (50%)]	Loss: 0.036792
Train Epoch: 8 [15040/60000 (50%)]	Loss: 0.231110
Train Epoch: 8 [15360/60000 (51%)]	Loss: 0.200404
Train Epoch: 8 [15360/60000 (51%)]	Loss: 0.179868
Train Epoch: 8 [15680/60000 (52%)]	Loss: 0.266346
Train Epoch: 8 [15680/60000 (52%)]	Loss: 0.210344
Train Epoch: 8 [16000/60000 (53%)]	Loss: 0.082813
Train Epoch: 8 [16000/60000 (53%)]	Loss: 0.143632
Train Epoch: 8 [16320/60000 (54%)]	Loss: 0.098119
Train Epoch: 8 [16320/60000 (54%)]	Loss: 0.107952
Train Epoch: 8 [16640/60000 (55%)]	Loss: 0.111033
Train Epoch: 8 [16640/60000 (55%)]	Loss: 0.084773
Train Epoch: 8 [16960/60000 (57%)]	Loss: 0.163456
Train Epoch: 8 [16960/60000 (57%)]	Loss: 0.368914
Train Epoch: 8 [17280/60000 (58%)]	Loss: 0.240018
Train Epoch: 8 [17280/60000 (58%)]	Loss: 0.119541
Train Epoch: 8 [17600/60000 (59%)]	Loss: 0.244875
Train Epoch: 8 [17600/60000 (59%)]	Loss: 0.161701
Train Epoch: 8 [17920/60000 (60%)]	Loss: 0.149790
Train Epoch: 8 [17920/60000 (60%)]	Loss: 0.069698
Train Epoch: 8 [18240/60000 (61%)]	Loss: 0.552911
Train Epoch: 8 [18240/60000 (61%)]	Loss: 0.262264
Train Epoch: 8 [18560/60000 (62%)]	Loss: 0.180659
Train Epoch: 8 [18560/60000 (62%)]	Loss: 0.403503
Train Epoch: 8 [18880/60000 (63%)]	Loss: 0.081650
Train Epoch: 8 [18880/60000 (63%)]	Loss: 0.164023
Train Epoch: 8 [19200/60000 (64%)]	Loss: 0.178799
Train Epoch: 8 [19200/60000 (64%)]	Loss: 0.113692
Train Epoch: 8 [19520/60000 (65%)]	Loss: 0.093154
Train Epoch: 8 [19520/60000 (65%)]	Loss: 0.115867
Train Epoch: 8 [19840/60000 (66%)]	Loss: 0.284440
Train Epoch: 8 [19840/60000 (66%)]	Loss: 0.141098
Train Epoch: 8 [20160/60000 (67%)]	Loss: 0.146547
Train Epoch: 8 [20160/60000 (67%)]	Loss: 0.049351
Train Epoch: 8 [20480/60000 (68%)]	Loss: 0.333428
Train Epoch: 8 [20480/60000 (68%)]	Loss: 0.118831
Train Epoch: 8 [20800/60000 (69%)]	Loss: 0.080296
Train Epoch: 8 [20800/60000 (69%)]	Loss: 0.076529
Train Epoch: 8 [21120/60000 (70%)]	Loss: 0.171476
Train Epoch: 8 [21120/60000 (70%)]	Loss: 0.344492
Train Epoch: 8 [21440/60000 (71%)]	Loss: 0.109762
Train Epoch: 8 [21440/60000 (71%)]	Loss: 0.113319
Train Epoch: 8 [21760/60000 (72%)]	Loss: 0.276212
Train Epoch: 8 [21760/60000 (72%)]	Loss: 0.225908
Train Epoch: 8 [22080/60000 (74%)]	Loss: 0.133976
Train Epoch: 8 [22080/60000 (74%)]	Loss: 0.171420
Train Epoch: 8 [22400/60000 (75%)]	Loss: 0.092132
Train Epoch: 8 [22400/60000 (75%)]	Loss: 0.096663
Train Epoch: 8 [22720/60000 (76%)]	Loss: 0.072595
Train Epoch: 8 [22720/60000 (76%)]	Loss: 0.057565
Train Epoch: 8 [23040/60000 (77%)]	Loss: 0.357102
Train Epoch: 8 [23040/60000 (77%)]	Loss: 0.126278
Train Epoch: 8 [23360/60000 (78%)]	Loss: 0.188509
Train Epoch: 8 [23360/60000 (78%)]	Loss: 0.327799
Train Epoch: 8 [23680/60000 (79%)]	Loss: 0.173988
Train Epoch: 8 [23680/60000 (79%)]	Loss: 0.079559
Train Epoch: 8 [24000/60000 (80%)]	Loss: 0.149045
Train Epoch: 8 [24000/60000 (80%)]	Loss: 0.084388
Train Epoch: 8 [24320/60000 (81%)]	Loss: 0.083200
Train Epoch: 8 [24320/60000 (81%)]	Loss: 0.152776
Train Epoch: 8 [24640/60000 (82%)]	Loss: 0.339826
Train Epoch: 8 [24640/60000 (82%)]	Loss: 0.206765
Train Epoch: 8 [24960/60000 (83%)]	Loss: 0.210600
Train Epoch: 8 [24960/60000 (83%)]	Loss: 0.023570
Train Epoch: 8 [25280/60000 (84%)]	Loss: 0.605068
Train Epoch: 8 [25280/60000 (84%)]	Loss: 0.405443
Train Epoch: 8 [25600/60000 (85%)]	Loss: 0.257655
Train Epoch: 8 [25600/60000 (85%)]	Loss: 0.132220
Train Epoch: 8 [25920/60000 (86%)]	Loss: 0.075170
Train Epoch: 8 [25920/60000 (86%)]	Loss: 0.071305
Train Epoch: 8 [26240/60000 (87%)]	Loss: 0.363841
Train Epoch: 8 [26240/60000 (87%)]	Loss: 0.131073
Train Epoch: 8 [26560/60000 (88%)]	Loss: 0.101265
Train Epoch: 8 [26560/60000 (88%)]	Loss: 0.091389
Train Epoch: 8 [26880/60000 (90%)]	Loss: 0.105990
Train Epoch: 8 [26880/60000 (90%)]	Loss: 0.142068
Train Epoch: 8 [27200/60000 (91%)]	Loss: 0.217486
Train Epoch: 8 [27200/60000 (91%)]	Loss: 0.478686
Train Epoch: 8 [27520/60000 (92%)]	Loss: 0.155230
Train Epoch: 8 [27520/60000 (92%)]	Loss: 0.227720
Train Epoch: 8 [27840/60000 (93%)]	Loss: 0.119779
Train Epoch: 8 [27840/60000 (93%)]	Loss: 0.210107
Train Epoch: 8 [28160/60000 (94%)]	Loss: 0.267969
Train Epoch: 8 [28160/60000 (94%)]	Loss: 0.187689
Train Epoch: 8 [28480/60000 (95%)]	Loss: 0.020529
Train Epoch: 8 [28480/60000 (95%)]	Loss: 0.380263
Train Epoch: 8 [28800/60000 (96%)]	Loss: 0.271140
Train Epoch: 8 [28800/60000 (96%)]	Loss: 0.186041
Train Epoch: 8 [29120/60000 (97%)]	Loss: 0.332015
Train Epoch: 8 [29120/60000 (97%)]	Loss: 0.298177
Train Epoch: 8 [29440/60000 (98%)]	Loss: 0.339833
Train Epoch: 8 [29440/60000 (98%)]	Loss: 0.100103
Train Epoch: 8 [29760/60000 (99%)]	Loss: 0.048371
Train Epoch: 8 [29760/60000 (99%)]	Loss: 0.066156

Test set: Average loss: 0.0565, Accuracy: 9841/10000 (98%)


Test set: Average loss: 0.0565, Accuracy: 9841/10000 (98%)

Train Epoch: 9 [0/60000 (0%)]	Loss: 0.321657
Train Epoch: 9 [0/60000 (0%)]	Loss: 0.806502
Train Epoch: 9 [320/60000 (1%)]	Loss: 0.207621
Train Epoch: 9 [320/60000 (1%)]	Loss: 0.193040
Train Epoch: 9 [640/60000 (2%)]	Loss: 0.173066
Train Epoch: 9 [640/60000 (2%)]	Loss: 0.295341
Train Epoch: 9 [960/60000 (3%)]	Loss: 0.030050
Train Epoch: 9 [960/60000 (3%)]	Loss: 0.380873
Train Epoch: 9 [1280/60000 (4%)]	Loss: 0.544847
Train Epoch: 9 [1280/60000 (4%)]	Loss: 0.213357
Train Epoch: 9 [1600/60000 (5%)]	Loss: 0.261260
Train Epoch: 9 [1600/60000 (5%)]	Loss: 0.059958
Train Epoch: 9 [1920/60000 (6%)]	Loss: 0.179447
Train Epoch: 9 [1920/60000 (6%)]	Loss: 0.086836
Train Epoch: 9 [2240/60000 (7%)]	Loss: 0.053291
Train Epoch: 9 [2240/60000 (7%)]	Loss: 0.067514
Train Epoch: 9 [2560/60000 (9%)]	Loss: 0.212484
Train Epoch: 9 [2560/60000 (9%)]	Loss: 0.259849
Train Epoch: 9 [2880/60000 (10%)]	Loss: 0.108113
Train Epoch: 9 [2880/60000 (10%)]	Loss: 0.162376
Train Epoch: 9 [3200/60000 (11%)]	Loss: 0.164062
Train Epoch: 9 [3200/60000 (11%)]	Loss: 0.081766
Train Epoch: 9 [3520/60000 (12%)]	Loss: 0.219015
Train Epoch: 9 [3520/60000 (12%)]	Loss: 0.114495
Train Epoch: 9 [3840/60000 (13%)]	Loss: 0.214430
Train Epoch: 9 [3840/60000 (13%)]	Loss: 0.100770
Train Epoch: 9 [4160/60000 (14%)]	Loss: 0.331745
Train Epoch: 9 [4160/60000 (14%)]	Loss: 0.310043
Train Epoch: 9 [4480/60000 (15%)]	Loss: 0.181558
Train Epoch: 9 [4480/60000 (15%)]	Loss: 0.062937
Train Epoch: 9 [4800/60000 (16%)]	Loss: 0.242852
Train Epoch: 9 [4800/60000 (16%)]	Loss: 0.203116
Train Epoch: 9 [5120/60000 (17%)]	Loss: 0.058456
Train Epoch: 9 [5120/60000 (17%)]	Loss: 0.101052
Train Epoch: 9 [5440/60000 (18%)]	Loss: 0.087765
Train Epoch: 9 [5440/60000 (18%)]	Loss: 0.219140
Train Epoch: 9 [5760/60000 (19%)]	Loss: 0.096770
Train Epoch: 9 [5760/60000 (19%)]	Loss: 0.080683
Train Epoch: 9 [6080/60000 (20%)]	Loss: 0.276831
Train Epoch: 9 [6080/60000 (20%)]	Loss: 0.135047
Train Epoch: 9 [6400/60000 (21%)]	Loss: 0.151066
Train Epoch: 9 [6400/60000 (21%)]	Loss: 0.153271
Train Epoch: 9 [6720/60000 (22%)]	Loss: 0.428526
Train Epoch: 9 [6720/60000 (22%)]	Loss: 0.144341
Train Epoch: 9 [7040/60000 (23%)]	Loss: 0.175275
Train Epoch: 9 [7040/60000 (23%)]	Loss: 0.175681
Train Epoch: 9 [7360/60000 (25%)]	Loss: 0.093955
Train Epoch: 9 [7360/60000 (25%)]	Loss: 0.507338
Train Epoch: 9 [7680/60000 (26%)]	Loss: 0.091992
Train Epoch: 9 [7680/60000 (26%)]	Loss: 0.150498
Train Epoch: 9 [8000/60000 (27%)]	Loss: 0.378302
Train Epoch: 9 [8000/60000 (27%)]	Loss: 0.079451
Train Epoch: 9 [8320/60000 (28%)]	Loss: 0.095022
Train Epoch: 9 [8320/60000 (28%)]	Loss: 0.156356
Train Epoch: 9 [8640/60000 (29%)]	Loss: 0.309210
Train Epoch: 9 [8640/60000 (29%)]	Loss: 0.182431
Train Epoch: 9 [8960/60000 (30%)]	Loss: 0.100628
Train Epoch: 9 [8960/60000 (30%)]	Loss: 0.063584
Train Epoch: 9 [9280/60000 (31%)]	Loss: 0.095602
Train Epoch: 9 [9280/60000 (31%)]	Loss: 0.106124
Train Epoch: 9 [9600/60000 (32%)]	Loss: 0.051481
Train Epoch: 9 [9600/60000 (32%)]	Loss: 0.302099
Train Epoch: 9 [9920/60000 (33%)]	Loss: 0.134050
Train Epoch: 9 [9920/60000 (33%)]	Loss: 0.169731
Train Epoch: 9 [10240/60000 (34%)]	Loss: 0.105505
Train Epoch: 9 [10240/60000 (34%)]	Loss: 0.571539
Train Epoch: 9 [10560/60000 (35%)]	Loss: 0.133986
Train Epoch: 9 [10560/60000 (35%)]	Loss: 0.136895
Train Epoch: 9 [10880/60000 (36%)]	Loss: 0.132652
Train Epoch: 9 [10880/60000 (36%)]	Loss: 0.554828
Train Epoch: 9 [11200/60000 (37%)]	Loss: 0.118999
Train Epoch: 9 [11200/60000 (37%)]	Loss: 0.195692
Train Epoch: 9 [11520/60000 (38%)]	Loss: 0.100981
Train Epoch: 9 [11520/60000 (38%)]	Loss: 0.063232
Train Epoch: 9 [11840/60000 (39%)]	Loss: 0.590146
Train Epoch: 9 [11840/60000 (39%)]	Loss: 0.028924
Train Epoch: 9 [12160/60000 (41%)]	Loss: 0.072814
Train Epoch: 9 [12160/60000 (41%)]	Loss: 0.099752
Train Epoch: 9 [12480/60000 (42%)]	Loss: 0.239414
Train Epoch: 9 [12480/60000 (42%)]	Loss: 0.152634
Train Epoch: 9 [12800/60000 (43%)]	Loss: 0.141996
Train Epoch: 9 [12800/60000 (43%)]	Loss: 0.382618
Train Epoch: 9 [13120/60000 (44%)]	Loss: 0.081188
Train Epoch: 9 [13120/60000 (44%)]	Loss: 0.284614
Train Epoch: 9 [13440/60000 (45%)]	Loss: 0.087574
Train Epoch: 9 [13440/60000 (45%)]	Loss: 0.192916
Train Epoch: 9 [13760/60000 (46%)]	Loss: 0.055310
Train Epoch: 9 [13760/60000 (46%)]	Loss: 0.032344
Train Epoch: 9 [14080/60000 (47%)]	Loss: 0.039514
Train Epoch: 9 [14080/60000 (47%)]	Loss: 0.301189
Train Epoch: 9 [14400/60000 (48%)]	Loss: 0.460920
Train Epoch: 9 [14400/60000 (48%)]	Loss: 0.123555
Train Epoch: 9 [14720/60000 (49%)]	Loss: 0.103544
Train Epoch: 9 [14720/60000 (49%)]	Loss: 0.317288
Train Epoch: 9 [15040/60000 (50%)]	Loss: 0.058634
Train Epoch: 9 [15040/60000 (50%)]	Loss: 0.061982
Train Epoch: 9 [15360/60000 (51%)]	Loss: 0.249116
Train Epoch: 9 [15360/60000 (51%)]	Loss: 0.049157
Train Epoch: 9 [15680/60000 (52%)]	Loss: 0.550192
Train Epoch: 9 [15680/60000 (52%)]	Loss: 0.184239
Train Epoch: 9 [16000/60000 (53%)]	Loss: 0.200857
Train Epoch: 9 [16000/60000 (53%)]	Loss: 0.144963
Train Epoch: 9 [16320/60000 (54%)]	Loss: 0.033383
Train Epoch: 9 [16320/60000 (54%)]	Loss: 0.221748
Train Epoch: 9 [16640/60000 (55%)]	Loss: 0.058638
Train Epoch: 9 [16640/60000 (55%)]	Loss: 0.100698
Train Epoch: 9 [16960/60000 (57%)]	Loss: 0.067762
Train Epoch: 9 [16960/60000 (57%)]	Loss: 0.171267
Train Epoch: 9 [17280/60000 (58%)]	Loss: 0.051023
Train Epoch: 9 [17280/60000 (58%)]	Loss: 0.093332
Train Epoch: 9 [17600/60000 (59%)]	Loss: 0.354382
Train Epoch: 9 [17600/60000 (59%)]	Loss: 0.199849
Train Epoch: 9 [17920/60000 (60%)]	Loss: 0.193537
Train Epoch: 9 [17920/60000 (60%)]	Loss: 0.090283
Train Epoch: 9 [18240/60000 (61%)]	Loss: 0.271831
Train Epoch: 9 [18240/60000 (61%)]	Loss: 0.128068
Train Epoch: 9 [18560/60000 (62%)]	Loss: 0.176757
Train Epoch: 9 [18560/60000 (62%)]	Loss: 0.191048
Train Epoch: 9 [18880/60000 (63%)]	Loss: 0.079972
Train Epoch: 9 [18880/60000 (63%)]	Loss: 0.060758
Train Epoch: 9 [19200/60000 (64%)]	Loss: 0.224116
Train Epoch: 9 [19200/60000 (64%)]	Loss: 0.098439
Train Epoch: 9 [19520/60000 (65%)]	Loss: 0.037985
Train Epoch: 9 [19520/60000 (65%)]	Loss: 0.060888
Train Epoch: 9 [19840/60000 (66%)]	Loss: 0.516808
Train Epoch: 9 [19840/60000 (66%)]	Loss: 0.089259
Train Epoch: 9 [20160/60000 (67%)]	Loss: 0.305764
Train Epoch: 9 [20160/60000 (67%)]	Loss: 0.094069
Train Epoch: 9 [20480/60000 (68%)]	Loss: 0.221949
Train Epoch: 9 [20480/60000 (68%)]	Loss: 0.031354
Train Epoch: 9 [20800/60000 (69%)]	Loss: 0.151019
Train Epoch: 9 [20800/60000 (69%)]	Loss: 0.072291
Train Epoch: 9 [21120/60000 (70%)]	Loss: 0.191514
Train Epoch: 9 [21120/60000 (70%)]	Loss: 0.162442
Train Epoch: 9 [21440/60000 (71%)]	Loss: 0.413604
Train Epoch: 9 [21440/60000 (71%)]	Loss: 0.163176
Train Epoch: 9 [21760/60000 (72%)]	Loss: 0.097028
Train Epoch: 9 [21760/60000 (72%)]	Loss: 0.225693
Train Epoch: 9 [22080/60000 (74%)]	Loss: 0.198102
Train Epoch: 9 [22080/60000 (74%)]	Loss: 0.255873
Train Epoch: 9 [22400/60000 (75%)]	Loss: 0.194862
Train Epoch: 9 [22400/60000 (75%)]	Loss: 0.067584
Train Epoch: 9 [22720/60000 (76%)]	Loss: 0.050168
Train Epoch: 9 [22720/60000 (76%)]	Loss: 0.302591
Train Epoch: 9 [23040/60000 (77%)]	Loss: 0.417050
Train Epoch: 9 [23040/60000 (77%)]	Loss: 0.208490
Train Epoch: 9 [23360/60000 (78%)]	Loss: 0.172192
Train Epoch: 9 [23360/60000 (78%)]	Loss: 0.344523
Train Epoch: 9 [23680/60000 (79%)]	Loss: 0.097354
Train Epoch: 9 [23680/60000 (79%)]	Loss: 0.078307
Train Epoch: 9 [24000/60000 (80%)]	Loss: 0.285664
Train Epoch: 9 [24000/60000 (80%)]	Loss: 0.058115
Train Epoch: 9 [24320/60000 (81%)]	Loss: 0.299673
Train Epoch: 9 [24320/60000 (81%)]	Loss: 0.105228
Train Epoch: 9 [24640/60000 (82%)]	Loss: 0.580154
Train Epoch: 9 [24640/60000 (82%)]	Loss: 0.104186
Train Epoch: 9 [24960/60000 (83%)]	Loss: 0.118162
Train Epoch: 9 [24960/60000 (83%)]	Loss: 0.114830
Train Epoch: 9 [25280/60000 (84%)]	Loss: 0.246550
Train Epoch: 9 [25280/60000 (84%)]	Loss: 0.395323
Train Epoch: 9 [25600/60000 (85%)]	Loss: 0.134481
Train Epoch: 9 [25600/60000 (85%)]	Loss: 0.265798
Train Epoch: 9 [25920/60000 (86%)]	Loss: 0.144149
Train Epoch: 9 [25920/60000 (86%)]	Loss: 0.189647
Train Epoch: 9 [26240/60000 (87%)]	Loss: 0.318986
Train Epoch: 9 [26240/60000 (87%)]	Loss: 0.036056
Train Epoch: 9 [26560/60000 (88%)]	Loss: 0.088527
Train Epoch: 9 [26560/60000 (88%)]	Loss: 0.152833
Train Epoch: 9 [26880/60000 (90%)]	Loss: 0.081301
Train Epoch: 9 [26880/60000 (90%)]	Loss: 0.123721
Train Epoch: 9 [27200/60000 (91%)]	Loss: 0.173932
Train Epoch: 9 [27200/60000 (91%)]	Loss: 0.450534
Train Epoch: 9 [27520/60000 (92%)]	Loss: 0.470016
Train Epoch: 9 [27520/60000 (92%)]	Loss: 0.223032
Train Epoch: 9 [27840/60000 (93%)]	Loss: 0.039435
Train Epoch: 9 [27840/60000 (93%)]	Loss: 0.169889
Train Epoch: 9 [28160/60000 (94%)]	Loss: 0.437947
Train Epoch: 9 [28160/60000 (94%)]	Loss: 0.190379
Train Epoch: 9 [28480/60000 (95%)]	Loss: 0.027378
Train Epoch: 9 [28480/60000 (95%)]	Loss: 0.073786
Train Epoch: 9 [28800/60000 (96%)]	Loss: 0.237817
Train Epoch: 9 [28800/60000 (96%)]	Loss: 0.185199
Train Epoch: 9 [29120/60000 (97%)]	Loss: 0.132119
Train Epoch: 9 [29120/60000 (97%)]	Loss: 0.325682
Train Epoch: 9 [29440/60000 (98%)]	Loss: 0.604251
Train Epoch: 9 [29440/60000 (98%)]	Loss: 0.185626
Train Epoch: 9 [29760/60000 (99%)]	Loss: 0.096450
Train Epoch: 9 [29760/60000 (99%)]	Loss: 0.052231

Test set: Average loss: 0.0536, Accuracy: 9834/10000 (98%)


Test set: Average loss: 0.0536, Accuracy: 9834/10000 (98%)

Train Epoch: 10 [0/60000 (0%)]	Loss: 0.391779
Train Epoch: 10 [0/60000 (0%)]	Loss: 0.336421
Train Epoch: 10 [320/60000 (1%)]	Loss: 0.112223
Train Epoch: 10 [320/60000 (1%)]	Loss: 0.171506
Train Epoch: 10 [640/60000 (2%)]	Loss: 0.272210
Train Epoch: 10 [640/60000 (2%)]	Loss: 0.200009
Train Epoch: 10 [960/60000 (3%)]	Loss: 0.066073
Train Epoch: 10 [960/60000 (3%)]	Loss: 0.316573
Train Epoch: 10 [1280/60000 (4%)]	Loss: 0.201154
Train Epoch: 10 [1280/60000 (4%)]	Loss: 0.136500
Train Epoch: 10 [1600/60000 (5%)]	Loss: 0.258170
Train Epoch: 10 [1600/60000 (5%)]	Loss: 0.046420
Train Epoch: 10 [1920/60000 (6%)]	Loss: 0.227484
Train Epoch: 10 [1920/60000 (6%)]	Loss: 0.009289
Train Epoch: 10 [2240/60000 (7%)]	Loss: 0.165968
Train Epoch: 10 [2240/60000 (7%)]	Loss: 0.150197
Train Epoch: 10 [2560/60000 (9%)]	Loss: 0.120001
Train Epoch: 10 [2560/60000 (9%)]	Loss: 0.246483
Train Epoch: 10 [2880/60000 (10%)]	Loss: 0.207389
Train Epoch: 10 [2880/60000 (10%)]	Loss: 0.127477
Train Epoch: 10 [3200/60000 (11%)]	Loss: 0.340627
Train Epoch: 10 [3200/60000 (11%)]	Loss: 0.063744
Train Epoch: 10 [3520/60000 (12%)]	Loss: 0.340830
Train Epoch: 10 [3520/60000 (12%)]	Loss: 0.079106
Train Epoch: 10 [3840/60000 (13%)]	Loss: 0.112113
Train Epoch: 10 [3840/60000 (13%)]	Loss: 0.214007
Train Epoch: 10 [4160/60000 (14%)]	Loss: 0.432888
Train Epoch: 10 [4160/60000 (14%)]	Loss: 0.232125
Train Epoch: 10 [4480/60000 (15%)]	Loss: 0.113486
Train Epoch: 10 [4480/60000 (15%)]	Loss: 0.159713
Train Epoch: 10 [4800/60000 (16%)]	Loss: 0.236143
Train Epoch: 10 [4800/60000 (16%)]	Loss: 0.085711
Train Epoch: 10 [5120/60000 (17%)]	Loss: 0.169224
Train Epoch: 10 [5120/60000 (17%)]	Loss: 0.095399
Train Epoch: 10 [5440/60000 (18%)]	Loss: 0.046398
Train Epoch: 10 [5440/60000 (18%)]	Loss: 0.108015
Train Epoch: 10 [5760/60000 (19%)]	Loss: 0.122837
Train Epoch: 10 [5760/60000 (19%)]	Loss: 0.151905
Train Epoch: 10 [6080/60000 (20%)]	Loss: 0.317732
Train Epoch: 10 [6080/60000 (20%)]	Loss: 0.371715
Train Epoch: 10 [6400/60000 (21%)]	Loss: 0.051124
Train Epoch: 10 [6400/60000 (21%)]	Loss: 0.375623
Train Epoch: 10 [6720/60000 (22%)]	Loss: 0.366701
Train Epoch: 10 [6720/60000 (22%)]	Loss: 0.258719
Train Epoch: 10 [7040/60000 (23%)]	Loss: 0.150629
Train Epoch: 10 [7040/60000 (23%)]	Loss: 0.211816
Train Epoch: 10 [7360/60000 (25%)]	Loss: 0.101056
Train Epoch: 10 [7360/60000 (25%)]	Loss: 0.506986
Train Epoch: 10 [7680/60000 (26%)]	Loss: 0.173985
Train Epoch: 10 [7680/60000 (26%)]	Loss: 0.068775
Train Epoch: 10 [8000/60000 (27%)]	Loss: 0.217797
Train Epoch: 10 [8000/60000 (27%)]	Loss: 0.044081
Train Epoch: 10 [8320/60000 (28%)]	Loss: 0.126244
Train Epoch: 10 [8320/60000 (28%)]	Loss: 0.244997
Train Epoch: 10 [8640/60000 (29%)]	Loss: 0.119433
Train Epoch: 10 [8640/60000 (29%)]	Loss: 0.323820
Train Epoch: 10 [8960/60000 (30%)]	Loss: 0.051753
Train Epoch: 10 [8960/60000 (30%)]	Loss: 0.144370
Train Epoch: 10 [9280/60000 (31%)]	Loss: 0.127458
Train Epoch: 10 [9280/60000 (31%)]	Loss: 0.122780
Train Epoch: 10 [9600/60000 (32%)]	Loss: 0.234703
Train Epoch: 10 [9600/60000 (32%)]	Loss: 0.319910
Train Epoch: 10 [9920/60000 (33%)]	Loss: 0.124382
Train Epoch: 10 [9920/60000 (33%)]	Loss: 0.053944
Train Epoch: 10 [10240/60000 (34%)]	Loss: 0.080748
Train Epoch: 10 [10240/60000 (34%)]	Loss: 0.288013
Train Epoch: 10 [10560/60000 (35%)]	Loss: 0.094169
Train Epoch: 10 [10560/60000 (35%)]	Loss: 0.045580
Train Epoch: 10 [10880/60000 (36%)]	Loss: 0.237810
Train Epoch: 10 [10880/60000 (36%)]	Loss: 0.406780
Train Epoch: 10 [11200/60000 (37%)]	Loss: 0.215528
Train Epoch: 10 [11200/60000 (37%)]	Loss: 0.086538
Train Epoch: 10 [11520/60000 (38%)]	Loss: 0.098286
Train Epoch: 10 [11520/60000 (38%)]	Loss: 0.066575
Train Epoch: 10 [11840/60000 (39%)]	Loss: 0.269020
Train Epoch: 10 [11840/60000 (39%)]	Loss: 0.164514
Train Epoch: 10 [12160/60000 (41%)]	Loss: 0.172834
Train Epoch: 10 [12160/60000 (41%)]	Loss: 0.163397
Train Epoch: 10 [12480/60000 (42%)]	Loss: 0.048365
Train Epoch: 10 [12480/60000 (42%)]	Loss: 0.181200
Train Epoch: 10 [12800/60000 (43%)]	Loss: 0.176993
Train Epoch: 10 [12800/60000 (43%)]	Loss: 0.352302
Train Epoch: 10 [13120/60000 (44%)]	Loss: 0.136481
Train Epoch: 10 [13120/60000 (44%)]	Loss: 0.104742
Train Epoch: 10 [13440/60000 (45%)]	Loss: 0.075204
Train Epoch: 10 [13440/60000 (45%)]	Loss: 0.179882
Train Epoch: 10 [13760/60000 (46%)]	Loss: 0.193128
Train Epoch: 10 [13760/60000 (46%)]	Loss: 0.126400
Train Epoch: 10 [14080/60000 (47%)]	Loss: 0.050934
Train Epoch: 10 [14080/60000 (47%)]	Loss: 0.288009
Train Epoch: 10 [14400/60000 (48%)]	Loss: 0.332204
Train Epoch: 10 [14400/60000 (48%)]	Loss: 0.150918
Train Epoch: 10 [14720/60000 (49%)]	Loss: 0.079226
Train Epoch: 10 [14720/60000 (49%)]	Loss: 0.104564
Train Epoch: 10 [15040/60000 (50%)]	Loss: 0.058888
Train Epoch: 10 [15040/60000 (50%)]	Loss: 0.118809
Train Epoch: 10 [15360/60000 (51%)]	Loss: 0.156386
Train Epoch: 10 [15360/60000 (51%)]	Loss: 0.085425
Train Epoch: 10 [15680/60000 (52%)]	Loss: 0.272017
Train Epoch: 10 [15680/60000 (52%)]	Loss: 0.083087
Train Epoch: 10 [16000/60000 (53%)]	Loss: 0.118091
Train Epoch: 10 [16000/60000 (53%)]	Loss: 0.032723
Train Epoch: 10 [16320/60000 (54%)]	Loss: 0.066951
Train Epoch: 10 [16320/60000 (54%)]	Loss: 0.152635
Train Epoch: 10 [16640/60000 (55%)]	Loss: 0.096584
Train Epoch: 10 [16640/60000 (55%)]	Loss: 0.078621
Train Epoch: 10 [16960/60000 (57%)]	Loss: 0.229809
Train Epoch: 10 [16960/60000 (57%)]	Loss: 0.273258
Train Epoch: 10 [17280/60000 (58%)]	Loss: 0.166292
Train Epoch: 10 [17280/60000 (58%)]	Loss: 0.099826
Train Epoch: 10 [17600/60000 (59%)]	Loss: 0.185289
Train Epoch: 10 [17600/60000 (59%)]	Loss: 0.207486
Train Epoch: 10 [17920/60000 (60%)]	Loss: 0.052033
Train Epoch: 10 [17920/60000 (60%)]	Loss: 0.051123
Train Epoch: 10 [18240/60000 (61%)]	Loss: 0.363552
Train Epoch: 10 [18240/60000 (61%)]	Loss: 0.300666
Train Epoch: 10 [18560/60000 (62%)]	Loss: 0.231020
Train Epoch: 10 [18560/60000 (62%)]	Loss: 0.349797
Train Epoch: 10 [18880/60000 (63%)]	Loss: 0.088937
Train Epoch: 10 [18880/60000 (63%)]	Loss: 0.159547
Train Epoch: 10 [19200/60000 (64%)]	Loss: 0.128832
Train Epoch: 10 [19200/60000 (64%)]	Loss: 0.094931
Train Epoch: 10 [19520/60000 (65%)]	Loss: 0.317423
Train Epoch: 10 [19520/60000 (65%)]	Loss: 0.092334
Train Epoch: 10 [19840/60000 (66%)]	Loss: 0.315325
Train Epoch: 10 [19840/60000 (66%)]	Loss: 0.121678
Train Epoch: 10 [20160/60000 (67%)]	Loss: 0.257031
Train Epoch: 10 [20160/60000 (67%)]	Loss: 0.014308
Train Epoch: 10 [20480/60000 (68%)]	Loss: 0.372226
Train Epoch: 10 [20480/60000 (68%)]	Loss: 0.157447
Train Epoch: 10 [20800/60000 (69%)]	Loss: 0.197397
Train Epoch: 10 [20800/60000 (69%)]	Loss: 0.075782
Train Epoch: 10 [21120/60000 (70%)]	Loss: 0.213010
Train Epoch: 10 [21120/60000 (70%)]	Loss: 0.204871
Train Epoch: 10 [21440/60000 (71%)]	Loss: 0.238275
Train Epoch: 10 [21440/60000 (71%)]	Loss: 0.185829
Train Epoch: 10 [21760/60000 (72%)]	Loss: 0.085290
Train Epoch: 10 [21760/60000 (72%)]	Loss: 0.256784
Train Epoch: 10 [22080/60000 (74%)]	Loss: 0.026124
Train Epoch: 10 [22080/60000 (74%)]	Loss: 0.224063
Train Epoch: 10 [22400/60000 (75%)]	Loss: 0.368707
Train Epoch: 10 [22400/60000 (75%)]	Loss: 0.063870
Train Epoch: 10 [22720/60000 (76%)]	Loss: 0.062593
Train Epoch: 10 [22720/60000 (76%)]	Loss: 0.171010
Train Epoch: 10 [23040/60000 (77%)]	Loss: 0.155886
Train Epoch: 10 [23040/60000 (77%)]	Loss: 0.044769
Train Epoch: 10 [23360/60000 (78%)]	Loss: 0.102197
Train Epoch: 10 [23360/60000 (78%)]	Loss: 0.336250
Train Epoch: 10 [23680/60000 (79%)]	Loss: 0.074081
Train Epoch: 10 [23680/60000 (79%)]	Loss: 0.151548
Train Epoch: 10 [24000/60000 (80%)]	Loss: 0.146411
Train Epoch: 10 [24000/60000 (80%)]	Loss: 0.169328
Train Epoch: 10 [24320/60000 (81%)]	Loss: 0.168200
Train Epoch: 10 [24320/60000 (81%)]	Loss: 0.046422
Train Epoch: 10 [24640/60000 (82%)]	Loss: 0.116369
Train Epoch: 10 [24640/60000 (82%)]	Loss: 0.301246
Train Epoch: 10 [24960/60000 (83%)]	Loss: 0.057370
Train Epoch: 10 [24960/60000 (83%)]	Loss: 0.180030
Train Epoch: 10 [25280/60000 (84%)]	Loss: 0.454999
Train Epoch: 10 [25280/60000 (84%)]	Loss: 0.258247
Train Epoch: 10 [25600/60000 (85%)]	Loss: 0.086158
Train Epoch: 10 [25600/60000 (85%)]	Loss: 0.328915
Train Epoch: 10 [25920/60000 (86%)]	Loss: 0.048971
Train Epoch: 10 [25920/60000 (86%)]	Loss: 0.114733
Train Epoch: 10 [26240/60000 (87%)]	Loss: 0.502068
Train Epoch: 10 [26240/60000 (87%)]	Loss: 0.105929
Train Epoch: 10 [26560/60000 (88%)]	Loss: 0.100424
Train Epoch: 10 [26560/60000 (88%)]	Loss: 0.106834
Train Epoch: 10 [26880/60000 (90%)]	Loss: 0.079120
Train Epoch: 10 [26880/60000 (90%)]	Loss: 0.145035
Train Epoch: 10 [27200/60000 (91%)]	Loss: 0.161846
Train Epoch: 10 [27200/60000 (91%)]	Loss: 0.357997
Train Epoch: 10 [27520/60000 (92%)]	Loss: 0.033115
Train Epoch: 10 [27520/60000 (92%)]	Loss: 0.139695
Train Epoch: 10 [27840/60000 (93%)]	Loss: 0.104782
Train Epoch: 10 [27840/60000 (93%)]	Loss: 0.037264
Train Epoch: 10 [28160/60000 (94%)]	Loss: 0.444258
Train Epoch: 10 [28160/60000 (94%)]	Loss: 0.343649
Train Epoch: 10 [28480/60000 (95%)]	Loss: 0.062670
Train Epoch: 10 [28480/60000 (95%)]	Loss: 0.094679
Train Epoch: 10 [28800/60000 (96%)]	Loss: 0.078618
Train Epoch: 10 [28800/60000 (96%)]	Loss: 0.156135
Train Epoch: 10 [29120/60000 (97%)]	Loss: 0.081308
Train Epoch: 10 [29120/60000 (97%)]	Loss: 0.382808
Train Epoch: 10 [29440/60000 (98%)]	Loss: 0.537802
Train Epoch: 10 [29440/60000 (98%)]	Loss: 0.151965
Train Epoch: 10 [29760/60000 (99%)]	Loss: 0.092946
Train Epoch: 10 [29760/60000 (99%)]	Loss: 0.043871

Test set: Average loss: 0.0535, Accuracy: 9842/10000 (98%)

total time = 72.4393 s

Test set: Average loss: 0.0535, Accuracy: 9842/10000 (98%)

total time = 72.5160 s
